[0.006s] Invoking command in '/workspace/ros2_ws/src/build/crane_x7_control': AMENT_PREFIX_PATH=/workspace/ros2_ws/src/install/crane_x7_description:${AMENT_PREFIX_PATH} CMAKE_PREFIX_PATH=/workspace/ros2_ws/src/install/crane_x7_description:/workspace/ros2_ws/install/crane_x7:/workspace/ros2_ws/install/crane_x7_examples:/workspace/ros2_ws/install/crane_x7_moveit_config:/workspace/ros2_ws/install/crane_x7_gazebo:/workspace/ros2_ws/install/crane_x7_control:/workspace/ros2_ws/install/crane_x7_description:/opt/ros/humble PYTHONPATH=/workspace/ros2_ws/src/install/crane_x7_description/local/lib/python3.10/dist-packages:${PYTHONPATH} /usr/bin/cmake /workspace/ros2_ws/src/crane_x7_ros/crane_x7_control -DAMENT_CMAKE_SYMLINK_INSTALL=1 -DCMAKE_INSTALL_PREFIX=/workspace/ros2_ws/src/install/crane_x7_control
[0.035s] -- The C compiler identification is GNU 11.4.0
[0.069s] -- The CXX compiler identification is GNU 11.4.0
[0.073s] -- Detecting C compiler ABI info
[0.108s] -- Detecting C compiler ABI info - done
[0.113s] -- Check for working C compiler: /usr/bin/cc - skipped
[0.113s] -- Detecting C compile features
[0.113s] -- Detecting C compile features - done
[0.114s] -- Detecting CXX compiler ABI info
[0.156s] -- Detecting CXX compiler ABI info - done
[0.161s] -- Check for working CXX compiler: /usr/bin/c++ - skipped
[0.161s] -- Detecting CXX compile features
[0.161s] -- Detecting CXX compile features - done
[0.163s] -- Found ament_cmake: 1.3.11 (/opt/ros/humble/share/ament_cmake/cmake)
[0.236s] -- Found Python3: /usr/bin/python3 (found version "3.10.12") found components: Interpreter 
[0.273s] -- Override CMake install command with custom implementation using symlinks instead of copying resources
[0.294s] -- Found hardware_interface: 2.51.0 (/opt/ros/humble/share/hardware_interface/cmake)
[0.326s] -- Found rosidl_generator_c: 3.1.6 (/opt/ros/humble/share/rosidl_generator_c/cmake)
[0.330s] -- Found rosidl_adapter: 3.1.6 (/opt/ros/humble/share/rosidl_adapter/cmake)
[0.337s] -- Found rosidl_generator_cpp: 3.1.6 (/opt/ros/humble/share/rosidl_generator_cpp/cmake)
[0.347s] -- Using all available rosidl_typesupport_c: rosidl_typesupport_fastrtps_c;rosidl_typesupport_introspection_c
[0.360s] -- Using all available rosidl_typesupport_cpp: rosidl_typesupport_fastrtps_cpp;rosidl_typesupport_introspection_cpp
[0.525s] -- Found rmw_implementation_cmake: 6.1.2 (/opt/ros/humble/share/rmw_implementation_cmake/cmake)
[0.528s] -- Found rmw_fastrtps_cpp: 6.2.7 (/opt/ros/humble/share/rmw_fastrtps_cpp/cmake)
[0.549s] -- Found TinyXML2 via Config file: TinyXML2_DIR-NOTFOUND
[0.575s] -- Found OpenSSL: /usr/lib/x86_64-linux-gnu/libcrypto.so (found version "3.0.2")  
[0.577s] -- Found TinyXML2 via Config file: TinyXML2_DIR-NOTFOUND
[0.585s] -- Found FastRTPS: /opt/ros/humble/include  
[0.587s] -- Found TinyXML2 via Config file: TinyXML2_DIR-NOTFOUND
[0.592s] -- Found TinyXML2 via Config file: TinyXML2_DIR-NOTFOUND
[0.597s] -- Using RMW implementation 'rmw_fastrtps_cpp' as default
[0.605s] -- Looking for pthread.h
[0.666s] -- Looking for pthread.h - found
[0.666s] -- Performing Test CMAKE_HAVE_LIBC_PTHREAD
[0.717s] -- Performing Test CMAKE_HAVE_LIBC_PTHREAD - Success
[0.718s] -- Found Threads: TRUE  
[0.759s] -- Found rt_manipulators_cpp: 1.0.0 (/opt/ros/humble/share/rt_manipulators_cpp/cmake)
[0.779s] -- Found ament_lint_auto: 0.12.12 (/opt/ros/humble/share/ament_lint_auto/cmake)
[0.831s] -- Added test 'copyright' to check source files copyright and LICENSE
[0.832s] -- Added test 'cppcheck' to perform static code analysis on C / C++ code
[0.832s] -- Configured cppcheck include dirs: /workspace/ros2_ws/src/crane_x7_ros/crane_x7_control/include
[0.832s] -- Configured cppcheck exclude dirs and/or files: 
[0.833s] -- Added test 'cpplint' to check C / C++ code against the Google style
[0.833s] -- Configured cpplint exclude dirs and/or files: 
[0.833s] -- Added test 'flake8' to check Python code syntax and style conventions
[0.833s] -- Added test 'lint_cmake' to check CMake code style
[0.834s] -- Added test 'pep257' to check Python code against some of the docstring style conventions in PEP 257
[0.834s] -- Added test 'uncrustify' to check C / C++ code style
[0.834s] -- Configured uncrustify additional arguments: 
[0.834s] -- Added test 'xmllint' to check XML markup files
[0.837s] -- Configuring done
[0.851s] -- Generating done
[0.854s] -- Build files have been written to: /workspace/ros2_ws/src/build/crane_x7_control
[0.862s] Invoked command in '/workspace/ros2_ws/src/build/crane_x7_control' returned '0': AMENT_PREFIX_PATH=/workspace/ros2_ws/src/install/crane_x7_description:${AMENT_PREFIX_PATH} CMAKE_PREFIX_PATH=/workspace/ros2_ws/src/install/crane_x7_description:/workspace/ros2_ws/install/crane_x7:/workspace/ros2_ws/install/crane_x7_examples:/workspace/ros2_ws/install/crane_x7_moveit_config:/workspace/ros2_ws/install/crane_x7_gazebo:/workspace/ros2_ws/install/crane_x7_control:/workspace/ros2_ws/install/crane_x7_description:/opt/ros/humble PYTHONPATH=/workspace/ros2_ws/src/install/crane_x7_description/local/lib/python3.10/dist-packages:${PYTHONPATH} /usr/bin/cmake /workspace/ros2_ws/src/crane_x7_ros/crane_x7_control -DAMENT_CMAKE_SYMLINK_INSTALL=1 -DCMAKE_INSTALL_PREFIX=/workspace/ros2_ws/src/install/crane_x7_control
[0.862s] Invoking command in '/workspace/ros2_ws/src/build/crane_x7_control': AMENT_PREFIX_PATH=/workspace/ros2_ws/src/install/crane_x7_description:${AMENT_PREFIX_PATH} CMAKE_PREFIX_PATH=/workspace/ros2_ws/src/install/crane_x7_description:/workspace/ros2_ws/install/crane_x7:/workspace/ros2_ws/install/crane_x7_examples:/workspace/ros2_ws/install/crane_x7_moveit_config:/workspace/ros2_ws/install/crane_x7_gazebo:/workspace/ros2_ws/install/crane_x7_control:/workspace/ros2_ws/install/crane_x7_description:/opt/ros/humble PYTHONPATH=/workspace/ros2_ws/src/install/crane_x7_description/local/lib/python3.10/dist-packages:${PYTHONPATH} /usr/bin/cmake --build /workspace/ros2_ws/src/build/crane_x7_control -- -j16 -l16
[0.891s] [ 50%] [32mBuilding CXX object CMakeFiles/crane_x7_hardware.dir/src/crane_x7_hardware.cpp.o[0m
[2.991s] [100%] [32m[1mLinking CXX shared library libcrane_x7_hardware.so[0m
[3.091s] [100%] Built target crane_x7_hardware
[3.096s] Invoked command in '/workspace/ros2_ws/src/build/crane_x7_control' returned '0': AMENT_PREFIX_PATH=/workspace/ros2_ws/src/install/crane_x7_description:${AMENT_PREFIX_PATH} CMAKE_PREFIX_PATH=/workspace/ros2_ws/src/install/crane_x7_description:/workspace/ros2_ws/install/crane_x7:/workspace/ros2_ws/install/crane_x7_examples:/workspace/ros2_ws/install/crane_x7_moveit_config:/workspace/ros2_ws/install/crane_x7_gazebo:/workspace/ros2_ws/install/crane_x7_control:/workspace/ros2_ws/install/crane_x7_description:/opt/ros/humble PYTHONPATH=/workspace/ros2_ws/src/install/crane_x7_description/local/lib/python3.10/dist-packages:${PYTHONPATH} /usr/bin/cmake --build /workspace/ros2_ws/src/build/crane_x7_control -- -j16 -l16
[3.097s] Invoking command in '/workspace/ros2_ws/src/build/crane_x7_control': AMENT_PREFIX_PATH=/workspace/ros2_ws/src/install/crane_x7_description:${AMENT_PREFIX_PATH} CMAKE_PREFIX_PATH=/workspace/ros2_ws/src/install/crane_x7_description:/workspace/ros2_ws/install/crane_x7:/workspace/ros2_ws/install/crane_x7_examples:/workspace/ros2_ws/install/crane_x7_moveit_config:/workspace/ros2_ws/install/crane_x7_gazebo:/workspace/ros2_ws/install/crane_x7_control:/workspace/ros2_ws/install/crane_x7_description:/opt/ros/humble PYTHONPATH=/workspace/ros2_ws/src/install/crane_x7_description/local/lib/python3.10/dist-packages:${PYTHONPATH} /usr/bin/cmake --install /workspace/ros2_ws/src/build/crane_x7_control
[3.100s] -- Install configuration: ""
[3.100s] -- Execute custom install script
[3.100s] -- Symlinking: /workspace/ros2_ws/src/install/crane_x7_control/share/crane_x7_control//crane_x7_hardware.xml
[3.104s] -- Symlinking: /workspace/ros2_ws/src/install/crane_x7_control/lib/libcrane_x7_hardware.so
[3.108s] -- Symlinking: /workspace/ros2_ws/src/install/crane_x7_control/include/crane_x7_control/crane_x7_hardware.hpp
[3.116s] -- Symlinking: /workspace/ros2_ws/src/install/crane_x7_control/include/crane_x7_control/visibility_control.h
[3.126s] -- Symlinking: /workspace/ros2_ws/src/install/crane_x7_control/share/crane_x7_control//launch/crane_x7_control.launch.py
[3.134s] -- Symlinking: /workspace/ros2_ws/src/install/crane_x7_control/share/crane_x7_control//config/crane_x7_controllers.yaml
[3.137s] -- Symlinking: /workspace/ros2_ws/src/install/crane_x7_control/share/crane_x7_control//config/manipulator_config.yaml
[3.146s] -- Symlinking: /workspace/ros2_ws/src/install/crane_x7_control/share/crane_x7_control//config/manipulator_links.csv
[3.155s] -- Symlinking: /workspace/ros2_ws/src/install/crane_x7_control/share/crane_x7_control/environment/library_path.sh
[3.163s] -- Symlinking: /workspace/ros2_ws/src/install/crane_x7_control/share/crane_x7_control/environment/library_path.dsv
[3.170s] -- Symlinking: /workspace/ros2_ws/src/install/crane_x7_control/share/ament_index/resource_index/package_run_dependencies/crane_x7_control
[3.174s] -- Symlinking: /workspace/ros2_ws/src/install/crane_x7_control/share/ament_index/resource_index/parent_prefix_path/crane_x7_control
[3.178s] -- Symlinking: /workspace/ros2_ws/src/install/crane_x7_control/share/crane_x7_control/environment/ament_prefix_path.sh
[3.183s] -- Symlinking: /workspace/ros2_ws/src/install/crane_x7_control/share/crane_x7_control/environment/ament_prefix_path.dsv
[3.188s] -- Symlinking: /workspace/ros2_ws/src/install/crane_x7_control/share/crane_x7_control/environment/path.sh
[3.192s] -- Symlinking: /workspace/ros2_ws/src/install/crane_x7_control/share/crane_x7_control/environment/path.dsv
[3.197s] -- Symlinking: /workspace/ros2_ws/src/install/crane_x7_control/share/crane_x7_control/local_setup.bash
[3.201s] -- Symlinking: /workspace/ros2_ws/src/install/crane_x7_control/share/crane_x7_control/local_setup.sh
[3.206s] -- Symlinking: /workspace/ros2_ws/src/install/crane_x7_control/share/crane_x7_control/local_setup.zsh
[3.210s] -- Symlinking: /workspace/ros2_ws/src/install/crane_x7_control/share/crane_x7_control/local_setup.dsv
[3.215s] -- Symlinking: /workspace/ros2_ws/src/install/crane_x7_control/share/crane_x7_control/package.dsv
[3.220s] -- Symlinking: /workspace/ros2_ws/src/install/crane_x7_control/share/ament_index/resource_index/packages/crane_x7_control
[3.227s] -- Symlinking: /workspace/ros2_ws/src/install/crane_x7_control/share/ament_index/resource_index/hardware_interface__pluginlib__plugin/crane_x7_control
[3.236s] -- Symlinking: /workspace/ros2_ws/src/install/crane_x7_control/share/crane_x7_control/cmake/ament_cmake_export_include_directories-extras.cmake
[3.245s] -- Symlinking: /workspace/ros2_ws/src/install/crane_x7_control/share/crane_x7_control/cmake/ament_cmake_export_libraries-extras.cmake
[3.256s] -- Symlinking: /workspace/ros2_ws/src/install/crane_x7_control/share/crane_x7_control/cmake/ament_cmake_export_dependencies-extras.cmake
[3.262s] -- Symlinking: /workspace/ros2_ws/src/install/crane_x7_control/share/crane_x7_control/cmake/crane_x7_controlConfig.cmake
[3.266s] -- Symlinking: /workspace/ros2_ws/src/install/crane_x7_control/share/crane_x7_control/cmake/crane_x7_controlConfig-version.cmake
[3.270s] -- Symlinking: /workspace/ros2_ws/src/install/crane_x7_control/share/crane_x7_control/package.xml
[3.276s] Invoked command in '/workspace/ros2_ws/src/build/crane_x7_control' returned '0': AMENT_PREFIX_PATH=/workspace/ros2_ws/src/install/crane_x7_description:${AMENT_PREFIX_PATH} CMAKE_PREFIX_PATH=/workspace/ros2_ws/src/install/crane_x7_description:/workspace/ros2_ws/install/crane_x7:/workspace/ros2_ws/install/crane_x7_examples:/workspace/ros2_ws/install/crane_x7_moveit_config:/workspace/ros2_ws/install/crane_x7_gazebo:/workspace/ros2_ws/install/crane_x7_control:/workspace/ros2_ws/install/crane_x7_description:/opt/ros/humble PYTHONPATH=/workspace/ros2_ws/src/install/crane_x7_description/local/lib/python3.10/dist-packages:${PYTHONPATH} /usr/bin/cmake --install /workspace/ros2_ws/src/build/crane_x7_control
