/workspace/ros2_camera_ws/install/puck_detection/lib/python3.10/site-packages/puck_detection/puck_detection.py
/workspace/ros2_camera_ws/install/puck_detection/lib/python3.10/site-packages/puck_detection/puck_speed_detection.py
/workspace/ros2_camera_ws/install/puck_detection/lib/python3.10/site-packages/puck_detection/__init__.py
/workspace/ros2_camera_ws/install/puck_detection/lib/python3.10/site-packages/puck_detection/command_maker.py
/workspace/ros2_camera_ws/install/puck_detection/lib/python3.10/site-packages/puck_detection/__pycache__/puck_detection.cpython-310.pyc
/workspace/ros2_camera_ws/install/puck_detection/lib/python3.10/site-packages/puck_detection/__pycache__/puck_speed_detection.cpython-310.pyc
/workspace/ros2_camera_ws/install/puck_detection/lib/python3.10/site-packages/puck_detection/__pycache__/__init__.cpython-310.pyc
/workspace/ros2_camera_ws/install/puck_detection/lib/python3.10/site-packages/puck_detection/__pycache__/command_maker.cpython-310.pyc
/workspace/ros2_camera_ws/install/puck_detection/share/ament_index/resource_index/packages/puck_detection
/workspace/ros2_camera_ws/install/puck_detection/share/puck_detection/package.xml
/workspace/ros2_camera_ws/install/puck_detection/share/puck_detection/launch/puck_detection.launch.py
/workspace/ros2_camera_ws/install/puck_detection/lib/python3.10/site-packages/puck_detection-0.0.0-py3.10.egg-info/requires.txt
/workspace/ros2_camera_ws/install/puck_detection/lib/python3.10/site-packages/puck_detection-0.0.0-py3.10.egg-info/dependency_links.txt
/workspace/ros2_camera_ws/install/puck_detection/lib/python3.10/site-packages/puck_detection-0.0.0-py3.10.egg-info/entry_points.txt
/workspace/ros2_camera_ws/install/puck_detection/lib/python3.10/site-packages/puck_detection-0.0.0-py3.10.egg-info/zip-safe
/workspace/ros2_camera_ws/install/puck_detection/lib/python3.10/site-packages/puck_detection-0.0.0-py3.10.egg-info/PKG-INFO
/workspace/ros2_camera_ws/install/puck_detection/lib/python3.10/site-packages/puck_detection-0.0.0-py3.10.egg-info/top_level.txt
/workspace/ros2_camera_ws/install/puck_detection/lib/python3.10/site-packages/puck_detection-0.0.0-py3.10.egg-info/SOURCES.txt
/workspace/ros2_camera_ws/install/puck_detection/lib/puck_detection/command_maker
/workspace/ros2_camera_ws/install/puck_detection/lib/puck_detection/puck_detection
