[0.335s] Invoking command in '/workspace/ros2_camera_ws/src/puck_detection': PYTHONPATH=/workspace/ros2_camera_ws/build/puck_detection/prefix_override:/usr/lib/python3/dist-packages/colcon_core/task/python/colcon_distutils_commands:/workspace/ros2_camera_ws/install/puck_detection/lib/python3.10/site-packages:${PYTHONPATH} /usr/bin/python3 -W ignore:setup.py install is deprecated -W ignore:easy_install command is deprecated setup.py egg_info --egg-base ../../build/puck_detection build --build-base /workspace/ros2_camera_ws/build/puck_detection/build install --record /workspace/ros2_camera_ws/build/puck_detection/install.log --single-version-externally-managed install_data
[0.463s] running egg_info
[0.463s] writing ../../build/puck_detection/puck_detection.egg-info/PKG-INFO
[0.464s] writing dependency_links to ../../build/puck_detection/puck_detection.egg-info/dependency_links.txt
[0.464s] writing entry points to ../../build/puck_detection/puck_detection.egg-info/entry_points.txt
[0.464s] writing requirements to ../../build/puck_detection/puck_detection.egg-info/requires.txt
[0.464s] writing top-level names to ../../build/puck_detection/puck_detection.egg-info/top_level.txt
[0.465s] reading manifest file '../../build/puck_detection/puck_detection.egg-info/SOURCES.txt'
[0.465s] writing manifest file '../../build/puck_detection/puck_detection.egg-info/SOURCES.txt'
[0.465s] running build
[0.465s] running build_py
[0.465s] running install
[0.466s] running install_lib
[0.466s] running install_data
[0.467s] running install_egg_info
[0.468s] removing '/workspace/ros2_camera_ws/install/puck_detection/lib/python3.10/site-packages/puck_detection-0.0.0-py3.10.egg-info' (and everything under it)
[0.468s] Copying ../../build/puck_detection/puck_detection.egg-info to /workspace/ros2_camera_ws/install/puck_detection/lib/python3.10/site-packages/puck_detection-0.0.0-py3.10.egg-info
[0.468s] running install_scripts
[0.482s] Installing command_maker script to /workspace/ros2_camera_ws/install/puck_detection/lib/puck_detection
[0.482s] Installing puck_detection script to /workspace/ros2_camera_ws/install/puck_detection/lib/puck_detection
[0.483s] writing list of installed files to '/workspace/ros2_camera_ws/build/puck_detection/install.log'
[0.497s] Invoked command in '/workspace/ros2_camera_ws/src/puck_detection' returned '0': PYTHONPATH=/workspace/ros2_camera_ws/build/puck_detection/prefix_override:/usr/lib/python3/dist-packages/colcon_core/task/python/colcon_distutils_commands:/workspace/ros2_camera_ws/install/puck_detection/lib/python3.10/site-packages:${PYTHONPATH} /usr/bin/python3 -W ignore:setup.py install is deprecated -W ignore:easy_install command is deprecated setup.py egg_info --egg-base ../../build/puck_detection build --build-base /workspace/ros2_camera_ws/build/puck_detection/build install --record /workspace/ros2_camera_ws/build/puck_detection/install.log --single-version-externally-managed install_data
