[0.427s] DEBUG:colcon:Command line arguments: ['/usr/bin/colcon', 'build']
[0.427s] DEBUG:colcon:Parsed command line arguments: Namespace(log_base=None, log_level=None, verb_name='build', build_base='build', install_base='install', merge_install=False, symlink_install=False, test_result_base=None, continue_on_error=False, executor='parallel', parallel_workers=16, event_handlers=None, ignore_user_meta=False, metas=['./colcon.meta'], base_paths=['.'], packages_ignore=None, packages_ignore_regex=None, paths=None, packages_up_to=None, packages_up_to_regex=None, packages_above=None, packages_above_and_dependencies=None, packages_above_depth=None, packages_select_by_dep=None, packages_skip_by_dep=None, packages_skip_up_to=None, packages_select_build_failed=False, packages_skip_build_finished=False, packages_select_test_failures=False, packages_skip_test_passed=False, packages_select=None, packages_skip=None, packages_select_regex=None, packages_skip_regex=None, packages_start=None, packages_end=None, cmake_args=None, cmake_target=None, cmake_target_skip_unavailable=False, cmake_clean_cache=False, cmake_clean_first=False, cmake_force_configure=False, ament_cmake_args=None, catkin_cmake_args=None, catkin_skip_building_tests=False, mixin_files=None, mixin=None, verb_parser=<colcon_mixin.mixin.mixin_argument.MixinArgumentDecorator object at 0x7f15f2e29b40>, verb_extension=<colcon_core.verb.build.BuildVerb object at 0x7f15f2f2eb00>, main=<bound method BuildVerb.main of <colcon_core.verb.build.BuildVerb object at 0x7f15f2f2eb00>>, mixin_verb=('build',))
[0.968s] Level 1:colcon.colcon_core.package_discovery:discover_packages(colcon_meta) check parameters
[0.970s] INFO:colcon.colcon_metadata.package_discovery.colcon_meta:Using configuration from '/root/.colcon/metadata/default/Gazebo.meta'
[0.973s] INFO:colcon.colcon_metadata.package_discovery.colcon_meta:Using configuration from '/root/.colcon/metadata/default/fastdds.meta'
[0.975s] INFO:colcon.colcon_metadata.package_discovery.colcon_meta:Using configuration from '/root/.colcon/metadata/default/fastrtps.meta'
[0.975s] Level 1:colcon.colcon_core.package_discovery:discover_packages(recursive) check parameters
[0.975s] Level 1:colcon.colcon_core.package_discovery:discover_packages(ignore) check parameters
[0.975s] Level 1:colcon.colcon_core.package_discovery:discover_packages(path) check parameters
[0.975s] Level 1:colcon.colcon_core.package_discovery:discover_packages(colcon_meta) discover
[0.976s] Level 1:colcon.colcon_core.package_discovery:discover_packages(recursive) discover
[0.976s] INFO:colcon.colcon_core.package_discovery:Crawling recursively for packages in '/workspace/ros2_ws'
[0.976s] Level 1:colcon.colcon_core.package_identification:_identify(.) by extensions ['ignore', 'ignore_ament_install']
[0.977s] Level 1:colcon.colcon_core.package_identification:_identify(.) by extension 'ignore'
[0.977s] Level 1:colcon.colcon_core.package_identification:_identify(.) by extension 'ignore_ament_install'
[0.977s] Level 1:colcon.colcon_core.package_identification:_identify(.) by extensions ['colcon_pkg']
[0.977s] Level 1:colcon.colcon_core.package_identification:_identify(.) by extension 'colcon_pkg'
[0.977s] Level 1:colcon.colcon_core.package_identification:_identify(.) by extensions ['colcon_meta']
[0.978s] Level 1:colcon.colcon_core.package_identification:_identify(.) by extension 'colcon_meta'
[0.978s] Level 1:colcon.colcon_core.package_identification:_identify(.) by extensions ['ros']
[0.978s] Level 1:colcon.colcon_core.package_identification:_identify(.) by extension 'ros'
[1.021s] Level 1:colcon.colcon_core.package_identification:_identify(.) by extensions ['cmake', 'python']
[1.022s] Level 1:colcon.colcon_core.package_identification:_identify(.) by extension 'cmake'
[1.022s] Level 1:colcon.colcon_core.package_identification:_identify(.) by extension 'python'
[1.022s] Level 1:colcon.colcon_core.package_identification:_identify(.) by extensions ['python_setup_py']
[1.022s] Level 1:colcon.colcon_core.package_identification:_identify(.) by extension 'python_setup_py'
[1.022s] Level 1:colcon.colcon_core.package_identification:_identify(build) by extensions ['ignore', 'ignore_ament_install']
[1.023s] Level 1:colcon.colcon_core.package_identification:_identify(build) by extension 'ignore'
[1.023s] Level 1:colcon.colcon_core.package_identification:_identify(build) ignored
[1.023s] Level 1:colcon.colcon_core.package_identification:_identify(install) by extensions ['ignore', 'ignore_ament_install']
[1.023s] Level 1:colcon.colcon_core.package_identification:_identify(install) by extension 'ignore'
[1.023s] Level 1:colcon.colcon_core.package_identification:_identify(install) ignored
[1.024s] Level 1:colcon.colcon_core.package_identification:_identify(log) by extensions ['ignore', 'ignore_ament_install']
[1.024s] Level 1:colcon.colcon_core.package_identification:_identify(log) by extension 'ignore'
[1.024s] Level 1:colcon.colcon_core.package_identification:_identify(log) ignored
[1.024s] Level 1:colcon.colcon_core.package_identification:_identify(src) by extensions ['ignore', 'ignore_ament_install']
[1.024s] Level 1:colcon.colcon_core.package_identification:_identify(src) by extension 'ignore'
[1.025s] Level 1:colcon.colcon_core.package_identification:_identify(src) by extension 'ignore_ament_install'
[1.025s] Level 1:colcon.colcon_core.package_identification:_identify(src) by extensions ['colcon_pkg']
[1.025s] Level 1:colcon.colcon_core.package_identification:_identify(src) by extension 'colcon_pkg'
[1.025s] Level 1:colcon.colcon_core.package_identification:_identify(src) by extensions ['colcon_meta']
[1.025s] Level 1:colcon.colcon_core.package_identification:_identify(src) by extension 'colcon_meta'
[1.025s] Level 1:colcon.colcon_core.package_identification:_identify(src) by extensions ['ros']
[1.025s] Level 1:colcon.colcon_core.package_identification:_identify(src) by extension 'ros'
[1.026s] Level 1:colcon.colcon_core.package_identification:_identify(src) by extensions ['cmake', 'python']
[1.026s] Level 1:colcon.colcon_core.package_identification:_identify(src) by extension 'cmake'
[1.026s] Level 1:colcon.colcon_core.package_identification:_identify(src) by extension 'python'
[1.026s] Level 1:colcon.colcon_core.package_identification:_identify(src) by extensions ['python_setup_py']
[1.026s] Level 1:colcon.colcon_core.package_identification:_identify(src) by extension 'python_setup_py'
[1.026s] Level 1:colcon.colcon_core.package_identification:_identify(src/build) by extensions ['ignore', 'ignore_ament_install']
[1.027s] Level 1:colcon.colcon_core.package_identification:_identify(src/build) by extension 'ignore'
[1.027s] Level 1:colcon.colcon_core.package_identification:_identify(src/build) ignored
[1.027s] Level 1:colcon.colcon_core.package_identification:_identify(src/crane_x7_description) by extensions ['ignore', 'ignore_ament_install']
[1.027s] Level 1:colcon.colcon_core.package_identification:_identify(src/crane_x7_description) by extension 'ignore'
[1.027s] Level 1:colcon.colcon_core.package_identification:_identify(src/crane_x7_description) by extension 'ignore_ament_install'
[1.028s] Level 1:colcon.colcon_core.package_identification:_identify(src/crane_x7_description) by extensions ['colcon_pkg']
[1.028s] Level 1:colcon.colcon_core.package_identification:_identify(src/crane_x7_description) by extension 'colcon_pkg'
[1.028s] Level 1:colcon.colcon_core.package_identification:_identify(src/crane_x7_description) by extensions ['colcon_meta']
[1.028s] Level 1:colcon.colcon_core.package_identification:_identify(src/crane_x7_description) by extension 'colcon_meta'
[1.028s] Level 1:colcon.colcon_core.package_identification:_identify(src/crane_x7_description) by extensions ['ros']
[1.028s] Level 1:colcon.colcon_core.package_identification:_identify(src/crane_x7_description) by extension 'ros'
[1.038s] DEBUG:colcon.colcon_core.package_identification:Package 'src/crane_x7_description' with type 'ros.ament_cmake' and name 'crane_x7_description'
[1.039s] Level 1:colcon.colcon_core.package_identification:_identify(src/crane_x7_ros) by extensions ['ignore', 'ignore_ament_install']
[1.039s] Level 1:colcon.colcon_core.package_identification:_identify(src/crane_x7_ros) by extension 'ignore'
[1.039s] Level 1:colcon.colcon_core.package_identification:_identify(src/crane_x7_ros) by extension 'ignore_ament_install'
[1.040s] Level 1:colcon.colcon_core.package_identification:_identify(src/crane_x7_ros) by extensions ['colcon_pkg']
[1.040s] Level 1:colcon.colcon_core.package_identification:_identify(src/crane_x7_ros) by extension 'colcon_pkg'
[1.040s] Level 1:colcon.colcon_core.package_identification:_identify(src/crane_x7_ros) by extensions ['colcon_meta']
[1.040s] Level 1:colcon.colcon_core.package_identification:_identify(src/crane_x7_ros) by extension 'colcon_meta'
[1.040s] Level 1:colcon.colcon_core.package_identification:_identify(src/crane_x7_ros) by extensions ['ros']
[1.040s] Level 1:colcon.colcon_core.package_identification:_identify(src/crane_x7_ros) by extension 'ros'
[1.041s] Level 1:colcon.colcon_core.package_identification:_identify(src/crane_x7_ros) by extensions ['cmake', 'python']
[1.041s] Level 1:colcon.colcon_core.package_identification:_identify(src/crane_x7_ros) by extension 'cmake'
[1.041s] Level 1:colcon.colcon_core.package_identification:_identify(src/crane_x7_ros) by extension 'python'
[1.041s] Level 1:colcon.colcon_core.package_identification:_identify(src/crane_x7_ros) by extensions ['python_setup_py']
[1.041s] Level 1:colcon.colcon_core.package_identification:_identify(src/crane_x7_ros) by extension 'python_setup_py'
[1.042s] Level 1:colcon.colcon_core.package_identification:_identify(src/crane_x7_ros/crane_x7) by extensions ['ignore', 'ignore_ament_install']
[1.042s] Level 1:colcon.colcon_core.package_identification:_identify(src/crane_x7_ros/crane_x7) by extension 'ignore'
[1.042s] Level 1:colcon.colcon_core.package_identification:_identify(src/crane_x7_ros/crane_x7) by extension 'ignore_ament_install'
[1.043s] Level 1:colcon.colcon_core.package_identification:_identify(src/crane_x7_ros/crane_x7) by extensions ['colcon_pkg']
[1.043s] Level 1:colcon.colcon_core.package_identification:_identify(src/crane_x7_ros/crane_x7) by extension 'colcon_pkg'
[1.043s] Level 1:colcon.colcon_core.package_identification:_identify(src/crane_x7_ros/crane_x7) by extensions ['colcon_meta']
[1.043s] Level 1:colcon.colcon_core.package_identification:_identify(src/crane_x7_ros/crane_x7) by extension 'colcon_meta'
[1.043s] Level 1:colcon.colcon_core.package_identification:_identify(src/crane_x7_ros/crane_x7) by extensions ['ros']
[1.043s] Level 1:colcon.colcon_core.package_identification:_identify(src/crane_x7_ros/crane_x7) by extension 'ros'
[1.046s] DEBUG:colcon.colcon_core.package_identification:Package 'src/crane_x7_ros/crane_x7' with type 'ros.ament_cmake' and name 'crane_x7'
[1.047s] Level 1:colcon.colcon_core.package_identification:_identify(src/crane_x7_ros/crane_x7_control) by extensions ['ignore', 'ignore_ament_install']
[1.047s] Level 1:colcon.colcon_core.package_identification:_identify(src/crane_x7_ros/crane_x7_control) by extension 'ignore'
[1.048s] Level 1:colcon.colcon_core.package_identification:_identify(src/crane_x7_ros/crane_x7_control) by extension 'ignore_ament_install'
[1.048s] Level 1:colcon.colcon_core.package_identification:_identify(src/crane_x7_ros/crane_x7_control) by extensions ['colcon_pkg']
[1.048s] Level 1:colcon.colcon_core.package_identification:_identify(src/crane_x7_ros/crane_x7_control) by extension 'colcon_pkg'
[1.048s] Level 1:colcon.colcon_core.package_identification:_identify(src/crane_x7_ros/crane_x7_control) by extensions ['colcon_meta']
[1.048s] Level 1:colcon.colcon_core.package_identification:_identify(src/crane_x7_ros/crane_x7_control) by extension 'colcon_meta'
[1.049s] Level 1:colcon.colcon_core.package_identification:_identify(src/crane_x7_ros/crane_x7_control) by extensions ['ros']
[1.049s] Level 1:colcon.colcon_core.package_identification:_identify(src/crane_x7_ros/crane_x7_control) by extension 'ros'
[1.053s] DEBUG:colcon.colcon_core.package_identification:Package 'src/crane_x7_ros/crane_x7_control' with type 'ros.ament_cmake' and name 'crane_x7_control'
[1.054s] Level 1:colcon.colcon_core.package_identification:_identify(src/crane_x7_ros/crane_x7_examples) by extensions ['ignore', 'ignore_ament_install']
[1.054s] Level 1:colcon.colcon_core.package_identification:_identify(src/crane_x7_ros/crane_x7_examples) by extension 'ignore'
[1.055s] Level 1:colcon.colcon_core.package_identification:_identify(src/crane_x7_ros/crane_x7_examples) by extension 'ignore_ament_install'
[1.055s] Level 1:colcon.colcon_core.package_identification:_identify(src/crane_x7_ros/crane_x7_examples) by extensions ['colcon_pkg']
[1.055s] Level 1:colcon.colcon_core.package_identification:_identify(src/crane_x7_ros/crane_x7_examples) by extension 'colcon_pkg'
[1.055s] Level 1:colcon.colcon_core.package_identification:_identify(src/crane_x7_ros/crane_x7_examples) by extensions ['colcon_meta']
[1.055s] Level 1:colcon.colcon_core.package_identification:_identify(src/crane_x7_ros/crane_x7_examples) by extension 'colcon_meta'
[1.055s] Level 1:colcon.colcon_core.package_identification:_identify(src/crane_x7_ros/crane_x7_examples) by extensions ['ros']
[1.056s] Level 1:colcon.colcon_core.package_identification:_identify(src/crane_x7_ros/crane_x7_examples) by extension 'ros'
[1.062s] DEBUG:colcon.colcon_core.package_identification:Package 'src/crane_x7_ros/crane_x7_examples' with type 'ros.ament_cmake' and name 'crane_x7_examples'
[1.063s] Level 1:colcon.colcon_core.package_identification:_identify(src/crane_x7_ros/crane_x7_gazebo) by extensions ['ignore', 'ignore_ament_install']
[1.063s] Level 1:colcon.colcon_core.package_identification:_identify(src/crane_x7_ros/crane_x7_gazebo) by extension 'ignore'
[1.063s] Level 1:colcon.colcon_core.package_identification:_identify(src/crane_x7_ros/crane_x7_gazebo) by extension 'ignore_ament_install'
[1.063s] Level 1:colcon.colcon_core.package_identification:_identify(src/crane_x7_ros/crane_x7_gazebo) by extensions ['colcon_pkg']
[1.063s] Level 1:colcon.colcon_core.package_identification:_identify(src/crane_x7_ros/crane_x7_gazebo) by extension 'colcon_pkg'
[1.064s] Level 1:colcon.colcon_core.package_identification:_identify(src/crane_x7_ros/crane_x7_gazebo) by extensions ['colcon_meta']
[1.064s] Level 1:colcon.colcon_core.package_identification:_identify(src/crane_x7_ros/crane_x7_gazebo) by extension 'colcon_meta'
[1.064s] Level 1:colcon.colcon_core.package_identification:_identify(src/crane_x7_ros/crane_x7_gazebo) by extensions ['ros']
[1.064s] Level 1:colcon.colcon_core.package_identification:_identify(src/crane_x7_ros/crane_x7_gazebo) by extension 'ros'
[1.068s] DEBUG:colcon.colcon_core.package_identification:Package 'src/crane_x7_ros/crane_x7_gazebo' with type 'ros.ament_cmake' and name 'crane_x7_gazebo'
[1.069s] Level 1:colcon.colcon_core.package_identification:_identify(src/crane_x7_ros/crane_x7_moveit_config) by extensions ['ignore', 'ignore_ament_install']
[1.069s] Level 1:colcon.colcon_core.package_identification:_identify(src/crane_x7_ros/crane_x7_moveit_config) by extension 'ignore'
[1.069s] Level 1:colcon.colcon_core.package_identification:_identify(src/crane_x7_ros/crane_x7_moveit_config) by extension 'ignore_ament_install'
[1.069s] Level 1:colcon.colcon_core.package_identification:_identify(src/crane_x7_ros/crane_x7_moveit_config) by extensions ['colcon_pkg']
[1.069s] Level 1:colcon.colcon_core.package_identification:_identify(src/crane_x7_ros/crane_x7_moveit_config) by extension 'colcon_pkg'
[1.070s] Level 1:colcon.colcon_core.package_identification:_identify(src/crane_x7_ros/crane_x7_moveit_config) by extensions ['colcon_meta']
[1.070s] Level 1:colcon.colcon_core.package_identification:_identify(src/crane_x7_ros/crane_x7_moveit_config) by extension 'colcon_meta'
[1.070s] Level 1:colcon.colcon_core.package_identification:_identify(src/crane_x7_ros/crane_x7_moveit_config) by extensions ['ros']
[1.070s] Level 1:colcon.colcon_core.package_identification:_identify(src/crane_x7_ros/crane_x7_moveit_config) by extension 'ros'
[1.073s] DEBUG:colcon.colcon_core.package_identification:Package 'src/crane_x7_ros/crane_x7_moveit_config' with type 'ros.ament_cmake' and name 'crane_x7_moveit_config'
[1.074s] Level 1:colcon.colcon_core.package_identification:_identify(src/crane_x7_ros/move_arm_hockey) by extensions ['ignore', 'ignore_ament_install']
[1.074s] Level 1:colcon.colcon_core.package_identification:_identify(src/crane_x7_ros/move_arm_hockey) by extension 'ignore'
[1.074s] Level 1:colcon.colcon_core.package_identification:_identify(src/crane_x7_ros/move_arm_hockey) by extension 'ignore_ament_install'
[1.074s] Level 1:colcon.colcon_core.package_identification:_identify(src/crane_x7_ros/move_arm_hockey) by extensions ['colcon_pkg']
[1.074s] Level 1:colcon.colcon_core.package_identification:_identify(src/crane_x7_ros/move_arm_hockey) by extension 'colcon_pkg'
[1.074s] Level 1:colcon.colcon_core.package_identification:_identify(src/crane_x7_ros/move_arm_hockey) by extensions ['colcon_meta']
[1.074s] Level 1:colcon.colcon_core.package_identification:_identify(src/crane_x7_ros/move_arm_hockey) by extension 'colcon_meta'
[1.075s] Level 1:colcon.colcon_core.package_identification:_identify(src/crane_x7_ros/move_arm_hockey) by extensions ['ros']
[1.075s] Level 1:colcon.colcon_core.package_identification:_identify(src/crane_x7_ros/move_arm_hockey) by extension 'ros'
[1.080s] DEBUG:colcon.colcon_core.package_identification:Package 'src/crane_x7_ros/move_arm_hockey' with type 'ros.ament_cmake' and name 'move_arm_hockey'
[1.081s] Level 1:colcon.colcon_core.package_identification:_identify(src/install) by extensions ['ignore', 'ignore_ament_install']
[1.081s] Level 1:colcon.colcon_core.package_identification:_identify(src/install) by extension 'ignore'
[1.081s] Level 1:colcon.colcon_core.package_identification:_identify(src/install) ignored
[1.081s] Level 1:colcon.colcon_core.package_identification:_identify(src/log) by extensions ['ignore', 'ignore_ament_install']
[1.082s] Level 1:colcon.colcon_core.package_identification:_identify(src/log) by extension 'ignore'
[1.082s] Level 1:colcon.colcon_core.package_identification:_identify(src/log) ignored
[1.082s] Level 1:colcon.colcon_core.package_discovery:discover_packages(recursive) using defaults
[1.082s] Level 1:colcon.colcon_core.package_discovery:discover_packages(ignore) discover
[1.082s] Level 1:colcon.colcon_core.package_discovery:discover_packages(ignore) using defaults
[1.082s] Level 1:colcon.colcon_core.package_discovery:discover_packages(path) discover
[1.082s] Level 1:colcon.colcon_core.package_discovery:discover_packages(path) using defaults
[1.183s] Level 5:colcon.colcon_core.verb:set package 'crane_x7_description' build argument 'cmake_args' from command line to 'None'
[1.184s] Level 5:colcon.colcon_core.verb:set package 'crane_x7_description' build argument 'cmake_target' from command line to 'None'
[1.184s] Level 5:colcon.colcon_core.verb:set package 'crane_x7_description' build argument 'cmake_target_skip_unavailable' from command line to 'False'
[1.184s] Level 5:colcon.colcon_core.verb:set package 'crane_x7_description' build argument 'cmake_clean_cache' from command line to 'False'
[1.184s] Level 5:colcon.colcon_core.verb:set package 'crane_x7_description' build argument 'cmake_clean_first' from command line to 'False'
[1.184s] Level 5:colcon.colcon_core.verb:set package 'crane_x7_description' build argument 'cmake_force_configure' from command line to 'False'
[1.184s] Level 5:colcon.colcon_core.verb:set package 'crane_x7_description' build argument 'ament_cmake_args' from command line to 'None'
[1.184s] Level 5:colcon.colcon_core.verb:set package 'crane_x7_description' build argument 'catkin_cmake_args' from command line to 'None'
[1.184s] Level 5:colcon.colcon_core.verb:set package 'crane_x7_description' build argument 'catkin_skip_building_tests' from command line to 'False'
[1.185s] DEBUG:colcon.colcon_core.verb:Building package 'crane_x7_description' with the following arguments: {'ament_cmake_args': None, 'build_base': '/workspace/ros2_ws/build/crane_x7_description', 'catkin_cmake_args': None, 'catkin_skip_building_tests': False, 'cmake_args': None, 'cmake_clean_cache': False, 'cmake_clean_first': False, 'cmake_force_configure': False, 'cmake_target': None, 'cmake_target_skip_unavailable': False, 'install_base': '/workspace/ros2_ws/install/crane_x7_description', 'merge_install': False, 'path': '/workspace/ros2_ws/src/crane_x7_description', 'symlink_install': False, 'test_result_base': None}
[1.186s] Level 5:colcon.colcon_core.verb:set package 'crane_x7_gazebo' build argument 'cmake_args' from command line to 'None'
[1.187s] Level 5:colcon.colcon_core.verb:set package 'crane_x7_gazebo' build argument 'cmake_target' from command line to 'None'
[1.187s] Level 5:colcon.colcon_core.verb:set package 'crane_x7_gazebo' build argument 'cmake_target_skip_unavailable' from command line to 'False'
[1.187s] Level 5:colcon.colcon_core.verb:set package 'crane_x7_gazebo' build argument 'cmake_clean_cache' from command line to 'False'
[1.187s] Level 5:colcon.colcon_core.verb:set package 'crane_x7_gazebo' build argument 'cmake_clean_first' from command line to 'False'
[1.187s] Level 5:colcon.colcon_core.verb:set package 'crane_x7_gazebo' build argument 'cmake_force_configure' from command line to 'False'
[1.187s] Level 5:colcon.colcon_core.verb:set package 'crane_x7_gazebo' build argument 'ament_cmake_args' from command line to 'None'
[1.187s] Level 5:colcon.colcon_core.verb:set package 'crane_x7_gazebo' build argument 'catkin_cmake_args' from command line to 'None'
[1.187s] Level 5:colcon.colcon_core.verb:set package 'crane_x7_gazebo' build argument 'catkin_skip_building_tests' from command line to 'False'
[1.187s] DEBUG:colcon.colcon_core.verb:Building package 'crane_x7_gazebo' with the following arguments: {'ament_cmake_args': None, 'build_base': '/workspace/ros2_ws/build/crane_x7_gazebo', 'catkin_cmake_args': None, 'catkin_skip_building_tests': False, 'cmake_args': None, 'cmake_clean_cache': False, 'cmake_clean_first': False, 'cmake_force_configure': False, 'cmake_target': None, 'cmake_target_skip_unavailable': False, 'install_base': '/workspace/ros2_ws/install/crane_x7_gazebo', 'merge_install': False, 'path': '/workspace/ros2_ws/src/crane_x7_ros/crane_x7_gazebo', 'symlink_install': False, 'test_result_base': None}
[1.188s] Level 5:colcon.colcon_core.verb:set package 'crane_x7_control' build argument 'cmake_args' from command line to 'None'
[1.189s] Level 5:colcon.colcon_core.verb:set package 'crane_x7_control' build argument 'cmake_target' from command line to 'None'
[1.189s] Level 5:colcon.colcon_core.verb:set package 'crane_x7_control' build argument 'cmake_target_skip_unavailable' from command line to 'False'
[1.189s] Level 5:colcon.colcon_core.verb:set package 'crane_x7_control' build argument 'cmake_clean_cache' from command line to 'False'
[1.189s] Level 5:colcon.colcon_core.verb:set package 'crane_x7_control' build argument 'cmake_clean_first' from command line to 'False'
[1.189s] Level 5:colcon.colcon_core.verb:set package 'crane_x7_control' build argument 'cmake_force_configure' from command line to 'False'
[1.189s] Level 5:colcon.colcon_core.verb:set package 'crane_x7_control' build argument 'ament_cmake_args' from command line to 'None'
[1.189s] Level 5:colcon.colcon_core.verb:set package 'crane_x7_control' build argument 'catkin_cmake_args' from command line to 'None'
[1.189s] Level 5:colcon.colcon_core.verb:set package 'crane_x7_control' build argument 'catkin_skip_building_tests' from command line to 'False'
[1.189s] DEBUG:colcon.colcon_core.verb:Building package 'crane_x7_control' with the following arguments: {'ament_cmake_args': None, 'build_base': '/workspace/ros2_ws/build/crane_x7_control', 'catkin_cmake_args': None, 'catkin_skip_building_tests': False, 'cmake_args': None, 'cmake_clean_cache': False, 'cmake_clean_first': False, 'cmake_force_configure': False, 'cmake_target': None, 'cmake_target_skip_unavailable': False, 'install_base': '/workspace/ros2_ws/install/crane_x7_control', 'merge_install': False, 'path': '/workspace/ros2_ws/src/crane_x7_ros/crane_x7_control', 'symlink_install': False, 'test_result_base': None}
[1.191s] Level 5:colcon.colcon_core.verb:set package 'crane_x7_moveit_config' build argument 'cmake_args' from command line to 'None'
[1.191s] Level 5:colcon.colcon_core.verb:set package 'crane_x7_moveit_config' build argument 'cmake_target' from command line to 'None'
[1.191s] Level 5:colcon.colcon_core.verb:set package 'crane_x7_moveit_config' build argument 'cmake_target_skip_unavailable' from command line to 'False'
[1.191s] Level 5:colcon.colcon_core.verb:set package 'crane_x7_moveit_config' build argument 'cmake_clean_cache' from command line to 'False'
[1.191s] Level 5:colcon.colcon_core.verb:set package 'crane_x7_moveit_config' build argument 'cmake_clean_first' from command line to 'False'
[1.191s] Level 5:colcon.colcon_core.verb:set package 'crane_x7_moveit_config' build argument 'cmake_force_configure' from command line to 'False'
[1.191s] Level 5:colcon.colcon_core.verb:set package 'crane_x7_moveit_config' build argument 'ament_cmake_args' from command line to 'None'
[1.192s] Level 5:colcon.colcon_core.verb:set package 'crane_x7_moveit_config' build argument 'catkin_cmake_args' from command line to 'None'
[1.192s] Level 5:colcon.colcon_core.verb:set package 'crane_x7_moveit_config' build argument 'catkin_skip_building_tests' from command line to 'False'
[1.192s] DEBUG:colcon.colcon_core.verb:Building package 'crane_x7_moveit_config' with the following arguments: {'ament_cmake_args': None, 'build_base': '/workspace/ros2_ws/build/crane_x7_moveit_config', 'catkin_cmake_args': None, 'catkin_skip_building_tests': False, 'cmake_args': None, 'cmake_clean_cache': False, 'cmake_clean_first': False, 'cmake_force_configure': False, 'cmake_target': None, 'cmake_target_skip_unavailable': False, 'install_base': '/workspace/ros2_ws/install/crane_x7_moveit_config', 'merge_install': False, 'path': '/workspace/ros2_ws/src/crane_x7_ros/crane_x7_moveit_config', 'symlink_install': False, 'test_result_base': None}
[1.193s] Level 5:colcon.colcon_core.verb:set package 'crane_x7_examples' build argument 'cmake_args' from command line to 'None'
[1.194s] Level 5:colcon.colcon_core.verb:set package 'crane_x7_examples' build argument 'cmake_target' from command line to 'None'
[1.194s] Level 5:colcon.colcon_core.verb:set package 'crane_x7_examples' build argument 'cmake_target_skip_unavailable' from command line to 'False'
[1.194s] Level 5:colcon.colcon_core.verb:set package 'crane_x7_examples' build argument 'cmake_clean_cache' from command line to 'False'
[1.194s] Level 5:colcon.colcon_core.verb:set package 'crane_x7_examples' build argument 'cmake_clean_first' from command line to 'False'
[1.194s] Level 5:colcon.colcon_core.verb:set package 'crane_x7_examples' build argument 'cmake_force_configure' from command line to 'False'
[1.194s] Level 5:colcon.colcon_core.verb:set package 'crane_x7_examples' build argument 'ament_cmake_args' from command line to 'None'
[1.194s] Level 5:colcon.colcon_core.verb:set package 'crane_x7_examples' build argument 'catkin_cmake_args' from command line to 'None'
[1.194s] Level 5:colcon.colcon_core.verb:set package 'crane_x7_examples' build argument 'catkin_skip_building_tests' from command line to 'False'
[1.194s] DEBUG:colcon.colcon_core.verb:Building package 'crane_x7_examples' with the following arguments: {'ament_cmake_args': None, 'build_base': '/workspace/ros2_ws/build/crane_x7_examples', 'catkin_cmake_args': None, 'catkin_skip_building_tests': False, 'cmake_args': None, 'cmake_clean_cache': False, 'cmake_clean_first': False, 'cmake_force_configure': False, 'cmake_target': None, 'cmake_target_skip_unavailable': False, 'install_base': '/workspace/ros2_ws/install/crane_x7_examples', 'merge_install': False, 'path': '/workspace/ros2_ws/src/crane_x7_ros/crane_x7_examples', 'symlink_install': False, 'test_result_base': None}
[1.196s] Level 5:colcon.colcon_core.verb:set package 'move_arm_hockey' build argument 'cmake_args' from command line to 'None'
[1.196s] Level 5:colcon.colcon_core.verb:set package 'move_arm_hockey' build argument 'cmake_target' from command line to 'None'
[1.196s] Level 5:colcon.colcon_core.verb:set package 'move_arm_hockey' build argument 'cmake_target_skip_unavailable' from command line to 'False'
[1.196s] Level 5:colcon.colcon_core.verb:set package 'move_arm_hockey' build argument 'cmake_clean_cache' from command line to 'False'
[1.197s] Level 5:colcon.colcon_core.verb:set package 'move_arm_hockey' build argument 'cmake_clean_first' from command line to 'False'
[1.197s] Level 5:colcon.colcon_core.verb:set package 'move_arm_hockey' build argument 'cmake_force_configure' from command line to 'False'
[1.197s] Level 5:colcon.colcon_core.verb:set package 'move_arm_hockey' build argument 'ament_cmake_args' from command line to 'None'
[1.197s] Level 5:colcon.colcon_core.verb:set package 'move_arm_hockey' build argument 'catkin_cmake_args' from command line to 'None'
[1.197s] Level 5:colcon.colcon_core.verb:set package 'move_arm_hockey' build argument 'catkin_skip_building_tests' from command line to 'False'
[1.197s] DEBUG:colcon.colcon_core.verb:Building package 'move_arm_hockey' with the following arguments: {'ament_cmake_args': None, 'build_base': '/workspace/ros2_ws/build/move_arm_hockey', 'catkin_cmake_args': None, 'catkin_skip_building_tests': False, 'cmake_args': None, 'cmake_clean_cache': False, 'cmake_clean_first': False, 'cmake_force_configure': False, 'cmake_target': None, 'cmake_target_skip_unavailable': False, 'install_base': '/workspace/ros2_ws/install/move_arm_hockey', 'merge_install': False, 'path': '/workspace/ros2_ws/src/crane_x7_ros/move_arm_hockey', 'symlink_install': False, 'test_result_base': None}
[1.199s] Level 5:colcon.colcon_core.verb:set package 'crane_x7' build argument 'cmake_args' from command line to 'None'
[1.199s] Level 5:colcon.colcon_core.verb:set package 'crane_x7' build argument 'cmake_target' from command line to 'None'
[1.199s] Level 5:colcon.colcon_core.verb:set package 'crane_x7' build argument 'cmake_target_skip_unavailable' from command line to 'False'
[1.199s] Level 5:colcon.colcon_core.verb:set package 'crane_x7' build argument 'cmake_clean_cache' from command line to 'False'
[1.199s] Level 5:colcon.colcon_core.verb:set package 'crane_x7' build argument 'cmake_clean_first' from command line to 'False'
[1.199s] Level 5:colcon.colcon_core.verb:set package 'crane_x7' build argument 'cmake_force_configure' from command line to 'False'
[1.199s] Level 5:colcon.colcon_core.verb:set package 'crane_x7' build argument 'ament_cmake_args' from command line to 'None'
[1.199s] Level 5:colcon.colcon_core.verb:set package 'crane_x7' build argument 'catkin_cmake_args' from command line to 'None'
[1.200s] Level 5:colcon.colcon_core.verb:set package 'crane_x7' build argument 'catkin_skip_building_tests' from command line to 'False'
[1.200s] DEBUG:colcon.colcon_core.verb:Building package 'crane_x7' with the following arguments: {'ament_cmake_args': None, 'build_base': '/workspace/ros2_ws/build/crane_x7', 'catkin_cmake_args': None, 'catkin_skip_building_tests': False, 'cmake_args': None, 'cmake_clean_cache': False, 'cmake_clean_first': False, 'cmake_force_configure': False, 'cmake_target': None, 'cmake_target_skip_unavailable': False, 'install_base': '/workspace/ros2_ws/install/crane_x7', 'merge_install': False, 'path': '/workspace/ros2_ws/src/crane_x7_ros/crane_x7', 'symlink_install': False, 'test_result_base': None}
[1.200s] INFO:colcon.colcon_core.executor:Executing jobs using 'parallel' executor
[1.207s] DEBUG:colcon.colcon_parallel_executor.executor.parallel:run_until_complete
[1.207s] INFO:colcon.colcon_ros.task.ament_cmake.build:Building ROS package in '/workspace/ros2_ws/src/crane_x7_description' with build type 'ament_cmake'
[1.208s] INFO:colcon.colcon_cmake.task.cmake.build:Building CMake package in '/workspace/ros2_ws/src/crane_x7_description'
[1.213s] INFO:colcon.colcon_core.plugin_system:Skipping extension 'colcon_core.shell.bat': Not used on non-Windows systems
[1.214s] INFO:colcon.colcon_core.shell:Skip shell extension 'powershell' for command environment: Not usable outside of PowerShell
[1.214s] DEBUG:colcon.colcon_core.shell:Skip shell extension 'dsv' for command environment
[1.216s] WARNING:colcon.colcon_ros.prefix_path.ament:The path '/workspace/ros2_ws/install/move_arm_hockey' in the environment variable AMENT_PREFIX_PATH doesn't exist
[1.216s] WARNING:colcon.colcon_ros.prefix_path.ament:The path '/workspace/ros2_ws/install/crane_x7' in the environment variable AMENT_PREFIX_PATH doesn't exist
[1.217s] WARNING:colcon.colcon_ros.prefix_path.ament:The path '/workspace/ros2_ws/install/crane_x7_examples' in the environment variable AMENT_PREFIX_PATH doesn't exist
[1.217s] WARNING:colcon.colcon_ros.prefix_path.ament:The path '/workspace/ros2_ws/install/crane_x7_moveit_config' in the environment variable AMENT_PREFIX_PATH doesn't exist
[1.217s] WARNING:colcon.colcon_ros.prefix_path.ament:The path '/workspace/ros2_ws/install/crane_x7_gazebo' in the environment variable AMENT_PREFIX_PATH doesn't exist
[1.217s] WARNING:colcon.colcon_ros.prefix_path.ament:The path '/workspace/ros2_ws/install/crane_x7_control' in the environment variable AMENT_PREFIX_PATH doesn't exist
[1.217s] WARNING:colcon.colcon_ros.prefix_path.ament:The path '/workspace/ros2_ws/install/crane_x7_description' in the environment variable AMENT_PREFIX_PATH doesn't exist
[1.217s] WARNING:colcon.colcon_ros.prefix_path.ament:The path '/workspace/ros2_camera_ws/install/puck_detection' in the environment variable AMENT_PREFIX_PATH doesn't exist
[1.218s] WARNING:colcon.colcon_ros.prefix_path.catkin:The path '/workspace/ros2_ws/install/move_arm_hockey' in the environment variable CMAKE_PREFIX_PATH doesn't exist
[1.218s] WARNING:colcon.colcon_ros.prefix_path.catkin:The path '/workspace/ros2_ws/install/crane_x7' in the environment variable CMAKE_PREFIX_PATH doesn't exist
[1.218s] WARNING:colcon.colcon_ros.prefix_path.catkin:The path '/workspace/ros2_ws/install/crane_x7_examples' in the environment variable CMAKE_PREFIX_PATH doesn't exist
[1.218s] WARNING:colcon.colcon_ros.prefix_path.catkin:The path '/workspace/ros2_ws/install/crane_x7_moveit_config' in the environment variable CMAKE_PREFIX_PATH doesn't exist
[1.218s] WARNING:colcon.colcon_ros.prefix_path.catkin:The path '/workspace/ros2_ws/install/crane_x7_gazebo' in the environment variable CMAKE_PREFIX_PATH doesn't exist
[1.218s] WARNING:colcon.colcon_ros.prefix_path.catkin:The path '/workspace/ros2_ws/install/crane_x7_control' in the environment variable CMAKE_PREFIX_PATH doesn't exist
[1.218s] WARNING:colcon.colcon_ros.prefix_path.catkin:The path '/workspace/ros2_ws/install/crane_x7_description' in the environment variable CMAKE_PREFIX_PATH doesn't exist
[1.229s] INFO:colcon.colcon_ros.task.ament_cmake.build:Building ROS package in '/workspace/ros2_ws/src/crane_x7_ros/crane_x7_gazebo' with build type 'ament_cmake'
[1.230s] INFO:colcon.colcon_cmake.task.cmake.build:Building CMake package in '/workspace/ros2_ws/src/crane_x7_ros/crane_x7_gazebo'
[1.231s] INFO:colcon.colcon_core.shell:Skip shell extension 'powershell' for command environment: Not usable outside of PowerShell
[1.231s] DEBUG:colcon.colcon_core.shell:Skip shell extension 'dsv' for command environment
[1.261s] DEBUG:colcon.colcon_core.event_handler.log_command:Invoking command in '/workspace/ros2_ws/build/crane_x7_description': CMAKE_PREFIX_PATH=${CMAKE_PREFIX_PATH}:/opt/ros/humble:/workspace/ros2_camera_ws/install/puck_detection /usr/bin/cmake /workspace/ros2_ws/src/crane_x7_description -DCMAKE_INSTALL_PREFIX=/workspace/ros2_ws/install/crane_x7_description
[1.282s] DEBUG:colcon.colcon_core.event_handler.log_command:Invoking command in '/workspace/ros2_ws/build/crane_x7_gazebo': CMAKE_PREFIX_PATH=${CMAKE_PREFIX_PATH}:/opt/ros/humble:/workspace/ros2_camera_ws/install/puck_detection /usr/bin/cmake /workspace/ros2_ws/src/crane_x7_ros/crane_x7_gazebo -DCMAKE_INSTALL_PREFIX=/workspace/ros2_ws/install/crane_x7_gazebo
[3.535s] DEBUG:colcon.colcon_core.event_handler.log_command:Invoked command in '/workspace/ros2_ws/build/crane_x7_gazebo' returned '0': CMAKE_PREFIX_PATH=${CMAKE_PREFIX_PATH}:/opt/ros/humble:/workspace/ros2_camera_ws/install/puck_detection /usr/bin/cmake /workspace/ros2_ws/src/crane_x7_ros/crane_x7_gazebo -DCMAKE_INSTALL_PREFIX=/workspace/ros2_ws/install/crane_x7_gazebo
[3.536s] DEBUG:colcon.colcon_core.event_handler.log_command:Invoking command in '/workspace/ros2_ws/build/crane_x7_gazebo': CMAKE_PREFIX_PATH=${CMAKE_PREFIX_PATH}:/opt/ros/humble:/workspace/ros2_camera_ws/install/puck_detection /usr/bin/cmake --build /workspace/ros2_ws/build/crane_x7_gazebo -- -j16 -l16
[3.647s] DEBUG:colcon.colcon_core.event_handler.log_command:Invoked command in '/workspace/ros2_ws/build/crane_x7_gazebo' returned '0': CMAKE_PREFIX_PATH=${CMAKE_PREFIX_PATH}:/opt/ros/humble:/workspace/ros2_camera_ws/install/puck_detection /usr/bin/cmake --build /workspace/ros2_ws/build/crane_x7_gazebo -- -j16 -l16
[3.678s] DEBUG:colcon.colcon_core.event_handler.log_command:Invoking command in '/workspace/ros2_ws/build/crane_x7_gazebo': CMAKE_PREFIX_PATH=${CMAKE_PREFIX_PATH}:/opt/ros/humble:/workspace/ros2_camera_ws/install/puck_detection /usr/bin/cmake --install /workspace/ros2_ws/build/crane_x7_gazebo
[3.709s] Level 1:colcon.colcon_core.environment:create_environment_scripts_only(crane_x7_gazebo)
[3.711s] DEBUG:colcon.colcon_core.event_handler.log_command:Invoked command in '/workspace/ros2_ws/build/crane_x7_gazebo' returned '0': CMAKE_PREFIX_PATH=${CMAKE_PREFIX_PATH}:/opt/ros/humble:/workspace/ros2_camera_ws/install/puck_detection /usr/bin/cmake --install /workspace/ros2_ws/build/crane_x7_gazebo
[3.721s] Level 1:colcon.colcon_core.environment:checking '/workspace/ros2_ws/install/crane_x7_gazebo' for CMake module files
[3.724s] Level 1:colcon.colcon_core.environment:checking '/workspace/ros2_ws/install/crane_x7_gazebo' for CMake config files
[3.725s] Level 1:colcon.colcon_core.shell:create_environment_hook('crane_x7_gazebo', 'cmake_prefix_path')
[3.726s] INFO:colcon.colcon_core.shell:Creating environment hook '/workspace/ros2_ws/install/crane_x7_gazebo/share/crane_x7_gazebo/hook/cmake_prefix_path.ps1'
[3.728s] INFO:colcon.colcon_core.shell:Creating environment descriptor '/workspace/ros2_ws/install/crane_x7_gazebo/share/crane_x7_gazebo/hook/cmake_prefix_path.dsv'
[3.730s] INFO:colcon.colcon_core.shell:Creating environment hook '/workspace/ros2_ws/install/crane_x7_gazebo/share/crane_x7_gazebo/hook/cmake_prefix_path.sh'
[3.733s] Level 1:colcon.colcon_core.environment:checking '/workspace/ros2_ws/install/crane_x7_gazebo/bin'
[3.733s] Level 1:colcon.colcon_core.environment:checking '/workspace/ros2_ws/install/crane_x7_gazebo/lib/pkgconfig/crane_x7_gazebo.pc'
[3.740s] Level 1:colcon.colcon_core.environment:checking '/workspace/ros2_ws/install/crane_x7_gazebo/lib/python3.10/site-packages'
[3.741s] Level 1:colcon.colcon_core.environment:checking '/workspace/ros2_ws/install/crane_x7_gazebo/bin'
[3.743s] INFO:colcon.colcon_core.shell:Creating package script '/workspace/ros2_ws/install/crane_x7_gazebo/share/crane_x7_gazebo/package.ps1'
[3.746s] INFO:colcon.colcon_core.shell:Creating package descriptor '/workspace/ros2_ws/install/crane_x7_gazebo/share/crane_x7_gazebo/package.dsv'
[3.750s] INFO:colcon.colcon_core.shell:Creating package script '/workspace/ros2_ws/install/crane_x7_gazebo/share/crane_x7_gazebo/package.sh'
[3.752s] INFO:colcon.colcon_core.shell:Creating package script '/workspace/ros2_ws/install/crane_x7_gazebo/share/crane_x7_gazebo/package.bash'
[3.754s] INFO:colcon.colcon_core.shell:Creating package script '/workspace/ros2_ws/install/crane_x7_gazebo/share/crane_x7_gazebo/package.zsh'
[3.756s] Level 1:colcon.colcon_core.environment:create_file_with_runtime_dependencies(/workspace/ros2_ws/install/crane_x7_gazebo/share/colcon-core/packages/crane_x7_gazebo)
[3.758s] Level 1:colcon.colcon_core.environment:create_environment_scripts_only(crane_x7_gazebo)
[3.759s] Level 1:colcon.colcon_core.environment:checking '/workspace/ros2_ws/install/crane_x7_gazebo' for CMake module files
[3.760s] Level 1:colcon.colcon_core.environment:checking '/workspace/ros2_ws/install/crane_x7_gazebo' for CMake config files
[3.760s] Level 1:colcon.colcon_core.shell:create_environment_hook('crane_x7_gazebo', 'cmake_prefix_path')
[3.761s] INFO:colcon.colcon_core.shell:Creating environment hook '/workspace/ros2_ws/install/crane_x7_gazebo/share/crane_x7_gazebo/hook/cmake_prefix_path.ps1'
[3.763s] INFO:colcon.colcon_core.shell:Creating environment descriptor '/workspace/ros2_ws/install/crane_x7_gazebo/share/crane_x7_gazebo/hook/cmake_prefix_path.dsv'
[3.764s] INFO:colcon.colcon_core.shell:Creating environment hook '/workspace/ros2_ws/install/crane_x7_gazebo/share/crane_x7_gazebo/hook/cmake_prefix_path.sh'
[3.766s] Level 1:colcon.colcon_core.environment:checking '/workspace/ros2_ws/install/crane_x7_gazebo/bin'
[3.766s] Level 1:colcon.colcon_core.environment:checking '/workspace/ros2_ws/install/crane_x7_gazebo/lib/pkgconfig/crane_x7_gazebo.pc'
[3.766s] Level 1:colcon.colcon_core.environment:checking '/workspace/ros2_ws/install/crane_x7_gazebo/lib/python3.10/site-packages'
[3.767s] Level 1:colcon.colcon_core.environment:checking '/workspace/ros2_ws/install/crane_x7_gazebo/bin'
[3.768s] INFO:colcon.colcon_core.shell:Creating package script '/workspace/ros2_ws/install/crane_x7_gazebo/share/crane_x7_gazebo/package.ps1'
[3.769s] INFO:colcon.colcon_core.shell:Creating package descriptor '/workspace/ros2_ws/install/crane_x7_gazebo/share/crane_x7_gazebo/package.dsv'
[3.771s] INFO:colcon.colcon_core.shell:Creating package script '/workspace/ros2_ws/install/crane_x7_gazebo/share/crane_x7_gazebo/package.sh'
[3.772s] INFO:colcon.colcon_core.shell:Creating package script '/workspace/ros2_ws/install/crane_x7_gazebo/share/crane_x7_gazebo/package.bash'
[3.773s] INFO:colcon.colcon_core.shell:Creating package script '/workspace/ros2_ws/install/crane_x7_gazebo/share/crane_x7_gazebo/package.zsh'
[3.774s] Level 1:colcon.colcon_core.environment:create_file_with_runtime_dependencies(/workspace/ros2_ws/install/crane_x7_gazebo/share/colcon-core/packages/crane_x7_gazebo)
[4.836s] DEBUG:colcon.colcon_core.event_handler.log_command:Invoked command in '/workspace/ros2_ws/build/crane_x7_description' returned '0': CMAKE_PREFIX_PATH=${CMAKE_PREFIX_PATH}:/opt/ros/humble:/workspace/ros2_camera_ws/install/puck_detection /usr/bin/cmake /workspace/ros2_ws/src/crane_x7_description -DCMAKE_INSTALL_PREFIX=/workspace/ros2_ws/install/crane_x7_description
[4.838s] DEBUG:colcon.colcon_core.event_handler.log_command:Invoking command in '/workspace/ros2_ws/build/crane_x7_description': CMAKE_PREFIX_PATH=${CMAKE_PREFIX_PATH}:/opt/ros/humble:/workspace/ros2_camera_ws/install/puck_detection /usr/bin/cmake --build /workspace/ros2_ws/build/crane_x7_description -- -j16 -l16
[5.871s] DEBUG:colcon.colcon_core.event_handler.log_command:Invoked command in '/workspace/ros2_ws/build/crane_x7_description' returned '0': CMAKE_PREFIX_PATH=${CMAKE_PREFIX_PATH}:/opt/ros/humble:/workspace/ros2_camera_ws/install/puck_detection /usr/bin/cmake --build /workspace/ros2_ws/build/crane_x7_description -- -j16 -l16
[5.874s] DEBUG:colcon.colcon_core.event_handler.log_command:Invoking command in '/workspace/ros2_ws/build/crane_x7_description': CMAKE_PREFIX_PATH=${CMAKE_PREFIX_PATH}:/opt/ros/humble:/workspace/ros2_camera_ws/install/puck_detection /usr/bin/cmake --install /workspace/ros2_ws/build/crane_x7_description
[6.114s] Level 1:colcon.colcon_core.environment:create_environment_scripts_only(crane_x7_description)
[6.115s] Level 1:colcon.colcon_core.environment:checking '/workspace/ros2_ws/install/crane_x7_description' for CMake module files
[6.117s] DEBUG:colcon.colcon_core.event_handler.log_command:Invoked command in '/workspace/ros2_ws/build/crane_x7_description' returned '0': CMAKE_PREFIX_PATH=${CMAKE_PREFIX_PATH}:/opt/ros/humble:/workspace/ros2_camera_ws/install/puck_detection /usr/bin/cmake --install /workspace/ros2_ws/build/crane_x7_description
[6.118s] Level 1:colcon.colcon_core.environment:checking '/workspace/ros2_ws/install/crane_x7_description' for CMake config files
[6.118s] Level 1:colcon.colcon_core.shell:create_environment_hook('crane_x7_description', 'cmake_prefix_path')
[6.119s] INFO:colcon.colcon_core.shell:Creating environment hook '/workspace/ros2_ws/install/crane_x7_description/share/crane_x7_description/hook/cmake_prefix_path.ps1'
[6.120s] INFO:colcon.colcon_core.shell:Creating environment descriptor '/workspace/ros2_ws/install/crane_x7_description/share/crane_x7_description/hook/cmake_prefix_path.dsv'
[6.121s] INFO:colcon.colcon_core.shell:Creating environment hook '/workspace/ros2_ws/install/crane_x7_description/share/crane_x7_description/hook/cmake_prefix_path.sh'
[6.122s] Level 1:colcon.colcon_core.environment:checking '/workspace/ros2_ws/install/crane_x7_description/lib'
[6.122s] Level 1:colcon.colcon_core.environment:checking '/workspace/ros2_ws/install/crane_x7_description/bin'
[6.123s] Level 1:colcon.colcon_core.environment:checking '/workspace/ros2_ws/install/crane_x7_description/lib/pkgconfig/crane_x7_description.pc'
[6.123s] Level 1:colcon.colcon_core.environment:checking '/workspace/ros2_ws/install/crane_x7_description/lib/python3.10/site-packages'
[6.124s] Level 1:colcon.colcon_core.environment:checking '/workspace/ros2_ws/install/crane_x7_description/bin'
[6.124s] INFO:colcon.colcon_core.shell:Creating package script '/workspace/ros2_ws/install/crane_x7_description/share/crane_x7_description/package.ps1'
[6.125s] INFO:colcon.colcon_core.shell:Creating package descriptor '/workspace/ros2_ws/install/crane_x7_description/share/crane_x7_description/package.dsv'
[6.126s] INFO:colcon.colcon_core.shell:Creating package script '/workspace/ros2_ws/install/crane_x7_description/share/crane_x7_description/package.sh'
[6.127s] INFO:colcon.colcon_core.shell:Creating package script '/workspace/ros2_ws/install/crane_x7_description/share/crane_x7_description/package.bash'
[6.128s] INFO:colcon.colcon_core.shell:Creating package script '/workspace/ros2_ws/install/crane_x7_description/share/crane_x7_description/package.zsh'
[6.129s] Level 1:colcon.colcon_core.environment:create_file_with_runtime_dependencies(/workspace/ros2_ws/install/crane_x7_description/share/colcon-core/packages/crane_x7_description)
[6.130s] Level 1:colcon.colcon_core.environment:create_environment_scripts_only(crane_x7_description)
[6.131s] Level 1:colcon.colcon_core.environment:checking '/workspace/ros2_ws/install/crane_x7_description' for CMake module files
[6.132s] Level 1:colcon.colcon_core.environment:checking '/workspace/ros2_ws/install/crane_x7_description' for CMake config files
[6.132s] Level 1:colcon.colcon_core.shell:create_environment_hook('crane_x7_description', 'cmake_prefix_path')
[6.133s] INFO:colcon.colcon_core.shell:Creating environment hook '/workspace/ros2_ws/install/crane_x7_description/share/crane_x7_description/hook/cmake_prefix_path.ps1'
[6.134s] INFO:colcon.colcon_core.shell:Creating environment descriptor '/workspace/ros2_ws/install/crane_x7_description/share/crane_x7_description/hook/cmake_prefix_path.dsv'
[6.135s] INFO:colcon.colcon_core.shell:Creating environment hook '/workspace/ros2_ws/install/crane_x7_description/share/crane_x7_description/hook/cmake_prefix_path.sh'
[6.136s] Level 1:colcon.colcon_core.environment:checking '/workspace/ros2_ws/install/crane_x7_description/lib'
[6.137s] Level 1:colcon.colcon_core.environment:checking '/workspace/ros2_ws/install/crane_x7_description/bin'
[6.137s] Level 1:colcon.colcon_core.environment:checking '/workspace/ros2_ws/install/crane_x7_description/lib/pkgconfig/crane_x7_description.pc'
[6.138s] Level 1:colcon.colcon_core.environment:checking '/workspace/ros2_ws/install/crane_x7_description/lib/python3.10/site-packages'
[6.138s] Level 1:colcon.colcon_core.environment:checking '/workspace/ros2_ws/install/crane_x7_description/bin'
[6.140s] INFO:colcon.colcon_core.shell:Creating package script '/workspace/ros2_ws/install/crane_x7_description/share/crane_x7_description/package.ps1'
[6.142s] INFO:colcon.colcon_core.shell:Creating package descriptor '/workspace/ros2_ws/install/crane_x7_description/share/crane_x7_description/package.dsv'
[6.143s] INFO:colcon.colcon_core.shell:Creating package script '/workspace/ros2_ws/install/crane_x7_description/share/crane_x7_description/package.sh'
[6.145s] INFO:colcon.colcon_core.shell:Creating package script '/workspace/ros2_ws/install/crane_x7_description/share/crane_x7_description/package.bash'
[6.146s] INFO:colcon.colcon_core.shell:Creating package script '/workspace/ros2_ws/install/crane_x7_description/share/crane_x7_description/package.zsh'
[6.148s] Level 1:colcon.colcon_core.environment:create_file_with_runtime_dependencies(/workspace/ros2_ws/install/crane_x7_description/share/colcon-core/packages/crane_x7_description)
[6.149s] INFO:colcon.colcon_ros.task.ament_cmake.build:Building ROS package in '/workspace/ros2_ws/src/crane_x7_ros/crane_x7_control' with build type 'ament_cmake'
[6.149s] INFO:colcon.colcon_cmake.task.cmake.build:Building CMake package in '/workspace/ros2_ws/src/crane_x7_ros/crane_x7_control'
[6.150s] INFO:colcon.colcon_core.shell:Skip shell extension 'powershell' for command environment: Not usable outside of PowerShell
[6.151s] DEBUG:colcon.colcon_core.shell:Skip shell extension 'dsv' for command environment
[6.165s] INFO:colcon.colcon_ros.task.ament_cmake.build:Building ROS package in '/workspace/ros2_ws/src/crane_x7_ros/crane_x7_moveit_config' with build type 'ament_cmake'
[6.165s] INFO:colcon.colcon_cmake.task.cmake.build:Building CMake package in '/workspace/ros2_ws/src/crane_x7_ros/crane_x7_moveit_config'
[6.166s] INFO:colcon.colcon_core.shell:Skip shell extension 'powershell' for command environment: Not usable outside of PowerShell
[6.167s] DEBUG:colcon.colcon_core.shell:Skip shell extension 'dsv' for command environment
[6.184s] DEBUG:colcon.colcon_core.event_handler.log_command:Invoking command in '/workspace/ros2_ws/build/crane_x7_control': CMAKE_PREFIX_PATH=/workspace/ros2_ws/install/crane_x7_description:/workspace/ros2_ws/install/move_arm_hockey:/workspace/ros2_ws/install/crane_x7:/workspace/ros2_ws/install/crane_x7_examples:/workspace/ros2_ws/install/crane_x7_moveit_config:/workspace/ros2_ws/install/crane_x7_gazebo:/workspace/ros2_ws/install/crane_x7_control:/opt/ros/humble:/workspace/ros2_camera_ws/install/puck_detection /usr/bin/cmake /workspace/ros2_ws/src/crane_x7_ros/crane_x7_control -DCMAKE_INSTALL_PREFIX=/workspace/ros2_ws/install/crane_x7_control
[6.191s] DEBUG:colcon.colcon_core.event_handler.log_command:Invoking command in '/workspace/ros2_ws/build/crane_x7_moveit_config': CMAKE_PREFIX_PATH=/workspace/ros2_ws/install/crane_x7_description:/workspace/ros2_ws/install/move_arm_hockey:/workspace/ros2_ws/install/crane_x7:/workspace/ros2_ws/install/crane_x7_examples:/workspace/ros2_ws/install/crane_x7_moveit_config:/workspace/ros2_ws/install/crane_x7_gazebo:/workspace/ros2_ws/install/crane_x7_control:/opt/ros/humble:/workspace/ros2_camera_ws/install/puck_detection /usr/bin/cmake /workspace/ros2_ws/src/crane_x7_ros/crane_x7_moveit_config -DCMAKE_INSTALL_PREFIX=/workspace/ros2_ws/install/crane_x7_moveit_config
[8.433s] DEBUG:colcon.colcon_core.event_handler.log_command:Invoked command in '/workspace/ros2_ws/build/crane_x7_moveit_config' returned '0': CMAKE_PREFIX_PATH=/workspace/ros2_ws/install/crane_x7_description:/workspace/ros2_ws/install/move_arm_hockey:/workspace/ros2_ws/install/crane_x7:/workspace/ros2_ws/install/crane_x7_examples:/workspace/ros2_ws/install/crane_x7_moveit_config:/workspace/ros2_ws/install/crane_x7_gazebo:/workspace/ros2_ws/install/crane_x7_control:/opt/ros/humble:/workspace/ros2_camera_ws/install/puck_detection /usr/bin/cmake /workspace/ros2_ws/src/crane_x7_ros/crane_x7_moveit_config -DCMAKE_INSTALL_PREFIX=/workspace/ros2_ws/install/crane_x7_moveit_config
[8.437s] DEBUG:colcon.colcon_core.event_handler.log_command:Invoking command in '/workspace/ros2_ws/build/crane_x7_moveit_config': CMAKE_PREFIX_PATH=/workspace/ros2_ws/install/crane_x7_description:/workspace/ros2_ws/install/move_arm_hockey:/workspace/ros2_ws/install/crane_x7:/workspace/ros2_ws/install/crane_x7_examples:/workspace/ros2_ws/install/crane_x7_moveit_config:/workspace/ros2_ws/install/crane_x7_gazebo:/workspace/ros2_ws/install/crane_x7_control:/opt/ros/humble:/workspace/ros2_camera_ws/install/puck_detection /usr/bin/cmake --build /workspace/ros2_ws/build/crane_x7_moveit_config -- -j16 -l16
[8.545s] DEBUG:colcon.colcon_core.event_handler.log_command:Invoked command in '/workspace/ros2_ws/build/crane_x7_moveit_config' returned '0': CMAKE_PREFIX_PATH=/workspace/ros2_ws/install/crane_x7_description:/workspace/ros2_ws/install/move_arm_hockey:/workspace/ros2_ws/install/crane_x7:/workspace/ros2_ws/install/crane_x7_examples:/workspace/ros2_ws/install/crane_x7_moveit_config:/workspace/ros2_ws/install/crane_x7_gazebo:/workspace/ros2_ws/install/crane_x7_control:/opt/ros/humble:/workspace/ros2_camera_ws/install/puck_detection /usr/bin/cmake --build /workspace/ros2_ws/build/crane_x7_moveit_config -- -j16 -l16
[8.548s] DEBUG:colcon.colcon_core.event_handler.log_command:Invoking command in '/workspace/ros2_ws/build/crane_x7_moveit_config': CMAKE_PREFIX_PATH=/workspace/ros2_ws/install/crane_x7_description:/workspace/ros2_ws/install/move_arm_hockey:/workspace/ros2_ws/install/crane_x7:/workspace/ros2_ws/install/crane_x7_examples:/workspace/ros2_ws/install/crane_x7_moveit_config:/workspace/ros2_ws/install/crane_x7_gazebo:/workspace/ros2_ws/install/crane_x7_control:/opt/ros/humble:/workspace/ros2_camera_ws/install/puck_detection /usr/bin/cmake --install /workspace/ros2_ws/build/crane_x7_moveit_config
[8.581s] Level 1:colcon.colcon_core.environment:create_environment_scripts_only(crane_x7_moveit_config)
[8.582s] Level 1:colcon.colcon_core.environment:checking '/workspace/ros2_ws/install/crane_x7_moveit_config' for CMake module files
[8.584s] DEBUG:colcon.colcon_core.event_handler.log_command:Invoked command in '/workspace/ros2_ws/build/crane_x7_moveit_config' returned '0': CMAKE_PREFIX_PATH=/workspace/ros2_ws/install/crane_x7_description:/workspace/ros2_ws/install/move_arm_hockey:/workspace/ros2_ws/install/crane_x7:/workspace/ros2_ws/install/crane_x7_examples:/workspace/ros2_ws/install/crane_x7_moveit_config:/workspace/ros2_ws/install/crane_x7_gazebo:/workspace/ros2_ws/install/crane_x7_control:/opt/ros/humble:/workspace/ros2_camera_ws/install/puck_detection /usr/bin/cmake --install /workspace/ros2_ws/build/crane_x7_moveit_config
[8.585s] Level 1:colcon.colcon_core.environment:checking '/workspace/ros2_ws/install/crane_x7_moveit_config' for CMake config files
[8.585s] Level 1:colcon.colcon_core.shell:create_environment_hook('crane_x7_moveit_config', 'cmake_prefix_path')
[8.586s] INFO:colcon.colcon_core.shell:Creating environment hook '/workspace/ros2_ws/install/crane_x7_moveit_config/share/crane_x7_moveit_config/hook/cmake_prefix_path.ps1'
[8.588s] INFO:colcon.colcon_core.shell:Creating environment descriptor '/workspace/ros2_ws/install/crane_x7_moveit_config/share/crane_x7_moveit_config/hook/cmake_prefix_path.dsv'
[8.589s] INFO:colcon.colcon_core.shell:Creating environment hook '/workspace/ros2_ws/install/crane_x7_moveit_config/share/crane_x7_moveit_config/hook/cmake_prefix_path.sh'
[8.591s] Level 1:colcon.colcon_core.environment:checking '/workspace/ros2_ws/install/crane_x7_moveit_config/bin'
[8.592s] Level 1:colcon.colcon_core.environment:checking '/workspace/ros2_ws/install/crane_x7_moveit_config/lib/pkgconfig/crane_x7_moveit_config.pc'
[8.593s] Level 1:colcon.colcon_core.environment:checking '/workspace/ros2_ws/install/crane_x7_moveit_config/lib/python3.10/site-packages'
[8.594s] Level 1:colcon.colcon_core.environment:checking '/workspace/ros2_ws/install/crane_x7_moveit_config/bin'
[8.595s] INFO:colcon.colcon_core.shell:Creating package script '/workspace/ros2_ws/install/crane_x7_moveit_config/share/crane_x7_moveit_config/package.ps1'
[8.597s] INFO:colcon.colcon_core.shell:Creating package descriptor '/workspace/ros2_ws/install/crane_x7_moveit_config/share/crane_x7_moveit_config/package.dsv'
[8.599s] INFO:colcon.colcon_core.shell:Creating package script '/workspace/ros2_ws/install/crane_x7_moveit_config/share/crane_x7_moveit_config/package.sh'
[8.601s] INFO:colcon.colcon_core.shell:Creating package script '/workspace/ros2_ws/install/crane_x7_moveit_config/share/crane_x7_moveit_config/package.bash'
[8.602s] INFO:colcon.colcon_core.shell:Creating package script '/workspace/ros2_ws/install/crane_x7_moveit_config/share/crane_x7_moveit_config/package.zsh'
[8.604s] Level 1:colcon.colcon_core.environment:create_file_with_runtime_dependencies(/workspace/ros2_ws/install/crane_x7_moveit_config/share/colcon-core/packages/crane_x7_moveit_config)
[8.606s] Level 1:colcon.colcon_core.environment:create_environment_scripts_only(crane_x7_moveit_config)
[8.607s] Level 1:colcon.colcon_core.environment:checking '/workspace/ros2_ws/install/crane_x7_moveit_config' for CMake module files
[8.609s] Level 1:colcon.colcon_core.environment:checking '/workspace/ros2_ws/install/crane_x7_moveit_config' for CMake config files
[8.610s] Level 1:colcon.colcon_core.shell:create_environment_hook('crane_x7_moveit_config', 'cmake_prefix_path')
[8.611s] INFO:colcon.colcon_core.shell:Creating environment hook '/workspace/ros2_ws/install/crane_x7_moveit_config/share/crane_x7_moveit_config/hook/cmake_prefix_path.ps1'
[8.613s] INFO:colcon.colcon_core.shell:Creating environment descriptor '/workspace/ros2_ws/install/crane_x7_moveit_config/share/crane_x7_moveit_config/hook/cmake_prefix_path.dsv'
[8.614s] INFO:colcon.colcon_core.shell:Creating environment hook '/workspace/ros2_ws/install/crane_x7_moveit_config/share/crane_x7_moveit_config/hook/cmake_prefix_path.sh'
[8.616s] Level 1:colcon.colcon_core.environment:checking '/workspace/ros2_ws/install/crane_x7_moveit_config/bin'
[8.617s] Level 1:colcon.colcon_core.environment:checking '/workspace/ros2_ws/install/crane_x7_moveit_config/lib/pkgconfig/crane_x7_moveit_config.pc'
[8.618s] Level 1:colcon.colcon_core.environment:checking '/workspace/ros2_ws/install/crane_x7_moveit_config/lib/python3.10/site-packages'
[8.618s] Level 1:colcon.colcon_core.environment:checking '/workspace/ros2_ws/install/crane_x7_moveit_config/bin'
[8.620s] INFO:colcon.colcon_core.shell:Creating package script '/workspace/ros2_ws/install/crane_x7_moveit_config/share/crane_x7_moveit_config/package.ps1'
[8.622s] INFO:colcon.colcon_core.shell:Creating package descriptor '/workspace/ros2_ws/install/crane_x7_moveit_config/share/crane_x7_moveit_config/package.dsv'
[8.623s] INFO:colcon.colcon_core.shell:Creating package script '/workspace/ros2_ws/install/crane_x7_moveit_config/share/crane_x7_moveit_config/package.sh'
[8.624s] INFO:colcon.colcon_core.shell:Creating package script '/workspace/ros2_ws/install/crane_x7_moveit_config/share/crane_x7_moveit_config/package.bash'
[8.625s] INFO:colcon.colcon_core.shell:Creating package script '/workspace/ros2_ws/install/crane_x7_moveit_config/share/crane_x7_moveit_config/package.zsh'
[8.626s] Level 1:colcon.colcon_core.environment:create_file_with_runtime_dependencies(/workspace/ros2_ws/install/crane_x7_moveit_config/share/colcon-core/packages/crane_x7_moveit_config)
[10.841s] DEBUG:colcon.colcon_core.event_handler.log_command:Invoked command in '/workspace/ros2_ws/build/crane_x7_control' returned '0': CMAKE_PREFIX_PATH=/workspace/ros2_ws/install/crane_x7_description:/workspace/ros2_ws/install/move_arm_hockey:/workspace/ros2_ws/install/crane_x7:/workspace/ros2_ws/install/crane_x7_examples:/workspace/ros2_ws/install/crane_x7_moveit_config:/workspace/ros2_ws/install/crane_x7_gazebo:/workspace/ros2_ws/install/crane_x7_control:/opt/ros/humble:/workspace/ros2_camera_ws/install/puck_detection /usr/bin/cmake /workspace/ros2_ws/src/crane_x7_ros/crane_x7_control -DCMAKE_INSTALL_PREFIX=/workspace/ros2_ws/install/crane_x7_control
[10.845s] DEBUG:colcon.colcon_core.event_handler.log_command:Invoking command in '/workspace/ros2_ws/build/crane_x7_control': CMAKE_PREFIX_PATH=/workspace/ros2_ws/install/crane_x7_description:/workspace/ros2_ws/install/move_arm_hockey:/workspace/ros2_ws/install/crane_x7:/workspace/ros2_ws/install/crane_x7_examples:/workspace/ros2_ws/install/crane_x7_moveit_config:/workspace/ros2_ws/install/crane_x7_gazebo:/workspace/ros2_ws/install/crane_x7_control:/opt/ros/humble:/workspace/ros2_camera_ws/install/puck_detection /usr/bin/cmake --build /workspace/ros2_ws/build/crane_x7_control -- -j16 -l16
[23.006s] DEBUG:colcon.colcon_core.event_handler.log_command:Invoked command in '/workspace/ros2_ws/build/crane_x7_control' returned '0': CMAKE_PREFIX_PATH=/workspace/ros2_ws/install/crane_x7_description:/workspace/ros2_ws/install/move_arm_hockey:/workspace/ros2_ws/install/crane_x7:/workspace/ros2_ws/install/crane_x7_examples:/workspace/ros2_ws/install/crane_x7_moveit_config:/workspace/ros2_ws/install/crane_x7_gazebo:/workspace/ros2_ws/install/crane_x7_control:/opt/ros/humble:/workspace/ros2_camera_ws/install/puck_detection /usr/bin/cmake --build /workspace/ros2_ws/build/crane_x7_control -- -j16 -l16
[23.010s] DEBUG:colcon.colcon_core.event_handler.log_command:Invoking command in '/workspace/ros2_ws/build/crane_x7_control': CMAKE_PREFIX_PATH=/workspace/ros2_ws/install/crane_x7_description:/workspace/ros2_ws/install/move_arm_hockey:/workspace/ros2_ws/install/crane_x7:/workspace/ros2_ws/install/crane_x7_examples:/workspace/ros2_ws/install/crane_x7_moveit_config:/workspace/ros2_ws/install/crane_x7_gazebo:/workspace/ros2_ws/install/crane_x7_control:/opt/ros/humble:/workspace/ros2_camera_ws/install/puck_detection /usr/bin/cmake --install /workspace/ros2_ws/build/crane_x7_control
[23.046s] Level 1:colcon.colcon_core.environment:create_environment_scripts_only(crane_x7_control)
[23.047s] Level 1:colcon.colcon_core.environment:checking '/workspace/ros2_ws/install/crane_x7_control' for CMake module files
[23.049s] DEBUG:colcon.colcon_core.event_handler.log_command:Invoked command in '/workspace/ros2_ws/build/crane_x7_control' returned '0': CMAKE_PREFIX_PATH=/workspace/ros2_ws/install/crane_x7_description:/workspace/ros2_ws/install/move_arm_hockey:/workspace/ros2_ws/install/crane_x7:/workspace/ros2_ws/install/crane_x7_examples:/workspace/ros2_ws/install/crane_x7_moveit_config:/workspace/ros2_ws/install/crane_x7_gazebo:/workspace/ros2_ws/install/crane_x7_control:/opt/ros/humble:/workspace/ros2_camera_ws/install/puck_detection /usr/bin/cmake --install /workspace/ros2_ws/build/crane_x7_control
[23.051s] Level 1:colcon.colcon_core.environment:checking '/workspace/ros2_ws/install/crane_x7_control' for CMake config files
[23.051s] Level 1:colcon.colcon_core.shell:create_environment_hook('crane_x7_control', 'cmake_prefix_path')
[23.052s] INFO:colcon.colcon_core.shell:Creating environment hook '/workspace/ros2_ws/install/crane_x7_control/share/crane_x7_control/hook/cmake_prefix_path.ps1'
[23.054s] INFO:colcon.colcon_core.shell:Creating environment descriptor '/workspace/ros2_ws/install/crane_x7_control/share/crane_x7_control/hook/cmake_prefix_path.dsv'
[23.056s] INFO:colcon.colcon_core.shell:Creating environment hook '/workspace/ros2_ws/install/crane_x7_control/share/crane_x7_control/hook/cmake_prefix_path.sh'
[23.058s] Level 1:colcon.colcon_core.environment:checking '/workspace/ros2_ws/install/crane_x7_control/lib'
[23.058s] Level 1:colcon.colcon_core.shell:create_environment_hook('crane_x7_control', 'ld_library_path_lib')
[23.060s] INFO:colcon.colcon_core.shell:Creating environment hook '/workspace/ros2_ws/install/crane_x7_control/share/crane_x7_control/hook/ld_library_path_lib.ps1'
[23.061s] INFO:colcon.colcon_core.shell:Creating environment descriptor '/workspace/ros2_ws/install/crane_x7_control/share/crane_x7_control/hook/ld_library_path_lib.dsv'
[23.062s] INFO:colcon.colcon_core.shell:Creating environment hook '/workspace/ros2_ws/install/crane_x7_control/share/crane_x7_control/hook/ld_library_path_lib.sh'
[23.064s] Level 1:colcon.colcon_core.environment:checking '/workspace/ros2_ws/install/crane_x7_control/bin'
[23.064s] Level 1:colcon.colcon_core.environment:checking '/workspace/ros2_ws/install/crane_x7_control/lib/pkgconfig/crane_x7_control.pc'
[23.065s] Level 1:colcon.colcon_core.environment:checking '/workspace/ros2_ws/install/crane_x7_control/lib/python3.10/site-packages'
[23.066s] Level 1:colcon.colcon_core.environment:checking '/workspace/ros2_ws/install/crane_x7_control/bin'
[23.067s] INFO:colcon.colcon_core.shell:Creating package script '/workspace/ros2_ws/install/crane_x7_control/share/crane_x7_control/package.ps1'
[23.069s] INFO:colcon.colcon_core.shell:Creating package descriptor '/workspace/ros2_ws/install/crane_x7_control/share/crane_x7_control/package.dsv'
[23.070s] INFO:colcon.colcon_core.shell:Creating package script '/workspace/ros2_ws/install/crane_x7_control/share/crane_x7_control/package.sh'
[23.071s] INFO:colcon.colcon_core.shell:Creating package script '/workspace/ros2_ws/install/crane_x7_control/share/crane_x7_control/package.bash'
[23.072s] INFO:colcon.colcon_core.shell:Creating package script '/workspace/ros2_ws/install/crane_x7_control/share/crane_x7_control/package.zsh'
[23.073s] Level 1:colcon.colcon_core.environment:create_file_with_runtime_dependencies(/workspace/ros2_ws/install/crane_x7_control/share/colcon-core/packages/crane_x7_control)
[23.074s] Level 1:colcon.colcon_core.environment:create_environment_scripts_only(crane_x7_control)
[23.075s] Level 1:colcon.colcon_core.environment:checking '/workspace/ros2_ws/install/crane_x7_control' for CMake module files
[23.076s] Level 1:colcon.colcon_core.environment:checking '/workspace/ros2_ws/install/crane_x7_control' for CMake config files
[23.077s] Level 1:colcon.colcon_core.shell:create_environment_hook('crane_x7_control', 'cmake_prefix_path')
[23.077s] INFO:colcon.colcon_core.shell:Creating environment hook '/workspace/ros2_ws/install/crane_x7_control/share/crane_x7_control/hook/cmake_prefix_path.ps1'
[23.079s] INFO:colcon.colcon_core.shell:Creating environment descriptor '/workspace/ros2_ws/install/crane_x7_control/share/crane_x7_control/hook/cmake_prefix_path.dsv'
[23.080s] INFO:colcon.colcon_core.shell:Creating environment hook '/workspace/ros2_ws/install/crane_x7_control/share/crane_x7_control/hook/cmake_prefix_path.sh'
[23.082s] Level 1:colcon.colcon_core.environment:checking '/workspace/ros2_ws/install/crane_x7_control/lib'
[23.082s] Level 1:colcon.colcon_core.shell:create_environment_hook('crane_x7_control', 'ld_library_path_lib')
[23.082s] INFO:colcon.colcon_core.shell:Creating environment hook '/workspace/ros2_ws/install/crane_x7_control/share/crane_x7_control/hook/ld_library_path_lib.ps1'
[23.083s] INFO:colcon.colcon_core.shell:Creating environment descriptor '/workspace/ros2_ws/install/crane_x7_control/share/crane_x7_control/hook/ld_library_path_lib.dsv'
[23.084s] INFO:colcon.colcon_core.shell:Creating environment hook '/workspace/ros2_ws/install/crane_x7_control/share/crane_x7_control/hook/ld_library_path_lib.sh'
[23.085s] Level 1:colcon.colcon_core.environment:checking '/workspace/ros2_ws/install/crane_x7_control/bin'
[23.086s] Level 1:colcon.colcon_core.environment:checking '/workspace/ros2_ws/install/crane_x7_control/lib/pkgconfig/crane_x7_control.pc'
[23.086s] Level 1:colcon.colcon_core.environment:checking '/workspace/ros2_ws/install/crane_x7_control/lib/python3.10/site-packages'
[23.087s] Level 1:colcon.colcon_core.environment:checking '/workspace/ros2_ws/install/crane_x7_control/bin'
[23.088s] INFO:colcon.colcon_core.shell:Creating package script '/workspace/ros2_ws/install/crane_x7_control/share/crane_x7_control/package.ps1'
[23.089s] INFO:colcon.colcon_core.shell:Creating package descriptor '/workspace/ros2_ws/install/crane_x7_control/share/crane_x7_control/package.dsv'
[23.091s] INFO:colcon.colcon_core.shell:Creating package script '/workspace/ros2_ws/install/crane_x7_control/share/crane_x7_control/package.sh'
[23.092s] INFO:colcon.colcon_core.shell:Creating package script '/workspace/ros2_ws/install/crane_x7_control/share/crane_x7_control/package.bash'
[23.093s] INFO:colcon.colcon_core.shell:Creating package script '/workspace/ros2_ws/install/crane_x7_control/share/crane_x7_control/package.zsh'
[23.094s] Level 1:colcon.colcon_core.environment:create_file_with_runtime_dependencies(/workspace/ros2_ws/install/crane_x7_control/share/colcon-core/packages/crane_x7_control)
[23.095s] INFO:colcon.colcon_ros.task.ament_cmake.build:Building ROS package in '/workspace/ros2_ws/src/crane_x7_ros/crane_x7_examples' with build type 'ament_cmake'
[23.095s] INFO:colcon.colcon_cmake.task.cmake.build:Building CMake package in '/workspace/ros2_ws/src/crane_x7_ros/crane_x7_examples'
[23.096s] INFO:colcon.colcon_core.shell:Skip shell extension 'powershell' for command environment: Not usable outside of PowerShell
[23.096s] DEBUG:colcon.colcon_core.shell:Skip shell extension 'dsv' for command environment
[23.121s] INFO:colcon.colcon_ros.task.ament_cmake.build:Building ROS package in '/workspace/ros2_ws/src/crane_x7_ros/move_arm_hockey' with build type 'ament_cmake'
[23.122s] INFO:colcon.colcon_cmake.task.cmake.build:Building CMake package in '/workspace/ros2_ws/src/crane_x7_ros/move_arm_hockey'
[23.122s] INFO:colcon.colcon_core.shell:Skip shell extension 'powershell' for command environment: Not usable outside of PowerShell
[23.123s] DEBUG:colcon.colcon_core.shell:Skip shell extension 'dsv' for command environment
[23.144s] DEBUG:colcon.colcon_core.event_handler.log_command:Invoking command in '/workspace/ros2_ws/build/crane_x7_examples': CMAKE_PREFIX_PATH=/workspace/ros2_ws/install/crane_x7_moveit_config:/workspace/ros2_ws/install/crane_x7_control:/workspace/ros2_ws/install/crane_x7_description:/workspace/ros2_ws/install/move_arm_hockey:/workspace/ros2_ws/install/crane_x7:/workspace/ros2_ws/install/crane_x7_examples:/workspace/ros2_ws/install/crane_x7_gazebo:/opt/ros/humble:/workspace/ros2_camera_ws/install/puck_detection /usr/bin/cmake /workspace/ros2_ws/src/crane_x7_ros/crane_x7_examples -DCMAKE_INSTALL_PREFIX=/workspace/ros2_ws/install/crane_x7_examples
[23.154s] DEBUG:colcon.colcon_core.event_handler.log_command:Invoking command in '/workspace/ros2_ws/build/move_arm_hockey': CMAKE_PREFIX_PATH=/workspace/ros2_ws/install/crane_x7_moveit_config:/workspace/ros2_ws/install/crane_x7_control:/workspace/ros2_ws/install/crane_x7_description:/workspace/ros2_ws/install/move_arm_hockey:/workspace/ros2_ws/install/crane_x7:/workspace/ros2_ws/install/crane_x7_examples:/workspace/ros2_ws/install/crane_x7_gazebo:/opt/ros/humble:/workspace/ros2_camera_ws/install/puck_detection /usr/bin/cmake /workspace/ros2_ws/src/crane_x7_ros/move_arm_hockey -DCMAKE_INSTALL_PREFIX=/workspace/ros2_ws/install/move_arm_hockey
[27.740s] DEBUG:colcon.colcon_core.event_handler.log_command:Invoked command in '/workspace/ros2_ws/build/move_arm_hockey' returned '0': CMAKE_PREFIX_PATH=/workspace/ros2_ws/install/crane_x7_moveit_config:/workspace/ros2_ws/install/crane_x7_control:/workspace/ros2_ws/install/crane_x7_description:/workspace/ros2_ws/install/move_arm_hockey:/workspace/ros2_ws/install/crane_x7:/workspace/ros2_ws/install/crane_x7_examples:/workspace/ros2_ws/install/crane_x7_gazebo:/opt/ros/humble:/workspace/ros2_camera_ws/install/puck_detection /usr/bin/cmake /workspace/ros2_ws/src/crane_x7_ros/move_arm_hockey -DCMAKE_INSTALL_PREFIX=/workspace/ros2_ws/install/move_arm_hockey
[27.743s] DEBUG:colcon.colcon_core.event_handler.log_command:Invoking command in '/workspace/ros2_ws/build/move_arm_hockey': CMAKE_PREFIX_PATH=/workspace/ros2_ws/install/crane_x7_moveit_config:/workspace/ros2_ws/install/crane_x7_control:/workspace/ros2_ws/install/crane_x7_description:/workspace/ros2_ws/install/move_arm_hockey:/workspace/ros2_ws/install/crane_x7:/workspace/ros2_ws/install/crane_x7_examples:/workspace/ros2_ws/install/crane_x7_gazebo:/opt/ros/humble:/workspace/ros2_camera_ws/install/puck_detection /usr/bin/cmake --build /workspace/ros2_ws/build/move_arm_hockey -- -j16 -l16
[38.807s] DEBUG:colcon.colcon_core.event_handler.log_command:Invoked command in '/workspace/ros2_ws/build/crane_x7_examples' returned '0': CMAKE_PREFIX_PATH=/workspace/ros2_ws/install/crane_x7_moveit_config:/workspace/ros2_ws/install/crane_x7_control:/workspace/ros2_ws/install/crane_x7_description:/workspace/ros2_ws/install/move_arm_hockey:/workspace/ros2_ws/install/crane_x7:/workspace/ros2_ws/install/crane_x7_examples:/workspace/ros2_ws/install/crane_x7_gazebo:/opt/ros/humble:/workspace/ros2_camera_ws/install/puck_detection /usr/bin/cmake /workspace/ros2_ws/src/crane_x7_ros/crane_x7_examples -DCMAKE_INSTALL_PREFIX=/workspace/ros2_ws/install/crane_x7_examples
[38.808s] DEBUG:colcon.colcon_core.event_handler.log_command:Invoking command in '/workspace/ros2_ws/build/crane_x7_examples': CMAKE_PREFIX_PATH=/workspace/ros2_ws/install/crane_x7_moveit_config:/workspace/ros2_ws/install/crane_x7_control:/workspace/ros2_ws/install/crane_x7_description:/workspace/ros2_ws/install/move_arm_hockey:/workspace/ros2_ws/install/crane_x7:/workspace/ros2_ws/install/crane_x7_examples:/workspace/ros2_ws/install/crane_x7_gazebo:/opt/ros/humble:/workspace/ros2_camera_ws/install/puck_detection /usr/bin/cmake --build /workspace/ros2_ws/build/crane_x7_examples -- -j16 -l16
[63.275s] DEBUG:colcon.colcon_core.event_handler.log_command:Invoked command in '/workspace/ros2_ws/build/move_arm_hockey' returned '0': CMAKE_PREFIX_PATH=/workspace/ros2_ws/install/crane_x7_moveit_config:/workspace/ros2_ws/install/crane_x7_control:/workspace/ros2_ws/install/crane_x7_description:/workspace/ros2_ws/install/move_arm_hockey:/workspace/ros2_ws/install/crane_x7:/workspace/ros2_ws/install/crane_x7_examples:/workspace/ros2_ws/install/crane_x7_gazebo:/opt/ros/humble:/workspace/ros2_camera_ws/install/puck_detection /usr/bin/cmake --build /workspace/ros2_ws/build/move_arm_hockey -- -j16 -l16
[63.276s] DEBUG:colcon.colcon_core.event_handler.log_command:Invoking command in '/workspace/ros2_ws/build/move_arm_hockey': CMAKE_PREFIX_PATH=/workspace/ros2_ws/install/crane_x7_moveit_config:/workspace/ros2_ws/install/crane_x7_control:/workspace/ros2_ws/install/crane_x7_description:/workspace/ros2_ws/install/move_arm_hockey:/workspace/ros2_ws/install/crane_x7:/workspace/ros2_ws/install/crane_x7_examples:/workspace/ros2_ws/install/crane_x7_gazebo:/opt/ros/humble:/workspace/ros2_camera_ws/install/puck_detection /usr/bin/cmake --install /workspace/ros2_ws/build/move_arm_hockey
[63.505s] Level 1:colcon.colcon_core.environment:create_environment_scripts_only(move_arm_hockey)
[63.506s] Level 1:colcon.colcon_core.environment:checking '/workspace/ros2_ws/install/move_arm_hockey' for CMake module files
[63.508s] Level 1:colcon.colcon_core.environment:checking '/workspace/ros2_ws/install/move_arm_hockey' for CMake config files
[63.515s] Level 1:colcon.colcon_core.shell:create_environment_hook('move_arm_hockey', 'cmake_prefix_path')
[63.519s] INFO:colcon.colcon_core.shell:Creating environment hook '/workspace/ros2_ws/install/move_arm_hockey/share/move_arm_hockey/hook/cmake_prefix_path.ps1'
[63.522s] INFO:colcon.colcon_core.shell:Creating environment descriptor '/workspace/ros2_ws/install/move_arm_hockey/share/move_arm_hockey/hook/cmake_prefix_path.dsv'
[63.523s] INFO:colcon.colcon_core.shell:Creating environment hook '/workspace/ros2_ws/install/move_arm_hockey/share/move_arm_hockey/hook/cmake_prefix_path.sh'
[63.526s] DEBUG:colcon.colcon_core.event_handler.log_command:Invoked command in '/workspace/ros2_ws/build/move_arm_hockey' returned '0': CMAKE_PREFIX_PATH=/workspace/ros2_ws/install/crane_x7_moveit_config:/workspace/ros2_ws/install/crane_x7_control:/workspace/ros2_ws/install/crane_x7_description:/workspace/ros2_ws/install/move_arm_hockey:/workspace/ros2_ws/install/crane_x7:/workspace/ros2_ws/install/crane_x7_examples:/workspace/ros2_ws/install/crane_x7_gazebo:/opt/ros/humble:/workspace/ros2_camera_ws/install/puck_detection /usr/bin/cmake --install /workspace/ros2_ws/build/move_arm_hockey
[63.531s] Level 1:colcon.colcon_core.environment:checking '/workspace/ros2_ws/install/move_arm_hockey/lib'
[63.534s] Level 1:colcon.colcon_core.environment:checking '/workspace/ros2_ws/install/move_arm_hockey/bin'
[63.534s] Level 1:colcon.colcon_core.environment:checking '/workspace/ros2_ws/install/move_arm_hockey/lib/pkgconfig/move_arm_hockey.pc'
[63.536s] Level 1:colcon.colcon_core.environment:checking '/workspace/ros2_ws/install/move_arm_hockey/lib/python3.10/site-packages'
[63.537s] Level 1:colcon.colcon_core.environment:checking '/workspace/ros2_ws/install/move_arm_hockey/bin'
[63.538s] INFO:colcon.colcon_core.shell:Creating package script '/workspace/ros2_ws/install/move_arm_hockey/share/move_arm_hockey/package.ps1'
[63.539s] INFO:colcon.colcon_core.shell:Creating package descriptor '/workspace/ros2_ws/install/move_arm_hockey/share/move_arm_hockey/package.dsv'
[63.540s] INFO:colcon.colcon_core.shell:Creating package script '/workspace/ros2_ws/install/move_arm_hockey/share/move_arm_hockey/package.sh'
[63.542s] INFO:colcon.colcon_core.shell:Creating package script '/workspace/ros2_ws/install/move_arm_hockey/share/move_arm_hockey/package.bash'
[63.543s] INFO:colcon.colcon_core.shell:Creating package script '/workspace/ros2_ws/install/move_arm_hockey/share/move_arm_hockey/package.zsh'
[63.544s] Level 1:colcon.colcon_core.environment:create_file_with_runtime_dependencies(/workspace/ros2_ws/install/move_arm_hockey/share/colcon-core/packages/move_arm_hockey)
[63.547s] Level 1:colcon.colcon_core.environment:create_environment_scripts_only(move_arm_hockey)
[63.548s] Level 1:colcon.colcon_core.environment:checking '/workspace/ros2_ws/install/move_arm_hockey' for CMake module files
[63.550s] Level 1:colcon.colcon_core.environment:checking '/workspace/ros2_ws/install/move_arm_hockey' for CMake config files
[63.552s] Level 1:colcon.colcon_core.shell:create_environment_hook('move_arm_hockey', 'cmake_prefix_path')
[63.561s] INFO:colcon.colcon_core.shell:Creating environment hook '/workspace/ros2_ws/install/move_arm_hockey/share/move_arm_hockey/hook/cmake_prefix_path.ps1'
[63.576s] INFO:colcon.colcon_core.shell:Creating environment descriptor '/workspace/ros2_ws/install/move_arm_hockey/share/move_arm_hockey/hook/cmake_prefix_path.dsv'
[63.591s] INFO:colcon.colcon_core.shell:Creating environment hook '/workspace/ros2_ws/install/move_arm_hockey/share/move_arm_hockey/hook/cmake_prefix_path.sh'
[63.595s] Level 1:colcon.colcon_core.environment:checking '/workspace/ros2_ws/install/move_arm_hockey/lib'
[63.595s] Level 1:colcon.colcon_core.environment:checking '/workspace/ros2_ws/install/move_arm_hockey/bin'
[63.596s] Level 1:colcon.colcon_core.environment:checking '/workspace/ros2_ws/install/move_arm_hockey/lib/pkgconfig/move_arm_hockey.pc'
[63.597s] Level 1:colcon.colcon_core.environment:checking '/workspace/ros2_ws/install/move_arm_hockey/lib/python3.10/site-packages'
[63.597s] Level 1:colcon.colcon_core.environment:checking '/workspace/ros2_ws/install/move_arm_hockey/bin'
[63.598s] INFO:colcon.colcon_core.shell:Creating package script '/workspace/ros2_ws/install/move_arm_hockey/share/move_arm_hockey/package.ps1'
[63.600s] INFO:colcon.colcon_core.shell:Creating package descriptor '/workspace/ros2_ws/install/move_arm_hockey/share/move_arm_hockey/package.dsv'
[63.602s] INFO:colcon.colcon_core.shell:Creating package script '/workspace/ros2_ws/install/move_arm_hockey/share/move_arm_hockey/package.sh'
[63.603s] INFO:colcon.colcon_core.shell:Creating package script '/workspace/ros2_ws/install/move_arm_hockey/share/move_arm_hockey/package.bash'
[63.605s] INFO:colcon.colcon_core.shell:Creating package script '/workspace/ros2_ws/install/move_arm_hockey/share/move_arm_hockey/package.zsh'
[63.616s] Level 1:colcon.colcon_core.environment:create_file_with_runtime_dependencies(/workspace/ros2_ws/install/move_arm_hockey/share/colcon-core/packages/move_arm_hockey)
[104.815s] DEBUG:colcon.colcon_core.event_handler.log_command:Invoked command in '/workspace/ros2_ws/build/crane_x7_examples' returned '0': CMAKE_PREFIX_PATH=/workspace/ros2_ws/install/crane_x7_moveit_config:/workspace/ros2_ws/install/crane_x7_control:/workspace/ros2_ws/install/crane_x7_description:/workspace/ros2_ws/install/move_arm_hockey:/workspace/ros2_ws/install/crane_x7:/workspace/ros2_ws/install/crane_x7_examples:/workspace/ros2_ws/install/crane_x7_gazebo:/opt/ros/humble:/workspace/ros2_camera_ws/install/puck_detection /usr/bin/cmake --build /workspace/ros2_ws/build/crane_x7_examples -- -j16 -l16
[104.818s] DEBUG:colcon.colcon_core.event_handler.log_command:Invoking command in '/workspace/ros2_ws/build/crane_x7_examples': CMAKE_PREFIX_PATH=/workspace/ros2_ws/install/crane_x7_moveit_config:/workspace/ros2_ws/install/crane_x7_control:/workspace/ros2_ws/install/crane_x7_description:/workspace/ros2_ws/install/move_arm_hockey:/workspace/ros2_ws/install/crane_x7:/workspace/ros2_ws/install/crane_x7_examples:/workspace/ros2_ws/install/crane_x7_gazebo:/opt/ros/humble:/workspace/ros2_camera_ws/install/puck_detection /usr/bin/cmake --install /workspace/ros2_ws/build/crane_x7_examples
[104.897s] Level 1:colcon.colcon_core.environment:create_environment_scripts_only(crane_x7_examples)
[104.898s] Level 1:colcon.colcon_core.environment:checking '/workspace/ros2_ws/install/crane_x7_examples' for CMake module files
[104.901s] Level 1:colcon.colcon_core.environment:checking '/workspace/ros2_ws/install/crane_x7_examples' for CMake config files
[104.902s] Level 1:colcon.colcon_core.shell:create_environment_hook('crane_x7_examples', 'cmake_prefix_path')
[104.903s] INFO:colcon.colcon_core.shell:Creating environment hook '/workspace/ros2_ws/install/crane_x7_examples/share/crane_x7_examples/hook/cmake_prefix_path.ps1'
[104.905s] INFO:colcon.colcon_core.shell:Creating environment descriptor '/workspace/ros2_ws/install/crane_x7_examples/share/crane_x7_examples/hook/cmake_prefix_path.dsv'
[104.906s] INFO:colcon.colcon_core.shell:Creating environment hook '/workspace/ros2_ws/install/crane_x7_examples/share/crane_x7_examples/hook/cmake_prefix_path.sh'
[104.908s] Level 1:colcon.colcon_core.environment:checking '/workspace/ros2_ws/install/crane_x7_examples/lib'
[104.909s] Level 1:colcon.colcon_core.environment:checking '/workspace/ros2_ws/install/crane_x7_examples/bin'
[104.909s] Level 1:colcon.colcon_core.environment:checking '/workspace/ros2_ws/install/crane_x7_examples/lib/pkgconfig/crane_x7_examples.pc'
[104.910s] Level 1:colcon.colcon_core.environment:checking '/workspace/ros2_ws/install/crane_x7_examples/lib/python3.10/site-packages'
[104.911s] Level 1:colcon.colcon_core.environment:checking '/workspace/ros2_ws/install/crane_x7_examples/bin'
[104.912s] INFO:colcon.colcon_core.shell:Creating package script '/workspace/ros2_ws/install/crane_x7_examples/share/crane_x7_examples/package.ps1'
[104.914s] DEBUG:colcon.colcon_core.event_handler.log_command:Invoked command in '/workspace/ros2_ws/build/crane_x7_examples' returned '0': CMAKE_PREFIX_PATH=/workspace/ros2_ws/install/crane_x7_moveit_config:/workspace/ros2_ws/install/crane_x7_control:/workspace/ros2_ws/install/crane_x7_description:/workspace/ros2_ws/install/move_arm_hockey:/workspace/ros2_ws/install/crane_x7:/workspace/ros2_ws/install/crane_x7_examples:/workspace/ros2_ws/install/crane_x7_gazebo:/opt/ros/humble:/workspace/ros2_camera_ws/install/puck_detection /usr/bin/cmake --install /workspace/ros2_ws/build/crane_x7_examples
[104.915s] INFO:colcon.colcon_core.shell:Creating package descriptor '/workspace/ros2_ws/install/crane_x7_examples/share/crane_x7_examples/package.dsv'
[104.916s] INFO:colcon.colcon_core.shell:Creating package script '/workspace/ros2_ws/install/crane_x7_examples/share/crane_x7_examples/package.sh'
[104.917s] INFO:colcon.colcon_core.shell:Creating package script '/workspace/ros2_ws/install/crane_x7_examples/share/crane_x7_examples/package.bash'
[104.918s] INFO:colcon.colcon_core.shell:Creating package script '/workspace/ros2_ws/install/crane_x7_examples/share/crane_x7_examples/package.zsh'
[104.919s] Level 1:colcon.colcon_core.environment:create_file_with_runtime_dependencies(/workspace/ros2_ws/install/crane_x7_examples/share/colcon-core/packages/crane_x7_examples)
[104.920s] Level 1:colcon.colcon_core.environment:create_environment_scripts_only(crane_x7_examples)
[104.921s] Level 1:colcon.colcon_core.environment:checking '/workspace/ros2_ws/install/crane_x7_examples' for CMake module files
[104.923s] Level 1:colcon.colcon_core.environment:checking '/workspace/ros2_ws/install/crane_x7_examples' for CMake config files
[104.923s] Level 1:colcon.colcon_core.shell:create_environment_hook('crane_x7_examples', 'cmake_prefix_path')
[104.924s] INFO:colcon.colcon_core.shell:Creating environment hook '/workspace/ros2_ws/install/crane_x7_examples/share/crane_x7_examples/hook/cmake_prefix_path.ps1'
[104.926s] INFO:colcon.colcon_core.shell:Creating environment descriptor '/workspace/ros2_ws/install/crane_x7_examples/share/crane_x7_examples/hook/cmake_prefix_path.dsv'
[104.927s] INFO:colcon.colcon_core.shell:Creating environment hook '/workspace/ros2_ws/install/crane_x7_examples/share/crane_x7_examples/hook/cmake_prefix_path.sh'
[104.928s] Level 1:colcon.colcon_core.environment:checking '/workspace/ros2_ws/install/crane_x7_examples/lib'
[104.929s] Level 1:colcon.colcon_core.environment:checking '/workspace/ros2_ws/install/crane_x7_examples/bin'
[104.929s] Level 1:colcon.colcon_core.environment:checking '/workspace/ros2_ws/install/crane_x7_examples/lib/pkgconfig/crane_x7_examples.pc'
[104.930s] Level 1:colcon.colcon_core.environment:checking '/workspace/ros2_ws/install/crane_x7_examples/lib/python3.10/site-packages'
[104.930s] Level 1:colcon.colcon_core.environment:checking '/workspace/ros2_ws/install/crane_x7_examples/bin'
[104.931s] INFO:colcon.colcon_core.shell:Creating package script '/workspace/ros2_ws/install/crane_x7_examples/share/crane_x7_examples/package.ps1'
[104.933s] INFO:colcon.colcon_core.shell:Creating package descriptor '/workspace/ros2_ws/install/crane_x7_examples/share/crane_x7_examples/package.dsv'
[104.934s] INFO:colcon.colcon_core.shell:Creating package script '/workspace/ros2_ws/install/crane_x7_examples/share/crane_x7_examples/package.sh'
[104.935s] INFO:colcon.colcon_core.shell:Creating package script '/workspace/ros2_ws/install/crane_x7_examples/share/crane_x7_examples/package.bash'
[104.936s] INFO:colcon.colcon_core.shell:Creating package script '/workspace/ros2_ws/install/crane_x7_examples/share/crane_x7_examples/package.zsh'
[104.938s] Level 1:colcon.colcon_core.environment:create_file_with_runtime_dependencies(/workspace/ros2_ws/install/crane_x7_examples/share/colcon-core/packages/crane_x7_examples)
[104.938s] INFO:colcon.colcon_ros.task.ament_cmake.build:Building ROS package in '/workspace/ros2_ws/src/crane_x7_ros/crane_x7' with build type 'ament_cmake'
[104.939s] INFO:colcon.colcon_cmake.task.cmake.build:Building CMake package in '/workspace/ros2_ws/src/crane_x7_ros/crane_x7'
[104.940s] INFO:colcon.colcon_core.shell:Skip shell extension 'powershell' for command environment: Not usable outside of PowerShell
[104.940s] DEBUG:colcon.colcon_core.shell:Skip shell extension 'dsv' for command environment
[104.984s] DEBUG:colcon.colcon_core.event_handler.log_command:Invoking command in '/workspace/ros2_ws/build/crane_x7': CMAKE_PREFIX_PATH=/workspace/ros2_ws/install/crane_x7_examples:/workspace/ros2_ws/install/crane_x7_moveit_config:/workspace/ros2_ws/install/crane_x7_control:/workspace/ros2_ws/install/crane_x7_gazebo:/workspace/ros2_ws/install/crane_x7_description:/workspace/ros2_ws/install/move_arm_hockey:/workspace/ros2_ws/install/crane_x7:/opt/ros/humble:/workspace/ros2_camera_ws/install/puck_detection /usr/bin/cmake /workspace/ros2_ws/src/crane_x7_ros/crane_x7 -DCMAKE_INSTALL_PREFIX=/workspace/ros2_ws/install/crane_x7
[106.945s] DEBUG:colcon.colcon_core.event_handler.log_command:Invoked command in '/workspace/ros2_ws/build/crane_x7' returned '0': CMAKE_PREFIX_PATH=/workspace/ros2_ws/install/crane_x7_examples:/workspace/ros2_ws/install/crane_x7_moveit_config:/workspace/ros2_ws/install/crane_x7_control:/workspace/ros2_ws/install/crane_x7_gazebo:/workspace/ros2_ws/install/crane_x7_description:/workspace/ros2_ws/install/move_arm_hockey:/workspace/ros2_ws/install/crane_x7:/opt/ros/humble:/workspace/ros2_camera_ws/install/puck_detection /usr/bin/cmake /workspace/ros2_ws/src/crane_x7_ros/crane_x7 -DCMAKE_INSTALL_PREFIX=/workspace/ros2_ws/install/crane_x7
[106.946s] DEBUG:colcon.colcon_core.event_handler.log_command:Invoking command in '/workspace/ros2_ws/build/crane_x7': CMAKE_PREFIX_PATH=/workspace/ros2_ws/install/crane_x7_examples:/workspace/ros2_ws/install/crane_x7_moveit_config:/workspace/ros2_ws/install/crane_x7_control:/workspace/ros2_ws/install/crane_x7_gazebo:/workspace/ros2_ws/install/crane_x7_description:/workspace/ros2_ws/install/move_arm_hockey:/workspace/ros2_ws/install/crane_x7:/opt/ros/humble:/workspace/ros2_camera_ws/install/puck_detection /usr/bin/cmake --build /workspace/ros2_ws/build/crane_x7 -- -j16 -l16
[107.042s] DEBUG:colcon.colcon_core.event_handler.log_command:Invoked command in '/workspace/ros2_ws/build/crane_x7' returned '0': CMAKE_PREFIX_PATH=/workspace/ros2_ws/install/crane_x7_examples:/workspace/ros2_ws/install/crane_x7_moveit_config:/workspace/ros2_ws/install/crane_x7_control:/workspace/ros2_ws/install/crane_x7_gazebo:/workspace/ros2_ws/install/crane_x7_description:/workspace/ros2_ws/install/move_arm_hockey:/workspace/ros2_ws/install/crane_x7:/opt/ros/humble:/workspace/ros2_camera_ws/install/puck_detection /usr/bin/cmake --build /workspace/ros2_ws/build/crane_x7 -- -j16 -l16
[107.045s] DEBUG:colcon.colcon_core.event_handler.log_command:Invoking command in '/workspace/ros2_ws/build/crane_x7': CMAKE_PREFIX_PATH=/workspace/ros2_ws/install/crane_x7_examples:/workspace/ros2_ws/install/crane_x7_moveit_config:/workspace/ros2_ws/install/crane_x7_control:/workspace/ros2_ws/install/crane_x7_gazebo:/workspace/ros2_ws/install/crane_x7_description:/workspace/ros2_ws/install/move_arm_hockey:/workspace/ros2_ws/install/crane_x7:/opt/ros/humble:/workspace/ros2_camera_ws/install/puck_detection /usr/bin/cmake --install /workspace/ros2_ws/build/crane_x7
[107.077s] Level 1:colcon.colcon_core.environment:create_environment_scripts_only(crane_x7)
[107.078s] Level 1:colcon.colcon_core.environment:checking '/workspace/ros2_ws/install/crane_x7' for CMake module files
[107.079s] DEBUG:colcon.colcon_core.event_handler.log_command:Invoked command in '/workspace/ros2_ws/build/crane_x7' returned '0': CMAKE_PREFIX_PATH=/workspace/ros2_ws/install/crane_x7_examples:/workspace/ros2_ws/install/crane_x7_moveit_config:/workspace/ros2_ws/install/crane_x7_control:/workspace/ros2_ws/install/crane_x7_gazebo:/workspace/ros2_ws/install/crane_x7_description:/workspace/ros2_ws/install/move_arm_hockey:/workspace/ros2_ws/install/crane_x7:/opt/ros/humble:/workspace/ros2_camera_ws/install/puck_detection /usr/bin/cmake --install /workspace/ros2_ws/build/crane_x7
[107.080s] Level 1:colcon.colcon_core.environment:checking '/workspace/ros2_ws/install/crane_x7' for CMake config files
[107.080s] Level 1:colcon.colcon_core.shell:create_environment_hook('crane_x7', 'cmake_prefix_path')
[107.081s] INFO:colcon.colcon_core.shell:Creating environment hook '/workspace/ros2_ws/install/crane_x7/share/crane_x7/hook/cmake_prefix_path.ps1'
[107.082s] INFO:colcon.colcon_core.shell:Creating environment descriptor '/workspace/ros2_ws/install/crane_x7/share/crane_x7/hook/cmake_prefix_path.dsv'
[107.083s] INFO:colcon.colcon_core.shell:Creating environment hook '/workspace/ros2_ws/install/crane_x7/share/crane_x7/hook/cmake_prefix_path.sh'
[107.085s] Level 1:colcon.colcon_core.environment:checking '/workspace/ros2_ws/install/crane_x7/bin'
[107.085s] Level 1:colcon.colcon_core.environment:checking '/workspace/ros2_ws/install/crane_x7/lib/pkgconfig/crane_x7.pc'
[107.086s] Level 1:colcon.colcon_core.environment:checking '/workspace/ros2_ws/install/crane_x7/lib/python3.10/site-packages'
[107.086s] Level 1:colcon.colcon_core.environment:checking '/workspace/ros2_ws/install/crane_x7/bin'
[107.087s] INFO:colcon.colcon_core.shell:Creating package script '/workspace/ros2_ws/install/crane_x7/share/crane_x7/package.ps1'
[107.089s] INFO:colcon.colcon_core.shell:Creating package descriptor '/workspace/ros2_ws/install/crane_x7/share/crane_x7/package.dsv'
[107.090s] INFO:colcon.colcon_core.shell:Creating package script '/workspace/ros2_ws/install/crane_x7/share/crane_x7/package.sh'
[107.091s] INFO:colcon.colcon_core.shell:Creating package script '/workspace/ros2_ws/install/crane_x7/share/crane_x7/package.bash'
[107.092s] INFO:colcon.colcon_core.shell:Creating package script '/workspace/ros2_ws/install/crane_x7/share/crane_x7/package.zsh'
[107.093s] Level 1:colcon.colcon_core.environment:create_file_with_runtime_dependencies(/workspace/ros2_ws/install/crane_x7/share/colcon-core/packages/crane_x7)
[107.094s] Level 1:colcon.colcon_core.environment:create_environment_scripts_only(crane_x7)
[107.095s] Level 1:colcon.colcon_core.environment:checking '/workspace/ros2_ws/install/crane_x7' for CMake module files
[107.096s] Level 1:colcon.colcon_core.environment:checking '/workspace/ros2_ws/install/crane_x7' for CMake config files
[107.096s] Level 1:colcon.colcon_core.shell:create_environment_hook('crane_x7', 'cmake_prefix_path')
[107.097s] INFO:colcon.colcon_core.shell:Creating environment hook '/workspace/ros2_ws/install/crane_x7/share/crane_x7/hook/cmake_prefix_path.ps1'
[107.098s] INFO:colcon.colcon_core.shell:Creating environment descriptor '/workspace/ros2_ws/install/crane_x7/share/crane_x7/hook/cmake_prefix_path.dsv'
[107.099s] INFO:colcon.colcon_core.shell:Creating environment hook '/workspace/ros2_ws/install/crane_x7/share/crane_x7/hook/cmake_prefix_path.sh'
[107.100s] Level 1:colcon.colcon_core.environment:checking '/workspace/ros2_ws/install/crane_x7/bin'
[107.100s] Level 1:colcon.colcon_core.environment:checking '/workspace/ros2_ws/install/crane_x7/lib/pkgconfig/crane_x7.pc'
[107.101s] Level 1:colcon.colcon_core.environment:checking '/workspace/ros2_ws/install/crane_x7/lib/python3.10/site-packages'
[107.101s] Level 1:colcon.colcon_core.environment:checking '/workspace/ros2_ws/install/crane_x7/bin'
[107.102s] INFO:colcon.colcon_core.shell:Creating package script '/workspace/ros2_ws/install/crane_x7/share/crane_x7/package.ps1'
[107.103s] INFO:colcon.colcon_core.shell:Creating package descriptor '/workspace/ros2_ws/install/crane_x7/share/crane_x7/package.dsv'
[107.104s] INFO:colcon.colcon_core.shell:Creating package script '/workspace/ros2_ws/install/crane_x7/share/crane_x7/package.sh'
[107.105s] INFO:colcon.colcon_core.shell:Creating package script '/workspace/ros2_ws/install/crane_x7/share/crane_x7/package.bash'
[107.106s] INFO:colcon.colcon_core.shell:Creating package script '/workspace/ros2_ws/install/crane_x7/share/crane_x7/package.zsh'
[107.107s] Level 1:colcon.colcon_core.environment:create_file_with_runtime_dependencies(/workspace/ros2_ws/install/crane_x7/share/colcon-core/packages/crane_x7)
[107.108s] DEBUG:colcon.colcon_parallel_executor.executor.parallel:closing loop
[107.109s] DEBUG:colcon.colcon_parallel_executor.executor.parallel:loop closed
[107.109s] DEBUG:colcon.colcon_parallel_executor.executor.parallel:run_until_complete finished with '0'
[107.109s] DEBUG:colcon.colcon_core.event_reactor:joining thread
[107.129s] INFO:colcon.colcon_core.plugin_system:Skipping extension 'colcon_notification.desktop_notification.notify_send': Could not find 'notify-send'
[107.129s] INFO:colcon.colcon_core.plugin_system:Skipping extension 'colcon_notification.desktop_notification.terminal_notifier': Not used on non-Darwin systems
[107.129s] INFO:colcon.colcon_core.plugin_system:Skipping extension 'colcon_notification.desktop_notification.win32': Not used on non-Windows systems
[107.129s] INFO:colcon.colcon_notification.desktop_notification:Sending desktop notification using 'notify2'
[107.135s] DEBUG:colcon.colcon_notification.desktop_notification.notify2:Failed to initialize notify2: org.freedesktop.DBus.Error.Spawn.ExecFailed: /usr/bin/dbus-launch terminated abnormally without any error message
[107.136s] DEBUG:colcon.colcon_core.event_reactor:joined thread
[107.138s] INFO:colcon.colcon_core.shell:Creating prefix script '/workspace/ros2_ws/install/local_setup.ps1'
[107.142s] INFO:colcon.colcon_core.shell:Creating prefix util module '/workspace/ros2_ws/install/_local_setup_util_ps1.py'
[107.145s] INFO:colcon.colcon_core.shell:Creating prefix chain script '/workspace/ros2_ws/install/setup.ps1'
[107.147s] INFO:colcon.colcon_core.shell:Creating prefix script '/workspace/ros2_ws/install/local_setup.sh'
[107.149s] INFO:colcon.colcon_core.shell:Creating prefix util module '/workspace/ros2_ws/install/_local_setup_util_sh.py'
[107.150s] INFO:colcon.colcon_core.shell:Creating prefix chain script '/workspace/ros2_ws/install/setup.sh'
[107.154s] INFO:colcon.colcon_core.shell:Creating prefix script '/workspace/ros2_ws/install/local_setup.bash'
[107.155s] INFO:colcon.colcon_core.shell:Creating prefix chain script '/workspace/ros2_ws/install/setup.bash'
[107.158s] INFO:colcon.colcon_core.shell:Creating prefix script '/workspace/ros2_ws/install/local_setup.zsh'
[107.159s] INFO:colcon.colcon_core.shell:Creating prefix chain script '/workspace/ros2_ws/install/setup.zsh'
