[0.005s] Invoking command in '/workspace/ros2_ws/src/build/crane_x7_gazebo': CMAKE_PREFIX_PATH=${CMAKE_PREFIX_PATH}:/opt/ros/humble /usr/bin/cmake /workspace/ros2_ws/src/crane_x7_ros/crane_x7_gazebo -DAMENT_CMAKE_SYMLINK_INSTALL=1 -DCMAKE_INSTALL_PREFIX=/workspace/ros2_ws/src/install/crane_x7_gazebo
[0.035s] -- The C compiler identification is GNU 11.4.0
[0.067s] -- The CXX compiler identification is GNU 11.4.0
[0.071s] -- Detecting C compiler ABI info
[0.105s] -- Detecting C compiler ABI info - done
[0.110s] -- Check for working C compiler: /usr/bin/cc - skipped
[0.110s] -- Detecting C compile features
[0.110s] -- Detecting C compile features - done
[0.112s] -- Detecting CXX compiler ABI info
[0.154s] -- Detecting CXX compiler ABI info - done
[0.158s] -- Check for working CXX compiler: /usr/bin/c++ - skipped
[0.159s] -- Detecting CXX compile features
[0.159s] -- Detecting CXX compile features - done
[0.164s] -- Found ament_cmake: 1.3.11 (/opt/ros/humble/share/ament_cmake/cmake)
[0.236s] -- Found Python3: /usr/bin/python3 (found version "3.10.12") found components: Interpreter 
[0.271s] -- Override CMake install command with custom implementation using symlinks instead of copying resources
[0.293s] -- Found ament_lint_auto: 0.12.12 (/opt/ros/humble/share/ament_lint_auto/cmake)
[0.345s] -- Added test 'copyright' to check source files copyright and LICENSE
[0.346s] -- Added test 'flake8' to check Python code syntax and style conventions
[0.346s] -- Added test 'lint_cmake' to check CMake code style
[0.346s] -- Added test 'pep257' to check Python code against some of the docstring style conventions in PEP 257
[0.347s] -- Added test 'xmllint' to check XML markup files
[0.348s] -- Configuring done
[0.349s] -- Generating done
[0.350s] -- Build files have been written to: /workspace/ros2_ws/src/build/crane_x7_gazebo
[0.353s] Invoked command in '/workspace/ros2_ws/src/build/crane_x7_gazebo' returned '0': CMAKE_PREFIX_PATH=${CMAKE_PREFIX_PATH}:/opt/ros/humble /usr/bin/cmake /workspace/ros2_ws/src/crane_x7_ros/crane_x7_gazebo -DAMENT_CMAKE_SYMLINK_INSTALL=1 -DCMAKE_INSTALL_PREFIX=/workspace/ros2_ws/src/install/crane_x7_gazebo
[0.354s] Invoking command in '/workspace/ros2_ws/src/build/crane_x7_gazebo': CMAKE_PREFIX_PATH=${CMAKE_PREFIX_PATH}:/opt/ros/humble /usr/bin/cmake --build /workspace/ros2_ws/src/build/crane_x7_gazebo -- -j16 -l16
[0.372s] Invoked command in '/workspace/ros2_ws/src/build/crane_x7_gazebo' returned '0': CMAKE_PREFIX_PATH=${CMAKE_PREFIX_PATH}:/opt/ros/humble /usr/bin/cmake --build /workspace/ros2_ws/src/build/crane_x7_gazebo -- -j16 -l16
[0.376s] Invoking command in '/workspace/ros2_ws/src/build/crane_x7_gazebo': CMAKE_PREFIX_PATH=${CMAKE_PREFIX_PATH}:/opt/ros/humble /usr/bin/cmake --install /workspace/ros2_ws/src/build/crane_x7_gazebo
[0.380s] -- Install configuration: ""
[0.380s] -- Execute custom install script
[0.380s] -- Symlinking: /workspace/ros2_ws/src/install/crane_x7_gazebo/share/crane_x7_gazebo//launch/crane_x7_with_table.launch.py
[0.384s] -- Symlinking: /workspace/ros2_ws/src/install/crane_x7_gazebo/share/crane_x7_gazebo//worlds/table.sdf
[0.387s] -- Symlinking: /workspace/ros2_ws/src/install/crane_x7_gazebo/share/crane_x7_gazebo//gui/gui.config
[0.391s] -- Symlinking: /workspace/ros2_ws/src/install/crane_x7_gazebo/share/ament_index/resource_index/package_run_dependencies/crane_x7_gazebo
[0.395s] -- Symlinking: /workspace/ros2_ws/src/install/crane_x7_gazebo/share/ament_index/resource_index/parent_prefix_path/crane_x7_gazebo
[0.399s] -- Symlinking: /workspace/ros2_ws/src/install/crane_x7_gazebo/share/crane_x7_gazebo/environment/ament_prefix_path.sh
[0.403s] -- Symlinking: /workspace/ros2_ws/src/install/crane_x7_gazebo/share/crane_x7_gazebo/environment/ament_prefix_path.dsv
[0.406s] -- Symlinking: /workspace/ros2_ws/src/install/crane_x7_gazebo/share/crane_x7_gazebo/environment/path.sh
[0.410s] -- Symlinking: /workspace/ros2_ws/src/install/crane_x7_gazebo/share/crane_x7_gazebo/environment/path.dsv
[0.413s] -- Symlinking: /workspace/ros2_ws/src/install/crane_x7_gazebo/share/crane_x7_gazebo/local_setup.bash
[0.417s] -- Symlinking: /workspace/ros2_ws/src/install/crane_x7_gazebo/share/crane_x7_gazebo/local_setup.sh
[0.421s] -- Symlinking: /workspace/ros2_ws/src/install/crane_x7_gazebo/share/crane_x7_gazebo/local_setup.zsh
[0.425s] -- Symlinking: /workspace/ros2_ws/src/install/crane_x7_gazebo/share/crane_x7_gazebo/local_setup.dsv
[0.430s] -- Symlinking: /workspace/ros2_ws/src/install/crane_x7_gazebo/share/crane_x7_gazebo/package.dsv
[0.434s] -- Symlinking: /workspace/ros2_ws/src/install/crane_x7_gazebo/share/ament_index/resource_index/packages/crane_x7_gazebo
[0.438s] -- Symlinking: /workspace/ros2_ws/src/install/crane_x7_gazebo/share/crane_x7_gazebo/cmake/crane_x7_gazeboConfig.cmake
[0.442s] -- Symlinking: /workspace/ros2_ws/src/install/crane_x7_gazebo/share/crane_x7_gazebo/cmake/crane_x7_gazeboConfig-version.cmake
[0.446s] -- Symlinking: /workspace/ros2_ws/src/install/crane_x7_gazebo/share/crane_x7_gazebo/package.xml
[0.451s] Invoked command in '/workspace/ros2_ws/src/build/crane_x7_gazebo' returned '0': CMAKE_PREFIX_PATH=${CMAKE_PREFIX_PATH}:/opt/ros/humble /usr/bin/cmake --install /workspace/ros2_ws/src/build/crane_x7_gazebo
