-- The C compiler identification is GNU 11.4.0
-- The CXX compiler identification is GNU 11.4.0
-- Detecting C compiler ABI info
-- Detecting C compiler ABI info - done
-- Check for working C compiler: /usr/bin/cc - skipped
-- Detecting C compile features
-- Detecting C compile features - done
-- Detecting CXX compiler ABI info
-- Detecting CXX compiler ABI info - done
-- Check for working CXX compiler: /usr/bin/c++ - skipped
-- Detecting CXX compile features
-- Detecting CXX compile features - done
-- Found ament_cmake: 1.3.11 (/opt/ros/humble/share/ament_cmake/cmake)
-- Found Python3: /usr/bin/python3 (found version "3.10.12") found components: Interpreter 
-- Override CMake install command with custom implementation using symlinks instead of copying resources
-- Configuring done
-- Generating done
-- Build files have been written to: /workspace/ros2_ws/src/build/crane_x7
-- Install configuration: ""
-- Execute custom install script
-- Symlinking: /workspace/ros2_ws/src/install/crane_x7/share/ament_index/resource_index/package_run_dependencies/crane_x7
-- Symlinking: /workspace/ros2_ws/src/install/crane_x7/share/ament_index/resource_index/parent_prefix_path/crane_x7
-- Symlinking: /workspace/ros2_ws/src/install/crane_x7/share/crane_x7/environment/ament_prefix_path.sh
-- Symlinking: /workspace/ros2_ws/src/install/crane_x7/share/crane_x7/environment/ament_prefix_path.dsv
-- Symlinking: /workspace/ros2_ws/src/install/crane_x7/share/crane_x7/environment/path.sh
-- Symlinking: /workspace/ros2_ws/src/install/crane_x7/share/crane_x7/environment/path.dsv
-- Symlinking: /workspace/ros2_ws/src/install/crane_x7/share/crane_x7/local_setup.bash
-- Symlinking: /workspace/ros2_ws/src/install/crane_x7/share/crane_x7/local_setup.sh
-- Symlinking: /workspace/ros2_ws/src/install/crane_x7/share/crane_x7/local_setup.zsh
-- Symlinking: /workspace/ros2_ws/src/install/crane_x7/share/crane_x7/local_setup.dsv
-- Symlinking: /workspace/ros2_ws/src/install/crane_x7/share/crane_x7/package.dsv
-- Symlinking: /workspace/ros2_ws/src/install/crane_x7/share/ament_index/resource_index/packages/crane_x7
-- Symlinking: /workspace/ros2_ws/src/install/crane_x7/share/crane_x7/cmake/crane_x7Config.cmake
-- Symlinking: /workspace/ros2_ws/src/install/crane_x7/share/crane_x7/cmake/crane_x7Config-version.cmake
-- Symlinking: /workspace/ros2_ws/src/install/crane_x7/share/crane_x7/package.xml
