[0.008s] Invoking command in '/workspace/ros2_ws/src/build/crane_x7': AMENT_PREFIX_PATH=/workspace/ros2_ws/src/install/crane_x7_examples:/workspace/ros2_ws/src/install/crane_x7_moveit_config:/workspace/ros2_ws/src/install/crane_x7_control:/workspace/ros2_ws/src/install/crane_x7_gazebo:/workspace/ros2_ws/src/install/crane_x7_description:${AMENT_PREFIX_PATH} CMAKE_PREFIX_PATH=/workspace/ros2_ws/src/install/crane_x7_examples:/workspace/ros2_ws/src/install/crane_x7_moveit_config:/workspace/ros2_ws/src/install/crane_x7_control:/workspace/ros2_ws/src/install/crane_x7_gazebo:/workspace/ros2_ws/src/install/crane_x7_description:/workspace/ros2_ws/install/crane_x7:/workspace/ros2_ws/install/crane_x7_examples:/workspace/ros2_ws/install/crane_x7_moveit_config:/workspace/ros2_ws/install/crane_x7_gazebo:/workspace/ros2_ws/install/crane_x7_control:/workspace/ros2_ws/install/crane_x7_description:/opt/ros/humble LD_LIBRARY_PATH=/workspace/ros2_ws/src/install/crane_x7_control/lib:${LD_LIBRARY_PATH} PYTHONPATH=/workspace/ros2_ws/src/install/crane_x7_description/local/lib/python3.10/dist-packages:${PYTHONPATH} /usr/bin/cmake /workspace/ros2_ws/src/crane_x7_ros/crane_x7 -DAMENT_CMAKE_SYMLINK_INSTALL=1 -DCMAKE_INSTALL_PREFIX=/workspace/ros2_ws/src/install/crane_x7
[0.050s] -- The C compiler identification is GNU 11.4.0
[0.093s] -- The CXX compiler identification is GNU 11.4.0
[0.097s] -- Detecting C compiler ABI info
[0.195s] -- Detecting C compiler ABI info - done
[0.200s] -- Check for working C compiler: /usr/bin/cc - skipped
[0.200s] -- Detecting C compile features
[0.200s] -- Detecting C compile features - done
[0.204s] -- Detecting CXX compiler ABI info
[0.299s] -- Detecting CXX compiler ABI info - done
[0.303s] -- Check for working CXX compiler: /usr/bin/c++ - skipped
[0.303s] -- Detecting CXX compile features
[0.303s] -- Detecting CXX compile features - done
[0.306s] -- Found ament_cmake: 1.3.11 (/opt/ros/humble/share/ament_cmake/cmake)
[0.383s] -- Found Python3: /usr/bin/python3 (found version "3.10.12") found components: Interpreter 
[0.419s] -- Override CMake install command with custom implementation using symlinks instead of copying resources
[0.477s] -- Configuring done
[0.479s] -- Generating done
[0.480s] -- Build files have been written to: /workspace/ros2_ws/src/build/crane_x7
[0.483s] Invoked command in '/workspace/ros2_ws/src/build/crane_x7' returned '0': AMENT_PREFIX_PATH=/workspace/ros2_ws/src/install/crane_x7_examples:/workspace/ros2_ws/src/install/crane_x7_moveit_config:/workspace/ros2_ws/src/install/crane_x7_control:/workspace/ros2_ws/src/install/crane_x7_gazebo:/workspace/ros2_ws/src/install/crane_x7_description:${AMENT_PREFIX_PATH} CMAKE_PREFIX_PATH=/workspace/ros2_ws/src/install/crane_x7_examples:/workspace/ros2_ws/src/install/crane_x7_moveit_config:/workspace/ros2_ws/src/install/crane_x7_control:/workspace/ros2_ws/src/install/crane_x7_gazebo:/workspace/ros2_ws/src/install/crane_x7_description:/workspace/ros2_ws/install/crane_x7:/workspace/ros2_ws/install/crane_x7_examples:/workspace/ros2_ws/install/crane_x7_moveit_config:/workspace/ros2_ws/install/crane_x7_gazebo:/workspace/ros2_ws/install/crane_x7_control:/workspace/ros2_ws/install/crane_x7_description:/opt/ros/humble LD_LIBRARY_PATH=/workspace/ros2_ws/src/install/crane_x7_control/lib:${LD_LIBRARY_PATH} PYTHONPATH=/workspace/ros2_ws/src/install/crane_x7_description/local/lib/python3.10/dist-packages:${PYTHONPATH} /usr/bin/cmake /workspace/ros2_ws/src/crane_x7_ros/crane_x7 -DAMENT_CMAKE_SYMLINK_INSTALL=1 -DCMAKE_INSTALL_PREFIX=/workspace/ros2_ws/src/install/crane_x7
[0.483s] Invoking command in '/workspace/ros2_ws/src/build/crane_x7': AMENT_PREFIX_PATH=/workspace/ros2_ws/src/install/crane_x7_examples:/workspace/ros2_ws/src/install/crane_x7_moveit_config:/workspace/ros2_ws/src/install/crane_x7_control:/workspace/ros2_ws/src/install/crane_x7_gazebo:/workspace/ros2_ws/src/install/crane_x7_description:${AMENT_PREFIX_PATH} CMAKE_PREFIX_PATH=/workspace/ros2_ws/src/install/crane_x7_examples:/workspace/ros2_ws/src/install/crane_x7_moveit_config:/workspace/ros2_ws/src/install/crane_x7_control:/workspace/ros2_ws/src/install/crane_x7_gazebo:/workspace/ros2_ws/src/install/crane_x7_description:/workspace/ros2_ws/install/crane_x7:/workspace/ros2_ws/install/crane_x7_examples:/workspace/ros2_ws/install/crane_x7_moveit_config:/workspace/ros2_ws/install/crane_x7_gazebo:/workspace/ros2_ws/install/crane_x7_control:/workspace/ros2_ws/install/crane_x7_description:/opt/ros/humble LD_LIBRARY_PATH=/workspace/ros2_ws/src/install/crane_x7_control/lib:${LD_LIBRARY_PATH} PYTHONPATH=/workspace/ros2_ws/src/install/crane_x7_description/local/lib/python3.10/dist-packages:${PYTHONPATH} /usr/bin/cmake --build /workspace/ros2_ws/src/build/crane_x7 -- -j16 -l16
[0.501s] Invoked command in '/workspace/ros2_ws/src/build/crane_x7' returned '0': AMENT_PREFIX_PATH=/workspace/ros2_ws/src/install/crane_x7_examples:/workspace/ros2_ws/src/install/crane_x7_moveit_config:/workspace/ros2_ws/src/install/crane_x7_control:/workspace/ros2_ws/src/install/crane_x7_gazebo:/workspace/ros2_ws/src/install/crane_x7_description:${AMENT_PREFIX_PATH} CMAKE_PREFIX_PATH=/workspace/ros2_ws/src/install/crane_x7_examples:/workspace/ros2_ws/src/install/crane_x7_moveit_config:/workspace/ros2_ws/src/install/crane_x7_control:/workspace/ros2_ws/src/install/crane_x7_gazebo:/workspace/ros2_ws/src/install/crane_x7_description:/workspace/ros2_ws/install/crane_x7:/workspace/ros2_ws/install/crane_x7_examples:/workspace/ros2_ws/install/crane_x7_moveit_config:/workspace/ros2_ws/install/crane_x7_gazebo:/workspace/ros2_ws/install/crane_x7_control:/workspace/ros2_ws/install/crane_x7_description:/opt/ros/humble LD_LIBRARY_PATH=/workspace/ros2_ws/src/install/crane_x7_control/lib:${LD_LIBRARY_PATH} PYTHONPATH=/workspace/ros2_ws/src/install/crane_x7_description/local/lib/python3.10/dist-packages:${PYTHONPATH} /usr/bin/cmake --build /workspace/ros2_ws/src/build/crane_x7 -- -j16 -l16
[0.503s] Invoking command in '/workspace/ros2_ws/src/build/crane_x7': AMENT_PREFIX_PATH=/workspace/ros2_ws/src/install/crane_x7_examples:/workspace/ros2_ws/src/install/crane_x7_moveit_config:/workspace/ros2_ws/src/install/crane_x7_control:/workspace/ros2_ws/src/install/crane_x7_gazebo:/workspace/ros2_ws/src/install/crane_x7_description:${AMENT_PREFIX_PATH} CMAKE_PREFIX_PATH=/workspace/ros2_ws/src/install/crane_x7_examples:/workspace/ros2_ws/src/install/crane_x7_moveit_config:/workspace/ros2_ws/src/install/crane_x7_control:/workspace/ros2_ws/src/install/crane_x7_gazebo:/workspace/ros2_ws/src/install/crane_x7_description:/workspace/ros2_ws/install/crane_x7:/workspace/ros2_ws/install/crane_x7_examples:/workspace/ros2_ws/install/crane_x7_moveit_config:/workspace/ros2_ws/install/crane_x7_gazebo:/workspace/ros2_ws/install/crane_x7_control:/workspace/ros2_ws/install/crane_x7_description:/opt/ros/humble LD_LIBRARY_PATH=/workspace/ros2_ws/src/install/crane_x7_control/lib:${LD_LIBRARY_PATH} PYTHONPATH=/workspace/ros2_ws/src/install/crane_x7_description/local/lib/python3.10/dist-packages:${PYTHONPATH} /usr/bin/cmake --install /workspace/ros2_ws/src/build/crane_x7
[0.509s] -- Install configuration: ""
[0.509s] -- Execute custom install script
[0.510s] -- Symlinking: /workspace/ros2_ws/src/install/crane_x7/share/ament_index/resource_index/package_run_dependencies/crane_x7
[0.524s] -- Symlinking: /workspace/ros2_ws/src/install/crane_x7/share/ament_index/resource_index/parent_prefix_path/crane_x7
[0.540s] -- Symlinking: /workspace/ros2_ws/src/install/crane_x7/share/crane_x7/environment/ament_prefix_path.sh
[0.549s] -- Symlinking: /workspace/ros2_ws/src/install/crane_x7/share/crane_x7/environment/ament_prefix_path.dsv
[0.556s] -- Symlinking: /workspace/ros2_ws/src/install/crane_x7/share/crane_x7/environment/path.sh
[0.565s] -- Symlinking: /workspace/ros2_ws/src/install/crane_x7/share/crane_x7/environment/path.dsv
[0.576s] -- Symlinking: /workspace/ros2_ws/src/install/crane_x7/share/crane_x7/local_setup.bash
[0.585s] -- Symlinking: /workspace/ros2_ws/src/install/crane_x7/share/crane_x7/local_setup.sh
[0.595s] -- Symlinking: /workspace/ros2_ws/src/install/crane_x7/share/crane_x7/local_setup.zsh
[0.603s] -- Symlinking: /workspace/ros2_ws/src/install/crane_x7/share/crane_x7/local_setup.dsv
[0.611s] -- Symlinking: /workspace/ros2_ws/src/install/crane_x7/share/crane_x7/package.dsv
[0.618s] -- Symlinking: /workspace/ros2_ws/src/install/crane_x7/share/ament_index/resource_index/packages/crane_x7
[0.626s] -- Symlinking: /workspace/ros2_ws/src/install/crane_x7/share/crane_x7/cmake/crane_x7Config.cmake
[0.638s] -- Symlinking: /workspace/ros2_ws/src/install/crane_x7/share/crane_x7/cmake/crane_x7Config-version.cmake
[0.645s] -- Symlinking: /workspace/ros2_ws/src/install/crane_x7/share/crane_x7/package.xml
[0.653s] Invoked command in '/workspace/ros2_ws/src/build/crane_x7' returned '0': AMENT_PREFIX_PATH=/workspace/ros2_ws/src/install/crane_x7_examples:/workspace/ros2_ws/src/install/crane_x7_moveit_config:/workspace/ros2_ws/src/install/crane_x7_control:/workspace/ros2_ws/src/install/crane_x7_gazebo:/workspace/ros2_ws/src/install/crane_x7_description:${AMENT_PREFIX_PATH} CMAKE_PREFIX_PATH=/workspace/ros2_ws/src/install/crane_x7_examples:/workspace/ros2_ws/src/install/crane_x7_moveit_config:/workspace/ros2_ws/src/install/crane_x7_control:/workspace/ros2_ws/src/install/crane_x7_gazebo:/workspace/ros2_ws/src/install/crane_x7_description:/workspace/ros2_ws/install/crane_x7:/workspace/ros2_ws/install/crane_x7_examples:/workspace/ros2_ws/install/crane_x7_moveit_config:/workspace/ros2_ws/install/crane_x7_gazebo:/workspace/ros2_ws/install/crane_x7_control:/workspace/ros2_ws/install/crane_x7_description:/opt/ros/humble LD_LIBRARY_PATH=/workspace/ros2_ws/src/install/crane_x7_control/lib:${LD_LIBRARY_PATH} PYTHONPATH=/workspace/ros2_ws/src/install/crane_x7_description/local/lib/python3.10/dist-packages:${PYTHONPATH} /usr/bin/cmake --install /workspace/ros2_ws/src/build/crane_x7
