-- The C compiler identification is GNU 11.4.0
-- The CXX compiler identification is GNU 11.4.0
-- Detecting C compiler ABI info
-- Detecting C compiler ABI info - done
-- Check for working C compiler: /usr/bin/cc - skipped
-- Detecting C compile features
-- Detecting C compile features - done
-- Detecting CXX compiler ABI info
-- Detecting CXX compiler ABI info - done
-- Check for working CXX compiler: /usr/bin/c++ - skipped
-- Detecting CXX compile features
-- Detecting CXX compile features - done
-- Found ament_cmake: 1.3.11 (/opt/ros/humble/share/ament_cmake/cmake)
-- Found Python3: /usr/bin/python3 (found version "3.10.12") found components: Interpreter 
-- Found rclcpp: 16.0.12 (/opt/ros/humble/share/rclcpp/cmake)
-- Found rosidl_generator_c: 3.1.6 (/opt/ros/humble/share/rosidl_generator_c/cmake)
-- Found rosidl_adapter: 3.1.6 (/opt/ros/humble/share/rosidl_adapter/cmake)
-- Found rosidl_generator_cpp: 3.1.6 (/opt/ros/humble/share/rosidl_generator_cpp/cmake)
-- Using all available rosidl_typesupport_c: rosidl_typesupport_fastrtps_c;rosidl_typesupport_introspection_c
-- Using all available rosidl_typesupport_cpp: rosidl_typesupport_fastrtps_cpp;rosidl_typesupport_introspection_cpp
-- Found rmw_implementation_cmake: 6.1.2 (/opt/ros/humble/share/rmw_implementation_cmake/cmake)
-- Found rmw_fastrtps_cpp: 6.2.7 (/opt/ros/humble/share/rmw_fastrtps_cpp/cmake)
-- Found OpenSSL: /usr/lib/x86_64-linux-gnu/libcrypto.so (found version "3.0.2")  
-- Found FastRTPS: /opt/ros/humble/include  
-- Using RMW implementation 'rmw_fastrtps_cpp' as default
-- Looking for pthread.h
-- Looking for pthread.h - found
-- Performing Test CMAKE_HAVE_LIBC_PTHREAD
-- Performing Test CMAKE_HAVE_LIBC_PTHREAD - Success
-- Found Threads: TRUE  
-- Found rclpy: 3.3.16 (/opt/ros/humble/share/rclpy/cmake)
-- Found sensor_msgs: 4.8.0 (/opt/ros/humble/share/sensor_msgs/cmake)
-- Configuring done
-- Generating done
-- Build files have been written to: /workspace/ros2_ws/build/move_arm_hockey
[ 50%] [32mBuilding CXX object CMakeFiles/move_arm_by_motor.dir/src/move_arm_by_motor.cpp.o[0m
[ 50%] Built target ament_cmake_python_copy_python
running egg_info
creating python.egg-info
writing python.egg-info/PKG-INFO
writing dependency_links to python.egg-info/dependency_links.txt
writing top-level names to python.egg-info/top_level.txt
writing manifest file 'python.egg-info/SOURCES.txt'
reading manifest file 'python.egg-info/SOURCES.txt'
writing manifest file 'python.egg-info/SOURCES.txt'
[ 50%] Built target ament_cmake_python_build_python_egg
[100%] [32m[1mLinking CXX executable move_arm_by_motor[0m
[100%] Built target move_arm_by_motor
-- Install configuration: ""
-- Installing: /workspace/ros2_ws/install/move_arm_hockey/lib/move_arm_hockey/move_arm_by_motor
-- Set runtime path of "/workspace/ros2_ws/install/move_arm_hockey/lib/move_arm_hockey/move_arm_by_motor" to ""
-- Installing: /workspace/ros2_ws/install/move_arm_hockey/lib/move_arm_hockey/inference.py
-- Installing: /workspace/ros2_ws/install/move_arm_hockey/share/move_arm_hockey/environment/pythonpath.sh
-- Installing: /workspace/ros2_ws/install/move_arm_hockey/share/move_arm_hockey/environment/pythonpath.dsv
-- Installing: /workspace/ros2_ws/install/move_arm_hockey/local/lib/python3.10/dist-packages/python-4.4.0-py3.10.egg-info
-- Installing: /workspace/ros2_ws/install/move_arm_hockey/local/lib/python3.10/dist-packages/python-4.4.0-py3.10.egg-info/dependency_links.txt
-- Installing: /workspace/ros2_ws/install/move_arm_hockey/local/lib/python3.10/dist-packages/python-4.4.0-py3.10.egg-info/PKG-INFO
-- Installing: /workspace/ros2_ws/install/move_arm_hockey/local/lib/python3.10/dist-packages/python-4.4.0-py3.10.egg-info/top_level.txt
-- Installing: /workspace/ros2_ws/install/move_arm_hockey/local/lib/python3.10/dist-packages/python-4.4.0-py3.10.egg-info/SOURCES.txt
-- Installing: /workspace/ros2_ws/install/move_arm_hockey/local/lib/python3.10/dist-packages/python
-- Installing: /workspace/ros2_ws/install/move_arm_hockey/local/lib/python3.10/dist-packages/python/__init__.py
-- Installing: /workspace/ros2_ws/install/move_arm_hockey/local/lib/python3.10/dist-packages/python/move_arm_hockey
-- Installing: /workspace/ros2_ws/install/move_arm_hockey/local/lib/python3.10/dist-packages/python/move_arm_hockey/__init__.py
-- Installing: /workspace/ros2_ws/install/move_arm_hockey/local/lib/python3.10/dist-packages/python/move_arm_hockey/ik.py
Listing '/workspace/ros2_ws/install/move_arm_hockey/local/lib/python3.10/dist-packages/python'...
Compiling '/workspace/ros2_ws/install/move_arm_hockey/local/lib/python3.10/dist-packages/python/__init__.py'...
Listing '/workspace/ros2_ws/install/move_arm_hockey/local/lib/python3.10/dist-packages/python/move_arm_hockey'...
Compiling '/workspace/ros2_ws/install/move_arm_hockey/local/lib/python3.10/dist-packages/python/move_arm_hockey/__init__.py'...
Compiling '/workspace/ros2_ws/install/move_arm_hockey/local/lib/python3.10/dist-packages/python/move_arm_hockey/ik.py'...
-- Installing: /workspace/ros2_ws/install/move_arm_hockey/share/ament_index/resource_index/package_run_dependencies/move_arm_hockey
-- Installing: /workspace/ros2_ws/install/move_arm_hockey/share/ament_index/resource_index/parent_prefix_path/move_arm_hockey
-- Installing: /workspace/ros2_ws/install/move_arm_hockey/share/move_arm_hockey/environment/ament_prefix_path.sh
-- Installing: /workspace/ros2_ws/install/move_arm_hockey/share/move_arm_hockey/environment/ament_prefix_path.dsv
-- Installing: /workspace/ros2_ws/install/move_arm_hockey/share/move_arm_hockey/environment/path.sh
-- Installing: /workspace/ros2_ws/install/move_arm_hockey/share/move_arm_hockey/environment/path.dsv
-- Installing: /workspace/ros2_ws/install/move_arm_hockey/share/move_arm_hockey/local_setup.bash
-- Installing: /workspace/ros2_ws/install/move_arm_hockey/share/move_arm_hockey/local_setup.sh
-- Installing: /workspace/ros2_ws/install/move_arm_hockey/share/move_arm_hockey/local_setup.zsh
-- Installing: /workspace/ros2_ws/install/move_arm_hockey/share/move_arm_hockey/local_setup.dsv
-- Installing: /workspace/ros2_ws/install/move_arm_hockey/share/move_arm_hockey/package.dsv
-- Installing: /workspace/ros2_ws/install/move_arm_hockey/share/ament_index/resource_index/packages/move_arm_hockey
-- Installing: /workspace/ros2_ws/install/move_arm_hockey/share/move_arm_hockey/cmake/move_arm_hockeyConfig.cmake
-- Installing: /workspace/ros2_ws/install/move_arm_hockey/share/move_arm_hockey/cmake/move_arm_hockeyConfig-version.cmake
-- Installing: /workspace/ros2_ws/install/move_arm_hockey/share/move_arm_hockey/package.xml
