[0.064s] DEBUG:colcon:Command line arguments: ['/usr/bin/colcon', 'build']
[0.064s] DEBUG:colcon:Parsed command line arguments: Namespace(log_base=None, log_level=None, verb_name='build', build_base='build', install_base='install', merge_install=False, symlink_install=False, test_result_base=None, continue_on_error=False, executor='parallel', parallel_workers=16, event_handlers=None, ignore_user_meta=False, metas=['./colcon.meta'], base_paths=['.'], packages_ignore=None, packages_ignore_regex=None, paths=None, packages_up_to=None, packages_up_to_regex=None, packages_above=None, packages_above_and_dependencies=None, packages_above_depth=None, packages_select_by_dep=None, packages_skip_by_dep=None, packages_skip_up_to=None, packages_select_build_failed=False, packages_skip_build_finished=False, packages_select_test_failures=False, packages_skip_test_passed=False, packages_select=None, packages_skip=None, packages_select_regex=None, packages_skip_regex=None, packages_start=None, packages_end=None, allow_overriding=[], cmake_args=None, cmake_target=None, cmake_target_skip_unavailable=False, cmake_clean_cache=False, cmake_clean_first=False, cmake_force_configure=False, ament_cmake_args=None, catkin_cmake_args=None, catkin_skip_building_tests=False, verb_parser=<colcon_defaults.argument_parser.defaults.DefaultArgumentsDecorator object at 0x7fc5b7d41360>, verb_extension=<colcon_core.verb.build.BuildVerb object at 0x7fc5b7e46770>, main=<bound method BuildVerb.main of <colcon_core.verb.build.BuildVerb object at 0x7fc5b7e46770>>)
[0.152s] Level 1:colcon.colcon_core.package_discovery:discover_packages(colcon_meta) check parameters
[0.152s] Level 1:colcon.colcon_core.package_discovery:discover_packages(recursive) check parameters
[0.152s] Level 1:colcon.colcon_core.package_discovery:discover_packages(ignore) check parameters
[0.152s] Level 1:colcon.colcon_core.package_discovery:discover_packages(path) check parameters
[0.152s] Level 1:colcon.colcon_core.package_discovery:discover_packages(colcon_meta) discover
[0.152s] Level 1:colcon.colcon_core.package_discovery:discover_packages(recursive) discover
[0.152s] INFO:colcon.colcon_core.package_discovery:Crawling recursively for packages in '/workspace/ros2_camera_ws'
[0.152s] Level 1:colcon.colcon_core.package_identification:_identify(.) by extensions ['ignore', 'ignore_ament_install']
[0.152s] Level 1:colcon.colcon_core.package_identification:_identify(.) by extension 'ignore'
[0.152s] Level 1:colcon.colcon_core.package_identification:_identify(.) by extension 'ignore_ament_install'
[0.152s] Level 1:colcon.colcon_core.package_identification:_identify(.) by extensions ['colcon_pkg']
[0.152s] Level 1:colcon.colcon_core.package_identification:_identify(.) by extension 'colcon_pkg'
[0.152s] Level 1:colcon.colcon_core.package_identification:_identify(.) by extensions ['colcon_meta']
[0.152s] Level 1:colcon.colcon_core.package_identification:_identify(.) by extension 'colcon_meta'
[0.152s] Level 1:colcon.colcon_core.package_identification:_identify(.) by extensions ['ros']
[0.152s] Level 1:colcon.colcon_core.package_identification:_identify(.) by extension 'ros'
[0.160s] Level 1:colcon.colcon_core.package_identification:_identify(.) by extensions ['cmake', 'python']
[0.160s] Level 1:colcon.colcon_core.package_identification:_identify(.) by extension 'cmake'
[0.160s] Level 1:colcon.colcon_core.package_identification:_identify(.) by extension 'python'
[0.160s] Level 1:colcon.colcon_core.package_identification:_identify(.) by extensions ['python_setup_py']
[0.160s] Level 1:colcon.colcon_core.package_identification:_identify(.) by extension 'python_setup_py'
[0.160s] Level 1:colcon.colcon_core.package_identification:_identify(build) by extensions ['ignore', 'ignore_ament_install']
[0.160s] Level 1:colcon.colcon_core.package_identification:_identify(build) by extension 'ignore'
[0.160s] Level 1:colcon.colcon_core.package_identification:_identify(build) ignored
[0.160s] Level 1:colcon.colcon_core.package_identification:_identify(install) by extensions ['ignore', 'ignore_ament_install']
[0.160s] Level 1:colcon.colcon_core.package_identification:_identify(install) by extension 'ignore'
[0.160s] Level 1:colcon.colcon_core.package_identification:_identify(install) ignored
[0.160s] Level 1:colcon.colcon_core.package_identification:_identify(log) by extensions ['ignore', 'ignore_ament_install']
[0.160s] Level 1:colcon.colcon_core.package_identification:_identify(log) by extension 'ignore'
[0.160s] Level 1:colcon.colcon_core.package_identification:_identify(log) ignored
[0.160s] Level 1:colcon.colcon_core.package_identification:_identify(src) by extensions ['ignore', 'ignore_ament_install']
[0.160s] Level 1:colcon.colcon_core.package_identification:_identify(src) by extension 'ignore'
[0.160s] Level 1:colcon.colcon_core.package_identification:_identify(src) by extension 'ignore_ament_install'
[0.160s] Level 1:colcon.colcon_core.package_identification:_identify(src) by extensions ['colcon_pkg']
[0.160s] Level 1:colcon.colcon_core.package_identification:_identify(src) by extension 'colcon_pkg'
[0.160s] Level 1:colcon.colcon_core.package_identification:_identify(src) by extensions ['colcon_meta']
[0.160s] Level 1:colcon.colcon_core.package_identification:_identify(src) by extension 'colcon_meta'
[0.160s] Level 1:colcon.colcon_core.package_identification:_identify(src) by extensions ['ros']
[0.161s] Level 1:colcon.colcon_core.package_identification:_identify(src) by extension 'ros'
[0.161s] Level 1:colcon.colcon_core.package_identification:_identify(src) by extensions ['cmake', 'python']
[0.161s] Level 1:colcon.colcon_core.package_identification:_identify(src) by extension 'cmake'
[0.161s] Level 1:colcon.colcon_core.package_identification:_identify(src) by extension 'python'
[0.161s] Level 1:colcon.colcon_core.package_identification:_identify(src) by extensions ['python_setup_py']
[0.161s] Level 1:colcon.colcon_core.package_identification:_identify(src) by extension 'python_setup_py'
[0.161s] Level 1:colcon.colcon_core.package_identification:_identify(src/puck_detection) by extensions ['ignore', 'ignore_ament_install']
[0.161s] Level 1:colcon.colcon_core.package_identification:_identify(src/puck_detection) by extension 'ignore'
[0.161s] Level 1:colcon.colcon_core.package_identification:_identify(src/puck_detection) by extension 'ignore_ament_install'
[0.161s] Level 1:colcon.colcon_core.package_identification:_identify(src/puck_detection) by extensions ['colcon_pkg']
[0.161s] Level 1:colcon.colcon_core.package_identification:_identify(src/puck_detection) by extension 'colcon_pkg'
[0.161s] Level 1:colcon.colcon_core.package_identification:_identify(src/puck_detection) by extensions ['colcon_meta']
[0.161s] Level 1:colcon.colcon_core.package_identification:_identify(src/puck_detection) by extension 'colcon_meta'
[0.161s] Level 1:colcon.colcon_core.package_identification:_identify(src/puck_detection) by extensions ['ros']
[0.161s] Level 1:colcon.colcon_core.package_identification:_identify(src/puck_detection) by extension 'ros'
[0.162s] DEBUG:colcon.colcon_core.package_identification:Failed to parse potential ROS package manifest in'src/puck_detection': Error(s) in package 'src/puck_detection/package.xml':
The manifest contains invalid XML:
mismatched tag: line 16, column 27
[0.162s] Level 1:colcon.colcon_core.package_identification:_identify(src/puck_detection) by extensions ['cmake', 'python']
[0.162s] Level 1:colcon.colcon_core.package_identification:_identify(src/puck_detection) by extension 'cmake'
[0.162s] Level 1:colcon.colcon_core.package_identification:_identify(src/puck_detection) by extension 'python'
[0.162s] DEBUG:colcon.colcon_core.package_identification:Python package in 'src/puck_detection' passes arguments to the setup() function which requires a different identification extension than 'python'
[0.162s] Level 1:colcon.colcon_core.package_identification:_identify(src/puck_detection) by extensions ['python_setup_py']
[0.162s] Level 1:colcon.colcon_core.package_identification:_identify(src/puck_detection) by extension 'python_setup_py'
[0.291s] DEBUG:colcon.colcon_core.package_identification:Package 'src/puck_detection' with type 'python' and name 'puck_detection'
[0.291s] Level 1:colcon.colcon_core.package_discovery:discover_packages(recursive) using defaults
[0.291s] Level 1:colcon.colcon_core.package_discovery:discover_packages(ignore) discover
[0.291s] Level 1:colcon.colcon_core.package_discovery:discover_packages(ignore) using defaults
[0.291s] Level 1:colcon.colcon_core.package_discovery:discover_packages(path) discover
[0.291s] Level 1:colcon.colcon_core.package_discovery:discover_packages(path) using defaults
[0.304s] Level 1:colcon.colcon_core.package_discovery:discover_packages(prefix_path) check parameters
[0.304s] Level 1:colcon.colcon_core.package_discovery:discover_packages(prefix_path) discover
[0.305s] DEBUG:colcon.colcon_installed_package_information.package_discovery:Found 1 installed packages in /workspace/ros2_camera_ws/install
[0.305s] DEBUG:colcon.colcon_installed_package_information.package_discovery:Found 205 installed packages in /opt/ros/humble
[0.306s] Level 1:colcon.colcon_core.package_discovery:discover_packages(prefix_path) using defaults
[0.327s] Level 5:colcon.colcon_core.verb:set package 'puck_detection' build argument 'cmake_args' from command line to 'None'
[0.327s] Level 5:colcon.colcon_core.verb:set package 'puck_detection' build argument 'cmake_target' from command line to 'None'
[0.327s] Level 5:colcon.colcon_core.verb:set package 'puck_detection' build argument 'cmake_target_skip_unavailable' from command line to 'False'
[0.327s] Level 5:colcon.colcon_core.verb:set package 'puck_detection' build argument 'cmake_clean_cache' from command line to 'False'
[0.327s] Level 5:colcon.colcon_core.verb:set package 'puck_detection' build argument 'cmake_clean_first' from command line to 'False'
[0.327s] Level 5:colcon.colcon_core.verb:set package 'puck_detection' build argument 'cmake_force_configure' from command line to 'False'
[0.327s] Level 5:colcon.colcon_core.verb:set package 'puck_detection' build argument 'ament_cmake_args' from command line to 'None'
[0.327s] Level 5:colcon.colcon_core.verb:set package 'puck_detection' build argument 'catkin_cmake_args' from command line to 'None'
[0.327s] Level 5:colcon.colcon_core.verb:set package 'puck_detection' build argument 'catkin_skip_building_tests' from command line to 'False'
[0.327s] DEBUG:colcon.colcon_core.verb:Building package 'puck_detection' with the following arguments: {'ament_cmake_args': None, 'build_base': '/workspace/ros2_camera_ws/build/puck_detection', 'catkin_cmake_args': None, 'catkin_skip_building_tests': False, 'cmake_args': None, 'cmake_clean_cache': False, 'cmake_clean_first': False, 'cmake_force_configure': False, 'cmake_target': None, 'cmake_target_skip_unavailable': False, 'install_base': '/workspace/ros2_camera_ws/install/puck_detection', 'merge_install': False, 'path': '/workspace/ros2_camera_ws/src/puck_detection', 'symlink_install': False, 'test_result_base': None}
[0.327s] INFO:colcon.colcon_core.executor:Executing jobs using 'parallel' executor
[0.328s] DEBUG:colcon.colcon_parallel_executor.executor.parallel:run_until_complete
[0.328s] INFO:colcon.colcon_core.task.python.build:Building Python package in '/workspace/ros2_camera_ws/src/puck_detection'
[0.329s] INFO:colcon.colcon_core.plugin_system:Skipping extension 'colcon_core.shell.bat': Not used on non-Windows systems
[0.329s] INFO:colcon.colcon_core.shell:Skip shell extension 'powershell' for command environment: Not usable outside of PowerShell
[0.330s] DEBUG:colcon.colcon_core.shell:Skip shell extension 'dsv' for command environment
[0.663s] DEBUG:colcon.colcon_core.event_handler.log_command:Invoking command in '/workspace/ros2_camera_ws/src/puck_detection': PYTHONPATH=/workspace/ros2_camera_ws/build/puck_detection/prefix_override:/usr/lib/python3/dist-packages/colcon_core/task/python/colcon_distutils_commands:/workspace/ros2_camera_ws/install/puck_detection/lib/python3.10/site-packages:${PYTHONPATH} /usr/bin/python3 -W ignore:setup.py install is deprecated -W ignore:easy_install command is deprecated setup.py egg_info --egg-base ../../build/puck_detection build --build-base /workspace/ros2_camera_ws/build/puck_detection/build install --record /workspace/ros2_camera_ws/build/puck_detection/install.log --single-version-externally-managed install_data
[0.825s] DEBUG:colcon.colcon_core.event_handler.log_command:Invoked command in '/workspace/ros2_camera_ws/src/puck_detection' returned '0': PYTHONPATH=/workspace/ros2_camera_ws/build/puck_detection/prefix_override:/usr/lib/python3/dist-packages/colcon_core/task/python/colcon_distutils_commands:/workspace/ros2_camera_ws/install/puck_detection/lib/python3.10/site-packages:${PYTHONPATH} /usr/bin/python3 -W ignore:setup.py install is deprecated -W ignore:easy_install command is deprecated setup.py egg_info --egg-base ../../build/puck_detection build --build-base /workspace/ros2_camera_ws/build/puck_detection/build install --record /workspace/ros2_camera_ws/build/puck_detection/install.log --single-version-externally-managed install_data
[0.826s] Level 1:colcon.colcon_core.environment:checking '/workspace/ros2_camera_ws/install/puck_detection' for CMake module files
[0.827s] Level 1:colcon.colcon_core.environment:checking '/workspace/ros2_camera_ws/install/puck_detection' for CMake config files
[0.827s] Level 1:colcon.colcon_core.environment:checking '/workspace/ros2_camera_ws/install/puck_detection/lib'
[0.827s] Level 1:colcon.colcon_core.environment:checking '/workspace/ros2_camera_ws/install/puck_detection/bin'
[0.827s] Level 1:colcon.colcon_core.environment:checking '/workspace/ros2_camera_ws/install/puck_detection/lib/pkgconfig/puck_detection.pc'
[0.827s] Level 1:colcon.colcon_core.environment:checking '/workspace/ros2_camera_ws/install/puck_detection/lib/python3.10/site-packages'
[0.827s] Level 1:colcon.colcon_core.shell:create_environment_hook('puck_detection', 'pythonpath')
[0.828s] INFO:colcon.colcon_core.shell:Creating environment hook '/workspace/ros2_camera_ws/install/puck_detection/share/puck_detection/hook/pythonpath.ps1'
[0.828s] INFO:colcon.colcon_core.shell:Creating environment descriptor '/workspace/ros2_camera_ws/install/puck_detection/share/puck_detection/hook/pythonpath.dsv'
[0.828s] INFO:colcon.colcon_core.shell:Creating environment hook '/workspace/ros2_camera_ws/install/puck_detection/share/puck_detection/hook/pythonpath.sh'
[0.829s] Level 1:colcon.colcon_core.environment:checking '/workspace/ros2_camera_ws/install/puck_detection/bin'
[0.829s] Level 1:colcon.colcon_core.environment:create_environment_scripts_only(puck_detection)
[0.829s] INFO:colcon.colcon_core.shell:Creating package script '/workspace/ros2_camera_ws/install/puck_detection/share/puck_detection/package.ps1'
[0.830s] INFO:colcon.colcon_core.shell:Creating package descriptor '/workspace/ros2_camera_ws/install/puck_detection/share/puck_detection/package.dsv'
[0.830s] INFO:colcon.colcon_core.shell:Creating package script '/workspace/ros2_camera_ws/install/puck_detection/share/puck_detection/package.sh'
[0.830s] INFO:colcon.colcon_core.shell:Creating package script '/workspace/ros2_camera_ws/install/puck_detection/share/puck_detection/package.bash'
[0.831s] INFO:colcon.colcon_core.shell:Creating package script '/workspace/ros2_camera_ws/install/puck_detection/share/puck_detection/package.zsh'
[0.831s] Level 1:colcon.colcon_core.environment:create_file_with_runtime_dependencies(/workspace/ros2_camera_ws/install/puck_detection/share/colcon-core/packages/puck_detection)
[0.831s] DEBUG:colcon.colcon_parallel_executor.executor.parallel:closing loop
[0.831s] DEBUG:colcon.colcon_parallel_executor.executor.parallel:loop closed
[0.832s] DEBUG:colcon.colcon_parallel_executor.executor.parallel:run_until_complete finished with '0'
[0.832s] DEBUG:colcon.colcon_core.event_reactor:joining thread
[0.835s] INFO:colcon.colcon_core.plugin_system:Skipping extension 'colcon_notification.desktop_notification.notify_send': Could not find 'notify-send'
[0.835s] INFO:colcon.colcon_core.plugin_system:Skipping extension 'colcon_notification.desktop_notification.terminal_notifier': Not used on non-Darwin systems
[0.835s] INFO:colcon.colcon_core.plugin_system:Skipping extension 'colcon_notification.desktop_notification.win32': Not used on non-Windows systems
[0.835s] INFO:colcon.colcon_notification.desktop_notification:Sending desktop notification using 'notify2'
[0.836s] DEBUG:colcon.colcon_notification.desktop_notification.notify2:Failed to initialize notify2: org.freedesktop.DBus.Error.Spawn.ExecFailed: /usr/bin/dbus-launch terminated abnormally without any error message
[0.836s] DEBUG:colcon.colcon_core.event_reactor:joined thread
[0.837s] INFO:colcon.colcon_core.shell:Creating prefix script '/workspace/ros2_camera_ws/install/local_setup.ps1'
[0.837s] INFO:colcon.colcon_core.shell:Creating prefix util module '/workspace/ros2_camera_ws/install/_local_setup_util_ps1.py'
[0.838s] INFO:colcon.colcon_core.shell:Creating prefix chain script '/workspace/ros2_camera_ws/install/setup.ps1'
[0.839s] INFO:colcon.colcon_core.shell:Creating prefix script '/workspace/ros2_camera_ws/install/local_setup.sh'
[0.839s] INFO:colcon.colcon_core.shell:Creating prefix util module '/workspace/ros2_camera_ws/install/_local_setup_util_sh.py'
[0.839s] INFO:colcon.colcon_core.shell:Creating prefix chain script '/workspace/ros2_camera_ws/install/setup.sh'
[0.840s] INFO:colcon.colcon_core.shell:Creating prefix script '/workspace/ros2_camera_ws/install/local_setup.bash'
[0.840s] INFO:colcon.colcon_core.shell:Creating prefix chain script '/workspace/ros2_camera_ws/install/setup.bash'
[0.841s] INFO:colcon.colcon_core.shell:Creating prefix script '/workspace/ros2_camera_ws/install/local_setup.zsh'
[0.841s] INFO:colcon.colcon_core.shell:Creating prefix chain script '/workspace/ros2_camera_ws/install/setup.zsh'
