[0.005s] Invoking command in '/workspace/ros2_ws/src/build/crane_x7_moveit_config': AMENT_PREFIX_PATH=/workspace/ros2_ws/src/install/crane_x7_description:${AMENT_PREFIX_PATH} CMAKE_PREFIX_PATH=/workspace/ros2_ws/src/install/crane_x7_description:/workspace/ros2_ws/install/crane_x7:/workspace/ros2_ws/install/crane_x7_examples:/workspace/ros2_ws/install/crane_x7_moveit_config:/workspace/ros2_ws/install/crane_x7_gazebo:/workspace/ros2_ws/install/crane_x7_control:/workspace/ros2_ws/install/crane_x7_description:/opt/ros/humble PYTHONPATH=/workspace/ros2_ws/src/install/crane_x7_description/local/lib/python3.10/dist-packages:${PYTHONPATH} /usr/bin/cmake /workspace/ros2_ws/src/crane_x7_ros/crane_x7_moveit_config -DAMENT_CMAKE_SYMLINK_INSTALL=1 -DCMAKE_INSTALL_PREFIX=/workspace/ros2_ws/src/install/crane_x7_moveit_config
[0.034s] -- The C compiler identification is GNU 11.4.0
[0.067s] -- The CXX compiler identification is GNU 11.4.0
[0.071s] -- Detecting C compiler ABI info
[0.106s] -- Detecting C compiler ABI info - done
[0.110s] -- Check for working C compiler: /usr/bin/cc - skipped
[0.111s] -- Detecting C compile features
[0.111s] -- Detecting C compile features - done
[0.112s] -- Detecting CXX compiler ABI info
[0.154s] -- Detecting CXX compiler ABI info - done
[0.158s] -- Check for working CXX compiler: /usr/bin/c++ - skipped
[0.159s] -- Detecting CXX compile features
[0.159s] -- Detecting CXX compile features - done
[0.161s] -- Found ament_cmake: 1.3.11 (/opt/ros/humble/share/ament_cmake/cmake)
[0.234s] -- Found Python3: /usr/bin/python3 (found version "3.10.12") found components: Interpreter 
[0.270s] -- Override CMake install command with custom implementation using symlinks instead of copying resources
[0.292s] -- Found ament_lint_auto: 0.12.12 (/opt/ros/humble/share/ament_lint_auto/cmake)
[0.345s] -- Added test 'copyright' to check source files copyright and LICENSE
[0.346s] -- Added test 'flake8' to check Python code syntax and style conventions
[0.346s] -- Added test 'lint_cmake' to check CMake code style
[0.347s] -- Added test 'pep257' to check Python code against some of the docstring style conventions in PEP 257
[0.347s] -- Added test 'xmllint' to check XML markup files
[0.348s] -- Configuring done
[0.350s] -- Generating done
[0.351s] -- Build files have been written to: /workspace/ros2_ws/src/build/crane_x7_moveit_config
[0.354s] Invoked command in '/workspace/ros2_ws/src/build/crane_x7_moveit_config' returned '0': AMENT_PREFIX_PATH=/workspace/ros2_ws/src/install/crane_x7_description:${AMENT_PREFIX_PATH} CMAKE_PREFIX_PATH=/workspace/ros2_ws/src/install/crane_x7_description:/workspace/ros2_ws/install/crane_x7:/workspace/ros2_ws/install/crane_x7_examples:/workspace/ros2_ws/install/crane_x7_moveit_config:/workspace/ros2_ws/install/crane_x7_gazebo:/workspace/ros2_ws/install/crane_x7_control:/workspace/ros2_ws/install/crane_x7_description:/opt/ros/humble PYTHONPATH=/workspace/ros2_ws/src/install/crane_x7_description/local/lib/python3.10/dist-packages:${PYTHONPATH} /usr/bin/cmake /workspace/ros2_ws/src/crane_x7_ros/crane_x7_moveit_config -DAMENT_CMAKE_SYMLINK_INSTALL=1 -DCMAKE_INSTALL_PREFIX=/workspace/ros2_ws/src/install/crane_x7_moveit_config
[0.355s] Invoking command in '/workspace/ros2_ws/src/build/crane_x7_moveit_config': AMENT_PREFIX_PATH=/workspace/ros2_ws/src/install/crane_x7_description:${AMENT_PREFIX_PATH} CMAKE_PREFIX_PATH=/workspace/ros2_ws/src/install/crane_x7_description:/workspace/ros2_ws/install/crane_x7:/workspace/ros2_ws/install/crane_x7_examples:/workspace/ros2_ws/install/crane_x7_moveit_config:/workspace/ros2_ws/install/crane_x7_gazebo:/workspace/ros2_ws/install/crane_x7_control:/workspace/ros2_ws/install/crane_x7_description:/opt/ros/humble PYTHONPATH=/workspace/ros2_ws/src/install/crane_x7_description/local/lib/python3.10/dist-packages:${PYTHONPATH} /usr/bin/cmake --build /workspace/ros2_ws/src/build/crane_x7_moveit_config -- -j16 -l16
[0.374s] Invoked command in '/workspace/ros2_ws/src/build/crane_x7_moveit_config' returned '0': AMENT_PREFIX_PATH=/workspace/ros2_ws/src/install/crane_x7_description:${AMENT_PREFIX_PATH} CMAKE_PREFIX_PATH=/workspace/ros2_ws/src/install/crane_x7_description:/workspace/ros2_ws/install/crane_x7:/workspace/ros2_ws/install/crane_x7_examples:/workspace/ros2_ws/install/crane_x7_moveit_config:/workspace/ros2_ws/install/crane_x7_gazebo:/workspace/ros2_ws/install/crane_x7_control:/workspace/ros2_ws/install/crane_x7_description:/opt/ros/humble PYTHONPATH=/workspace/ros2_ws/src/install/crane_x7_description/local/lib/python3.10/dist-packages:${PYTHONPATH} /usr/bin/cmake --build /workspace/ros2_ws/src/build/crane_x7_moveit_config -- -j16 -l16
[0.374s] Invoking command in '/workspace/ros2_ws/src/build/crane_x7_moveit_config': AMENT_PREFIX_PATH=/workspace/ros2_ws/src/install/crane_x7_description:${AMENT_PREFIX_PATH} CMAKE_PREFIX_PATH=/workspace/ros2_ws/src/install/crane_x7_description:/workspace/ros2_ws/install/crane_x7:/workspace/ros2_ws/install/crane_x7_examples:/workspace/ros2_ws/install/crane_x7_moveit_config:/workspace/ros2_ws/install/crane_x7_gazebo:/workspace/ros2_ws/install/crane_x7_control:/workspace/ros2_ws/install/crane_x7_description:/opt/ros/humble PYTHONPATH=/workspace/ros2_ws/src/install/crane_x7_description/local/lib/python3.10/dist-packages:${PYTHONPATH} /usr/bin/cmake --install /workspace/ros2_ws/src/build/crane_x7_moveit_config
[0.378s] -- Install configuration: ""
[0.378s] -- Execute custom install script
[0.378s] -- Symlinking: /workspace/ros2_ws/src/install/crane_x7_moveit_config/share/crane_x7_moveit_config//launch/run_move_group.launch.py
[0.383s] -- Symlinking: /workspace/ros2_ws/src/install/crane_x7_moveit_config/share/crane_x7_moveit_config//launch/run_move_group.rviz
[0.387s] -- Symlinking: /workspace/ros2_ws/src/install/crane_x7_moveit_config/share/crane_x7_moveit_config//config/controllers.yaml
[0.391s] -- Symlinking: /workspace/ros2_ws/src/install/crane_x7_moveit_config/share/crane_x7_moveit_config//config/crane_x7.srdf
[0.395s] -- Symlinking: /workspace/ros2_ws/src/install/crane_x7_moveit_config/share/crane_x7_moveit_config//config/joint_limits.yaml
[0.400s] -- Symlinking: /workspace/ros2_ws/src/install/crane_x7_moveit_config/share/crane_x7_moveit_config//config/kinematics.yaml
[0.404s] -- Symlinking: /workspace/ros2_ws/src/install/crane_x7_moveit_config/share/crane_x7_moveit_config//config/ompl_planning.yaml
[0.408s] -- Symlinking: /workspace/ros2_ws/src/install/crane_x7_moveit_config/share/ament_index/resource_index/package_run_dependencies/crane_x7_moveit_config
[0.413s] -- Symlinking: /workspace/ros2_ws/src/install/crane_x7_moveit_config/share/ament_index/resource_index/parent_prefix_path/crane_x7_moveit_config
[0.417s] -- Symlinking: /workspace/ros2_ws/src/install/crane_x7_moveit_config/share/crane_x7_moveit_config/environment/ament_prefix_path.sh
[0.421s] -- Symlinking: /workspace/ros2_ws/src/install/crane_x7_moveit_config/share/crane_x7_moveit_config/environment/ament_prefix_path.dsv
[0.425s] -- Symlinking: /workspace/ros2_ws/src/install/crane_x7_moveit_config/share/crane_x7_moveit_config/environment/path.sh
[0.430s] -- Symlinking: /workspace/ros2_ws/src/install/crane_x7_moveit_config/share/crane_x7_moveit_config/environment/path.dsv
[0.434s] -- Symlinking: /workspace/ros2_ws/src/install/crane_x7_moveit_config/share/crane_x7_moveit_config/local_setup.bash
[0.439s] -- Symlinking: /workspace/ros2_ws/src/install/crane_x7_moveit_config/share/crane_x7_moveit_config/local_setup.sh
[0.444s] -- Symlinking: /workspace/ros2_ws/src/install/crane_x7_moveit_config/share/crane_x7_moveit_config/local_setup.zsh
[0.449s] -- Symlinking: /workspace/ros2_ws/src/install/crane_x7_moveit_config/share/crane_x7_moveit_config/local_setup.dsv
[0.453s] -- Symlinking: /workspace/ros2_ws/src/install/crane_x7_moveit_config/share/crane_x7_moveit_config/package.dsv
[0.457s] -- Symlinking: /workspace/ros2_ws/src/install/crane_x7_moveit_config/share/ament_index/resource_index/packages/crane_x7_moveit_config
[0.461s] -- Symlinking: /workspace/ros2_ws/src/install/crane_x7_moveit_config/share/crane_x7_moveit_config/cmake/crane_x7_moveit_configConfig.cmake
[0.465s] -- Symlinking: /workspace/ros2_ws/src/install/crane_x7_moveit_config/share/crane_x7_moveit_config/cmake/crane_x7_moveit_configConfig-version.cmake
[0.469s] -- Symlinking: /workspace/ros2_ws/src/install/crane_x7_moveit_config/share/crane_x7_moveit_config/package.xml
[0.475s] Invoked command in '/workspace/ros2_ws/src/build/crane_x7_moveit_config' returned '0': AMENT_PREFIX_PATH=/workspace/ros2_ws/src/install/crane_x7_description:${AMENT_PREFIX_PATH} CMAKE_PREFIX_PATH=/workspace/ros2_ws/src/install/crane_x7_description:/workspace/ros2_ws/install/crane_x7:/workspace/ros2_ws/install/crane_x7_examples:/workspace/ros2_ws/install/crane_x7_moveit_config:/workspace/ros2_ws/install/crane_x7_gazebo:/workspace/ros2_ws/install/crane_x7_control:/workspace/ros2_ws/install/crane_x7_description:/opt/ros/humble PYTHONPATH=/workspace/ros2_ws/src/install/crane_x7_description/local/lib/python3.10/dist-packages:${PYTHONPATH} /usr/bin/cmake --install /workspace/ros2_ws/src/build/crane_x7_moveit_config
