[0.009s] Invoking command in '/workspace/ros2_ws/src/build/crane_x7_description': CMAKE_PREFIX_PATH=${CMAKE_PREFIX_PATH}:/opt/ros/humble /usr/bin/cmake /workspace/ros2_ws/src/crane_x7_description -DAMENT_CMAKE_SYMLINK_INSTALL=1 -DCMAKE_INSTALL_PREFIX=/workspace/ros2_ws/src/install/crane_x7_description
[0.040s] -- The C compiler identification is GNU 11.4.0
[0.072s] -- The CXX compiler identification is GNU 11.4.0
[0.076s] -- Detecting C compiler ABI info
[0.111s] -- Detecting C compiler ABI info - done
[0.115s] -- Check for working C compiler: /usr/bin/cc - skipped
[0.115s] -- Detecting C compile features
[0.115s] -- Detecting C compile features - done
[0.117s] -- Detecting CXX compiler ABI info
[0.159s] -- Detecting CXX compiler ABI info - done
[0.163s] -- Check for working CXX compiler: /usr/bin/c++ - skipped
[0.164s] -- Detecting CXX compile features
[0.164s] -- Detecting CXX compile features - done
[0.169s] -- Found ament_cmake: 1.3.11 (/opt/ros/humble/share/ament_cmake/cmake)
[0.241s] -- Found Python3: /usr/bin/python3 (found version "3.10.12") found components: Interpreter 
[0.276s] -- Override CMake install command with custom implementation using symlinks instead of copying resources
[0.343s] -- Found ament_lint_auto: 0.12.12 (/opt/ros/humble/share/ament_lint_auto/cmake)
[0.572s] -- Added test 'flake8' to check Python code syntax and style conventions
[0.573s] -- Added test 'lint_cmake' to check CMake code style
[0.573s] -- Added test 'pep257' to check Python code against some of the docstring style conventions in PEP 257
[0.575s] -- Added test 'xmllint' to check XML markup files
[0.576s] -- Configuring done
[0.578s] -- Generating done
[0.579s] -- Build files have been written to: /workspace/ros2_ws/src/build/crane_x7_description
[0.583s] Invoked command in '/workspace/ros2_ws/src/build/crane_x7_description' returned '0': CMAKE_PREFIX_PATH=${CMAKE_PREFIX_PATH}:/opt/ros/humble /usr/bin/cmake /workspace/ros2_ws/src/crane_x7_description -DAMENT_CMAKE_SYMLINK_INSTALL=1 -DCMAKE_INSTALL_PREFIX=/workspace/ros2_ws/src/install/crane_x7_description
[0.583s] Invoking command in '/workspace/ros2_ws/src/build/crane_x7_description': CMAKE_PREFIX_PATH=${CMAKE_PREFIX_PATH}:/opt/ros/humble /usr/bin/cmake --build /workspace/ros2_ws/src/build/crane_x7_description -- -j16 -l16
[0.619s] Built target ament_cmake_python_symlink_crane_x7_description
[0.754s] running egg_info
[0.755s] creating crane_x7_description.egg-info
[0.755s] writing crane_x7_description.egg-info/PKG-INFO
[0.755s] writing dependency_links to crane_x7_description.egg-info/dependency_links.txt
[0.755s] writing top-level names to crane_x7_description.egg-info/top_level.txt
[0.755s] writing manifest file 'crane_x7_description.egg-info/SOURCES.txt'
[0.756s] reading manifest file 'crane_x7_description.egg-info/SOURCES.txt'
[0.756s] writing manifest file 'crane_x7_description.egg-info/SOURCES.txt'
[0.770s] Built target ament_cmake_python_build_crane_x7_description_egg
[0.775s] Invoked command in '/workspace/ros2_ws/src/build/crane_x7_description' returned '0': CMAKE_PREFIX_PATH=${CMAKE_PREFIX_PATH}:/opt/ros/humble /usr/bin/cmake --build /workspace/ros2_ws/src/build/crane_x7_description -- -j16 -l16
[0.776s] Invoking command in '/workspace/ros2_ws/src/build/crane_x7_description': CMAKE_PREFIX_PATH=${CMAKE_PREFIX_PATH}:/opt/ros/humble /usr/bin/cmake --install /workspace/ros2_ws/src/build/crane_x7_description
[0.779s] -- Install configuration: ""
[0.780s] -- Execute custom install script
[0.780s] -- Symlinking: /workspace/ros2_ws/src/install/crane_x7_description/share/crane_x7_description//config/dummy_controllers.yaml
[0.784s] -- Symlinking: /workspace/ros2_ws/src/install/crane_x7_description/share/crane_x7_description//launch/display.launch.py
[0.788s] -- Symlinking: /workspace/ros2_ws/src/install/crane_x7_description/share/crane_x7_description//launch/display.rviz
[0.794s] -- Symlinking: /workspace/ros2_ws/src/install/crane_x7_description/share/crane_x7_description//meshes/collision/base_fixed_part.skp
[0.802s] -- Symlinking: /workspace/ros2_ws/src/install/crane_x7_description/share/crane_x7_description//meshes/collision/base_fixed_part.stl
[0.808s] -- Symlinking: /workspace/ros2_ws/src/install/crane_x7_description/share/crane_x7_description//meshes/collision/mounting_plate.skp
[0.816s] -- Symlinking: /workspace/ros2_ws/src/install/crane_x7_description/share/crane_x7_description//meshes/collision/mounting_plate.stl
[0.823s] -- Symlinking: /workspace/ros2_ws/src/install/crane_x7_description/share/crane_x7_description//meshes/collision/rotating_link_type_1_fixed_part.skp
[0.831s] -- Symlinking: /workspace/ros2_ws/src/install/crane_x7_description/share/crane_x7_description//meshes/collision/rotating_link_type_1_fixed_part.stl
[0.839s] -- Symlinking: /workspace/ros2_ws/src/install/crane_x7_description/share/crane_x7_description//meshes/collision/rotating_link_type_1_revolute_part.skp
[0.847s] -- Symlinking: /workspace/ros2_ws/src/install/crane_x7_description/share/crane_x7_description//meshes/collision/rotating_link_type_1_revolute_part.stl
[0.857s] -- Symlinking: /workspace/ros2_ws/src/install/crane_x7_description/share/crane_x7_description//meshes/collision/rotating_link_type_2_fixed_part.skp
[0.867s] -- Symlinking: /workspace/ros2_ws/src/install/crane_x7_description/share/crane_x7_description//meshes/collision/rotating_link_type_2_fixed_part.stl
[0.878s] -- Symlinking: /workspace/ros2_ws/src/install/crane_x7_description/share/crane_x7_description//meshes/collision/rotating_link_type_2_revolute_part.skp
[0.886s] -- Symlinking: /workspace/ros2_ws/src/install/crane_x7_description/share/crane_x7_description//meshes/collision/rotating_link_type_2_revolute_part.stl
[0.896s] -- Symlinking: /workspace/ros2_ws/src/install/crane_x7_description/share/crane_x7_description//meshes/collision/wide_two_finger_gripper_actuator.skp
[0.908s] -- Symlinking: /workspace/ros2_ws/src/install/crane_x7_description/share/crane_x7_description//meshes/collision/wide_two_finger_gripper_actuator.stl
[0.916s] -- Symlinking: /workspace/ros2_ws/src/install/crane_x7_description/share/crane_x7_description//meshes/collision/wide_two_finger_gripper_finger_a.skp
[0.926s] -- Symlinking: /workspace/ros2_ws/src/install/crane_x7_description/share/crane_x7_description//meshes/collision/wide_two_finger_gripper_finger_a.stl
[0.935s] -- Symlinking: /workspace/ros2_ws/src/install/crane_x7_description/share/crane_x7_description//meshes/collision/wide_two_finger_gripper_finger_b.skp
[0.944s] -- Symlinking: /workspace/ros2_ws/src/install/crane_x7_description/share/crane_x7_description//meshes/collision/wide_two_finger_gripper_finger_b.stl
[0.952s] -- Symlinking: /workspace/ros2_ws/src/install/crane_x7_description/share/crane_x7_description//meshes/collision/wrist.skp
[0.959s] -- Symlinking: /workspace/ros2_ws/src/install/crane_x7_description/share/crane_x7_description//meshes/collision/wrist.stl
[0.966s] -- Symlinking: /workspace/ros2_ws/src/install/crane_x7_description/share/crane_x7_description//meshes/visual/base_fixed_part.stl
[0.973s] -- Symlinking: /workspace/ros2_ws/src/install/crane_x7_description/share/crane_x7_description//meshes/visual/base_revolute_part.stl
[0.979s] -- Symlinking: /workspace/ros2_ws/src/install/crane_x7_description/share/crane_x7_description//meshes/visual/joint_cover.stl
[0.987s] -- Symlinking: /workspace/ros2_ws/src/install/crane_x7_description/share/crane_x7_description//meshes/visual/mounting_plate.stl
[0.994s] -- Symlinking: /workspace/ros2_ws/src/install/crane_x7_description/share/crane_x7_description//meshes/visual/rotating_link_type_1_fixed_part.stl
[1.002s] -- Symlinking: /workspace/ros2_ws/src/install/crane_x7_description/share/crane_x7_description//meshes/visual/rotating_link_type_1_revolute_part.stl
[1.007s] -- Symlinking: /workspace/ros2_ws/src/install/crane_x7_description/share/crane_x7_description//meshes/visual/rotating_link_type_2_fixed_part.stl
[1.015s] -- Symlinking: /workspace/ros2_ws/src/install/crane_x7_description/share/crane_x7_description//meshes/visual/rotating_link_type_2_revolute_part.stl
[1.021s] -- Symlinking: /workspace/ros2_ws/src/install/crane_x7_description/share/crane_x7_description//meshes/visual/rtcorp_logo_name.stl
[1.027s] -- Symlinking: /workspace/ros2_ws/src/install/crane_x7_description/share/crane_x7_description//meshes/visual/rtcorp_logo_rabbit.stl
[1.033s] -- Symlinking: /workspace/ros2_ws/src/install/crane_x7_description/share/crane_x7_description//meshes/visual/wide_two_finger_gripper_actuator.stl
[1.038s] -- Symlinking: /workspace/ros2_ws/src/install/crane_x7_description/share/crane_x7_description//meshes/visual/wide_two_finger_gripper_finger_a.stl
[1.042s] -- Symlinking: /workspace/ros2_ws/src/install/crane_x7_description/share/crane_x7_description//meshes/visual/wide_two_finger_gripper_finger_b.stl
[1.046s] -- Symlinking: /workspace/ros2_ws/src/install/crane_x7_description/share/crane_x7_description//meshes/visual/wrist.stl
[1.050s] -- Symlinking: /workspace/ros2_ws/src/install/crane_x7_description/share/crane_x7_description//urdf/crane_x7.gazebo.xacro
[1.054s] -- Symlinking: /workspace/ros2_ws/src/install/crane_x7_description/share/crane_x7_description//urdf/crane_x7.gazebo_ros2_control.xacro
[1.057s] -- Symlinking: /workspace/ros2_ws/src/install/crane_x7_description/share/crane_x7_description//urdf/crane_x7.ros2_control.xacro
[1.061s] -- Symlinking: /workspace/ros2_ws/src/install/crane_x7_description/share/crane_x7_description//urdf/crane_x7.urdf.xacro
[1.066s] -- Symlinking: /workspace/ros2_ws/src/install/crane_x7_description/share/crane_x7_description//urdf/crane_x7.xacro
[1.073s] -- Symlinking: /workspace/ros2_ws/src/install/crane_x7_description/share/crane_x7_description//urdf/crane_x7_arm.xacro
[1.080s] -- Symlinking: /workspace/ros2_ws/src/install/crane_x7_description/share/crane_x7_description//urdf/crane_x7_mounting_plate.xacro
[1.087s] -- Symlinking: /workspace/ros2_ws/src/install/crane_x7_description/share/crane_x7_description//urdf/crane_x7_rt_logos.xacro
[1.094s] -- Symlinking: /workspace/ros2_ws/src/install/crane_x7_description/share/crane_x7_description//urdf/crane_x7_wide_two_finger_gripper.xacro
[1.100s] -- Symlinking: /workspace/ros2_ws/src/install/crane_x7_description/share/crane_x7_description/environment/pythonpath.sh
[1.106s] -- Symlinking: /workspace/ros2_ws/src/install/crane_x7_description/share/crane_x7_description/environment/pythonpath.dsv
[1.113s] -- Symlinking: /workspace/ros2_ws/src/install/crane_x7_description/local/lib/python3.10/dist-packages/crane_x7_description-3.0.0-py3.10.egg-info/PKG-INFO
[1.118s] -- Symlinking: /workspace/ros2_ws/src/install/crane_x7_description/local/lib/python3.10/dist-packages/crane_x7_description-3.0.0-py3.10.egg-info/SOURCES.txt
[1.125s] -- Symlinking: /workspace/ros2_ws/src/install/crane_x7_description/local/lib/python3.10/dist-packages/crane_x7_description-3.0.0-py3.10.egg-info/dependency_links.txt
[1.133s] -- Symlinking: /workspace/ros2_ws/src/install/crane_x7_description/local/lib/python3.10/dist-packages/crane_x7_description-3.0.0-py3.10.egg-info/top_level.txt
[1.140s] -- Symlinking: /workspace/ros2_ws/src/install/crane_x7_description/local/lib/python3.10/dist-packages/crane_x7_description/__init__.py
[1.149s] -- Symlinking: /workspace/ros2_ws/src/install/crane_x7_description/local/lib/python3.10/dist-packages/crane_x7_description/robot_description_loader.py
[1.155s] -- Symlinking: /workspace/ros2_ws/src/install/crane_x7_description/lib/crane_x7_description/robot_description_loader.py
[1.163s] -- Symlinking: /workspace/ros2_ws/src/install/crane_x7_description/share/ament_index/resource_index/package_run_dependencies/crane_x7_description
[1.169s] -- Symlinking: /workspace/ros2_ws/src/install/crane_x7_description/share/ament_index/resource_index/parent_prefix_path/crane_x7_description
[1.176s] -- Symlinking: /workspace/ros2_ws/src/install/crane_x7_description/share/crane_x7_description/environment/ament_prefix_path.sh
[1.182s] -- Symlinking: /workspace/ros2_ws/src/install/crane_x7_description/share/crane_x7_description/environment/ament_prefix_path.dsv
[1.188s] -- Symlinking: /workspace/ros2_ws/src/install/crane_x7_description/share/crane_x7_description/environment/path.sh
[1.194s] -- Symlinking: /workspace/ros2_ws/src/install/crane_x7_description/share/crane_x7_description/environment/path.dsv
[1.200s] -- Symlinking: /workspace/ros2_ws/src/install/crane_x7_description/share/crane_x7_description/local_setup.bash
[1.206s] -- Symlinking: /workspace/ros2_ws/src/install/crane_x7_description/share/crane_x7_description/local_setup.sh
[1.212s] -- Symlinking: /workspace/ros2_ws/src/install/crane_x7_description/share/crane_x7_description/local_setup.zsh
[1.217s] -- Symlinking: /workspace/ros2_ws/src/install/crane_x7_description/share/crane_x7_description/local_setup.dsv
[1.223s] -- Symlinking: /workspace/ros2_ws/src/install/crane_x7_description/share/crane_x7_description/package.dsv
[1.228s] -- Symlinking: /workspace/ros2_ws/src/install/crane_x7_description/share/ament_index/resource_index/packages/crane_x7_description
[1.237s] -- Symlinking: /workspace/ros2_ws/src/install/crane_x7_description/share/crane_x7_description/cmake/crane_x7_descriptionConfig.cmake
[1.245s] -- Symlinking: /workspace/ros2_ws/src/install/crane_x7_description/share/crane_x7_description/cmake/crane_x7_descriptionConfig-version.cmake
[1.252s] -- Symlinking: /workspace/ros2_ws/src/install/crane_x7_description/share/crane_x7_description/package.xml
[1.282s] Listing '/workspace/ros2_ws/src/install/crane_x7_description/local/lib/python3.10/dist-packages/crane_x7_description'...
[1.282s] Compiling '/workspace/ros2_ws/src/install/crane_x7_description/local/lib/python3.10/dist-packages/crane_x7_description/__init__.py'...
[1.282s] Compiling '/workspace/ros2_ws/src/install/crane_x7_description/local/lib/python3.10/dist-packages/crane_x7_description/robot_description_loader.py'...
[1.285s] Invoked command in '/workspace/ros2_ws/src/build/crane_x7_description' returned '0': CMAKE_PREFIX_PATH=${CMAKE_PREFIX_PATH}:/opt/ros/humble /usr/bin/cmake --install /workspace/ros2_ws/src/build/crane_x7_description
