[0.007s] Invoking command in '/workspace/ros2_ws/src/build/crane_x7_examples': AMENT_PREFIX_PATH=/workspace/ros2_ws/src/install/crane_x7_moveit_config:/workspace/ros2_ws/src/install/crane_x7_control:/workspace/ros2_ws/src/install/crane_x7_description:${AMENT_PREFIX_PATH} CMAKE_PREFIX_PATH=/workspace/ros2_ws/src/install/crane_x7_moveit_config:/workspace/ros2_ws/src/install/crane_x7_control:/workspace/ros2_ws/src/install/crane_x7_description:/workspace/ros2_ws/install/crane_x7:/workspace/ros2_ws/install/crane_x7_examples:/workspace/ros2_ws/install/crane_x7_moveit_config:/workspace/ros2_ws/install/crane_x7_gazebo:/workspace/ros2_ws/install/crane_x7_control:/workspace/ros2_ws/install/crane_x7_description:/opt/ros/humble LD_LIBRARY_PATH=/workspace/ros2_ws/src/install/crane_x7_control/lib:${LD_LIBRARY_PATH} PYTHONPATH=/workspace/ros2_ws/src/install/crane_x7_description/local/lib/python3.10/dist-packages:${PYTHONPATH} /usr/bin/cmake /workspace/ros2_ws/src/crane_x7_ros/crane_x7_examples -DAMENT_CMAKE_SYMLINK_INSTALL=1 -DCMAKE_INSTALL_PREFIX=/workspace/ros2_ws/src/install/crane_x7_examples
[0.037s] -- The C compiler identification is GNU 11.4.0
[0.077s] -- The CXX compiler identification is GNU 11.4.0
[0.081s] -- Detecting C compiler ABI info
[0.149s] -- Detecting C compiler ABI info - done
[0.155s] -- Check for working C compiler: /usr/bin/cc - skipped
[0.155s] -- Detecting C compile features
[0.156s] -- Detecting C compile features - done
[0.159s] -- Detecting CXX compiler ABI info
[0.241s] -- Detecting CXX compiler ABI info - done
[0.245s] -- Check for working CXX compiler: /usr/bin/c++ - skipped
[0.245s] -- Detecting CXX compile features
[0.245s] -- Detecting CXX compile features - done
[0.248s] -- Found ament_cmake: 1.3.11 (/opt/ros/humble/share/ament_cmake/cmake)
[0.327s] -- Found Python3: /usr/bin/python3 (found version "3.10.12") found components: Interpreter 
[0.362s] -- Override CMake install command with custom implementation using symlinks instead of copying resources
[0.384s] -- Found cv_bridge: 3.2.1 (/opt/ros/humble/share/cv_bridge/cmake)
[0.416s] -- Found rosidl_generator_c: 3.1.6 (/opt/ros/humble/share/rosidl_generator_c/cmake)
[0.420s] -- Found rosidl_adapter: 3.1.6 (/opt/ros/humble/share/rosidl_adapter/cmake)
[0.426s] -- Found rosidl_generator_cpp: 3.1.6 (/opt/ros/humble/share/rosidl_generator_cpp/cmake)
[0.435s] -- Using all available rosidl_typesupport_c: rosidl_typesupport_fastrtps_c;rosidl_typesupport_introspection_c
[0.447s] -- Using all available rosidl_typesupport_cpp: rosidl_typesupport_fastrtps_cpp;rosidl_typesupport_introspection_cpp
[0.489s] -- Found image_geometry: 3.2.1 (/opt/ros/humble/share/image_geometry/cmake)
[0.491s] -- Found moveit_ros_planning_interface: 2.5.9 (/opt/ros/humble/share/moveit_ros_planning_interface/cmake)
[0.642s] -- Found Boost: /usr/lib/x86_64-linux-gnu/cmake/Boost-1.74.0/BoostConfig.cmake (found version "1.74.0") found components: date_time filesystem program_options system thread 
[0.749s] -- Found Boost: /usr/lib/x86_64-linux-gnu/cmake/Boost-1.74.0/BoostConfig.cmake (found version "1.74.0") found components: chrono date_time filesystem iostreams program_options regex serialization system thread 
[0.786s] -- Found parameter_traits: 0.5.0 (/opt/ros/humble/share/parameter_traits/cmake)
[0.817s] -- Found rmw_implementation_cmake: 6.1.2 (/opt/ros/humble/share/rmw_implementation_cmake/cmake)
[0.820s] -- Found rmw_fastrtps_cpp: 6.2.7 (/opt/ros/humble/share/rmw_fastrtps_cpp/cmake)
[0.874s] -- Found OpenSSL: /usr/lib/x86_64-linux-gnu/libcrypto.so (found version "3.0.2")  
[0.891s] -- Found FastRTPS: /opt/ros/humble/include  
[0.921s] -- Using RMW implementation 'rmw_fastrtps_cpp' as default
[0.928s] -- Found Threads: TRUE  
[0.963s] -- Found rclcpp_lifecycle: 16.0.12 (/opt/ros/humble/share/rclcpp_lifecycle/cmake)
[0.981s] -- Found Boost: /usr/lib/x86_64-linux-gnu/cmake/Boost-1.74.0/BoostConfig.cmake (found version "1.74.0") found components: filesystem 
[1.036s] -- library: /usr/lib/x86_64-linux-gnu/libcurl.so
[1.059s] -- Found Eigen3: TRUE (found version "3.4.0") 
[1.059s] -- Ensuring Eigen3 include directory is part of orocos-kdl CMake target
[1.168s] -- Found Boost: /usr/lib/x86_64-linux-gnu/cmake/Boost-1.74.0/BoostConfig.cmake (found version "1.74.0") found components: system filesystem date_time program_options thread chrono 
[1.192s] -- Found Boost: /usr/lib/x86_64-linux-gnu/cmake/Boost-1.74.0/BoostConfig.cmake (found version "1.74.0") found components: thread system filesystem regex date_time program_options 
[1.208s] -- Found Boost: /usr/lib/x86_64-linux-gnu/cmake/Boost-1.74.0/BoostConfig.cmake (found version "1.74.0") found components: system filesystem date_time program_options thread 
[1.229s] -- Found OpenCV: /usr (found version "4.5.4") found components: core 
[1.231s] -- Found pcl_conversions: 2.4.5 (/opt/ros/humble/share/pcl_conversions/cmake)
[1.255s] -- Checking for module 'eigen3'
[1.262s] --   Found eigen3, version 3.4.0
[1.278s] -- Found Eigen: /usr/include/eigen3 (Required is at least version "3.1") 
[1.278s] -- Eigen found (include: /usr/include/eigen3, version: 3.4.0)
[1.293s] -- Checking for module 'flann'
[1.300s] --   Found flann, version 1.9.1
[1.318s] -- Found FLANN: /usr/lib/x86_64-linux-gnu/libflann_cpp.so  
[1.318s] -- FLANN found (include: /usr/include, lib: /usr/lib/x86_64-linux-gnu/libflann_cpp.so)
[2.159s] -- Checking for module 'libusb-1.0'
[2.167s] --   Found libusb-1.0, version 1.0.25
[2.186s] -- Found libusb: /usr/lib/x86_64-linux-gnu/libusb-1.0.so  
[2.187s] -- OpenNI found (version: 1.5.4.0, include: /usr/include/ni, lib: /usr/lib/libOpenNI.so;libusb::libusb)
[2.228s] -- OpenNI2 found (version: 2.2.0.33, include: /usr/include/openni2, lib: /usr/lib/x86_64-linux-gnu/libOpenNI2.so;libusb::libusb)
[2.327s] -- Eigen found (include: /usr/include/eigen3, version: 3.4.0)
[2.331s] -- OpenNI found (version: 1.5.4.0, include: /usr/include/ni, lib: /usr/lib/libOpenNI.so;libusb::libusb)
[2.334s] -- OpenNI2 found (version: 2.2.0.33, include: /usr/include/openni2, lib: /usr/lib/x86_64-linux-gnu/libOpenNI2.so;libusb::libusb)
[2.435s] -- Found Qhull version 8.0.2
[2.531s] -- OpenNI found (version: 1.5.4.0, include: /usr/include/ni, lib: /usr/lib/libOpenNI.so;libusb::libusb)
[2.627s] -- Found PCL_COMMON: /usr/lib/x86_64-linux-gnu/libpcl_common.so  
[2.627s] -- Found PCL_KDTREE: /usr/lib/x86_64-linux-gnu/libpcl_kdtree.so  
[2.628s] -- Found PCL_OCTREE: /usr/lib/x86_64-linux-gnu/libpcl_octree.so  
[2.628s] -- Found PCL_SEARCH: /usr/lib/x86_64-linux-gnu/libpcl_search.so  
[2.628s] -- Found PCL_SAMPLE_CONSENSUS: /usr/lib/x86_64-linux-gnu/libpcl_sample_consensus.so  
[2.629s] -- Found PCL_FILTERS: /usr/lib/x86_64-linux-gnu/libpcl_filters.so  
[2.629s] -- Found PCL_2D: /usr/include/pcl-1.12  
[2.629s] -- Found PCL_GEOMETRY: /usr/include/pcl-1.12  
[2.630s] -- Found PCL_IO: /usr/lib/x86_64-linux-gnu/libpcl_io.so  
[2.631s] -- Found PCL_FEATURES: /usr/lib/x86_64-linux-gnu/libpcl_features.so  
[2.631s] -- Found PCL_ML: /usr/lib/x86_64-linux-gnu/libpcl_ml.so  
[2.632s] -- Found PCL_SEGMENTATION: /usr/lib/x86_64-linux-gnu/libpcl_segmentation.so  
[2.632s] -- Found PCL_VISUALIZATION: /usr/lib/x86_64-linux-gnu/libpcl_visualization.so  
[2.633s] -- Found PCL_SURFACE: /usr/lib/x86_64-linux-gnu/libpcl_surface.so  
[2.633s] -- Found PCL_REGISTRATION: /usr/lib/x86_64-linux-gnu/libpcl_registration.so  
[2.634s] -- Found PCL_KEYPOINTS: /usr/lib/x86_64-linux-gnu/libpcl_keypoints.so  
[2.634s] -- Found PCL_TRACKING: /usr/lib/x86_64-linux-gnu/libpcl_tracking.so  
[2.635s] -- Found PCL_RECOGNITION: /usr/lib/x86_64-linux-gnu/libpcl_recognition.so  
[2.636s] -- Found PCL_STEREO: /usr/lib/x86_64-linux-gnu/libpcl_stereo.so  
[2.636s] -- Found PCL_APPS: /usr/lib/x86_64-linux-gnu/libpcl_apps.so  
[2.637s] -- Found PCL_IN_HAND_SCANNER: /usr/include/pcl-1.12  
[2.637s] -- Found PCL_MODELER: /usr/include/pcl-1.12  
[2.637s] -- Found PCL_POINT_CLOUD_EDITOR: /usr/include/pcl-1.12  
[2.637s] -- Found PCL_OUTOFCORE: /usr/lib/x86_64-linux-gnu/libpcl_outofcore.so  
[2.638s] -- Found PCL_PEOPLE: /usr/lib/x86_64-linux-gnu/libpcl_people.so  
[2.641s] -- Found pcl_ros: 2.4.5 (/opt/ros/humble/share/pcl_ros/cmake)
[2.726s] -- Found ament_lint_auto: 0.12.12 (/opt/ros/humble/share/ament_lint_auto/cmake)
[2.777s] -- Added test 'copyright' to check source files copyright and LICENSE
[2.778s] -- Added test 'cppcheck' to perform static code analysis on C / C++ code
[2.779s] -- Configured cppcheck include dirs: 
[2.779s] -- Configured cppcheck exclude dirs and/or files: 
[2.780s] -- Added test 'cpplint' to check C / C++ code against the Google style
[2.780s] -- Configured cpplint exclude dirs and/or files: 
[2.780s] -- Added test 'flake8' to check Python code syntax and style conventions
[2.781s] -- Added test 'lint_cmake' to check CMake code style
[2.781s] -- Added test 'pep257' to check Python code against some of the docstring style conventions in PEP 257
[2.781s] -- Added test 'uncrustify' to check C / C++ code style
[2.781s] -- Configured uncrustify additional arguments: 
[2.782s] -- Added test 'xmllint' to check XML markup files
[2.783s] -- Configuring done
[3.006s] -- Generating done
[3.076s] -- Build files have been written to: /workspace/ros2_ws/src/build/crane_x7_examples
[3.092s] Invoked command in '/workspace/ros2_ws/src/build/crane_x7_examples' returned '0': AMENT_PREFIX_PATH=/workspace/ros2_ws/src/install/crane_x7_moveit_config:/workspace/ros2_ws/src/install/crane_x7_control:/workspace/ros2_ws/src/install/crane_x7_description:${AMENT_PREFIX_PATH} CMAKE_PREFIX_PATH=/workspace/ros2_ws/src/install/crane_x7_moveit_config:/workspace/ros2_ws/src/install/crane_x7_control:/workspace/ros2_ws/src/install/crane_x7_description:/workspace/ros2_ws/install/crane_x7:/workspace/ros2_ws/install/crane_x7_examples:/workspace/ros2_ws/install/crane_x7_moveit_config:/workspace/ros2_ws/install/crane_x7_gazebo:/workspace/ros2_ws/install/crane_x7_control:/workspace/ros2_ws/install/crane_x7_description:/opt/ros/humble LD_LIBRARY_PATH=/workspace/ros2_ws/src/install/crane_x7_control/lib:${LD_LIBRARY_PATH} PYTHONPATH=/workspace/ros2_ws/src/install/crane_x7_description/local/lib/python3.10/dist-packages:${PYTHONPATH} /usr/bin/cmake /workspace/ros2_ws/src/crane_x7_ros/crane_x7_examples -DAMENT_CMAKE_SYMLINK_INSTALL=1 -DCMAKE_INSTALL_PREFIX=/workspace/ros2_ws/src/install/crane_x7_examples
[3.093s] Invoking command in '/workspace/ros2_ws/src/build/crane_x7_examples': AMENT_PREFIX_PATH=/workspace/ros2_ws/src/install/crane_x7_moveit_config:/workspace/ros2_ws/src/install/crane_x7_control:/workspace/ros2_ws/src/install/crane_x7_description:${AMENT_PREFIX_PATH} CMAKE_PREFIX_PATH=/workspace/ros2_ws/src/install/crane_x7_moveit_config:/workspace/ros2_ws/src/install/crane_x7_control:/workspace/ros2_ws/src/install/crane_x7_description:/workspace/ros2_ws/install/crane_x7:/workspace/ros2_ws/install/crane_x7_examples:/workspace/ros2_ws/install/crane_x7_moveit_config:/workspace/ros2_ws/install/crane_x7_gazebo:/workspace/ros2_ws/install/crane_x7_control:/workspace/ros2_ws/install/crane_x7_description:/opt/ros/humble LD_LIBRARY_PATH=/workspace/ros2_ws/src/install/crane_x7_control/lib:${LD_LIBRARY_PATH} PYTHONPATH=/workspace/ros2_ws/src/install/crane_x7_description/local/lib/python3.10/dist-packages:${PYTHONPATH} /usr/bin/cmake --build /workspace/ros2_ws/src/build/crane_x7_examples -- -j16 -l16
[3.125s] [  5%] [32mBuilding CXX object CMakeFiles/pick_and_place.dir/src/pick_and_place.cpp.o[0m
[3.126s] [ 11%] [32mBuilding CXX object CMakeFiles/gripper_control.dir/src/gripper_control.cpp.o[0m
[3.126s] [ 16%] [32mBuilding CXX object CMakeFiles/pose_groupstate.dir/src/pose_groupstate.cpp.o[0m
[3.126s] [ 22%] [32mBuilding CXX object CMakeFiles/pick_and_place_tf.dir/src/pick_and_place_tf.cpp.o[0m
[3.127s] [ 27%] [32mBuilding CXX object CMakeFiles/color_detection.dir/src/color_detection.cpp.o[0m
[3.127s] [ 33%] [32mBuilding CXX object CMakeFiles/joint_values.dir/src/joint_values.cpp.o[0m
[3.127s] [ 38%] [32mBuilding CXX object CMakeFiles/cartesian_path.dir/src/cartesian_path.cpp.o[0m
[3.127s] [ 44%] [32mBuilding CXX object CMakeFiles/point_cloud_detection.dir/src/point_cloud_detection.cpp.o[0m
[3.130s] [ 50%] [32mBuilding CXX object CMakeFiles/aruco_detection.dir/src/aruco_detection.cpp.o[0m
[9.654s] [ 55%] [32m[1mLinking CXX executable pose_groupstate[0m
[9.757s] [ 61%] [32m[1mLinking CXX executable gripper_control[0m
[9.821s] [ 66%] [32m[1mLinking CXX executable cartesian_path[0m
[9.964s] [ 72%] [32m[1mLinking CXX executable pick_and_place[0m
[10.173s] [ 72%] Built target pose_groupstate
[10.178s] [ 77%] [32m[1mLinking CXX executable pick_and_place_tf[0m
[10.334s] [ 77%] Built target gripper_control
[10.399s] [ 77%] Built target cartesian_path
[10.526s] [ 77%] Built target pick_and_place
[10.759s] [ 77%] Built target pick_and_place_tf
[12.011s] [ 83%] [32m[1mLinking CXX executable joint_values[0m
[12.480s] [ 83%] Built target joint_values
[13.424s] [ 88%] [32m[1mLinking CXX executable aruco_detection[0m
[13.541s] [ 94%] [32m[1mLinking CXX executable color_detection[0m
[14.684s] [ 94%] Built target aruco_detection
[14.767s] [ 94%] Built target color_detection
[16.640s] [100%] [32m[1mLinking CXX executable point_cloud_detection[0m
[17.786s] [100%] Built target point_cloud_detection
[17.792s] Invoked command in '/workspace/ros2_ws/src/build/crane_x7_examples' returned '0': AMENT_PREFIX_PATH=/workspace/ros2_ws/src/install/crane_x7_moveit_config:/workspace/ros2_ws/src/install/crane_x7_control:/workspace/ros2_ws/src/install/crane_x7_description:${AMENT_PREFIX_PATH} CMAKE_PREFIX_PATH=/workspace/ros2_ws/src/install/crane_x7_moveit_config:/workspace/ros2_ws/src/install/crane_x7_control:/workspace/ros2_ws/src/install/crane_x7_description:/workspace/ros2_ws/install/crane_x7:/workspace/ros2_ws/install/crane_x7_examples:/workspace/ros2_ws/install/crane_x7_moveit_config:/workspace/ros2_ws/install/crane_x7_gazebo:/workspace/ros2_ws/install/crane_x7_control:/workspace/ros2_ws/install/crane_x7_description:/opt/ros/humble LD_LIBRARY_PATH=/workspace/ros2_ws/src/install/crane_x7_control/lib:${LD_LIBRARY_PATH} PYTHONPATH=/workspace/ros2_ws/src/install/crane_x7_description/local/lib/python3.10/dist-packages:${PYTHONPATH} /usr/bin/cmake --build /workspace/ros2_ws/src/build/crane_x7_examples -- -j16 -l16
[17.793s] Invoking command in '/workspace/ros2_ws/src/build/crane_x7_examples': AMENT_PREFIX_PATH=/workspace/ros2_ws/src/install/crane_x7_moveit_config:/workspace/ros2_ws/src/install/crane_x7_control:/workspace/ros2_ws/src/install/crane_x7_description:${AMENT_PREFIX_PATH} CMAKE_PREFIX_PATH=/workspace/ros2_ws/src/install/crane_x7_moveit_config:/workspace/ros2_ws/src/install/crane_x7_control:/workspace/ros2_ws/src/install/crane_x7_description:/workspace/ros2_ws/install/crane_x7:/workspace/ros2_ws/install/crane_x7_examples:/workspace/ros2_ws/install/crane_x7_moveit_config:/workspace/ros2_ws/install/crane_x7_gazebo:/workspace/ros2_ws/install/crane_x7_control:/workspace/ros2_ws/install/crane_x7_description:/opt/ros/humble LD_LIBRARY_PATH=/workspace/ros2_ws/src/install/crane_x7_control/lib:${LD_LIBRARY_PATH} PYTHONPATH=/workspace/ros2_ws/src/install/crane_x7_description/local/lib/python3.10/dist-packages:${PYTHONPATH} /usr/bin/cmake --install /workspace/ros2_ws/src/build/crane_x7_examples
[17.796s] -- Install configuration: ""
[17.797s] -- Execute custom install script
[17.797s] -- Symlinking: /workspace/ros2_ws/src/install/crane_x7_examples/lib/crane_x7_examples/gripper_control
[17.802s] -- Symlinking: /workspace/ros2_ws/src/install/crane_x7_examples/lib/crane_x7_examples/cartesian_path
[17.809s] -- Symlinking: /workspace/ros2_ws/src/install/crane_x7_examples/lib/crane_x7_examples/pose_groupstate
[17.816s] -- Symlinking: /workspace/ros2_ws/src/install/crane_x7_examples/lib/crane_x7_examples/joint_values
[17.822s] -- Symlinking: /workspace/ros2_ws/src/install/crane_x7_examples/lib/crane_x7_examples/pick_and_place
[17.829s] -- Symlinking: /workspace/ros2_ws/src/install/crane_x7_examples/lib/crane_x7_examples/pick_and_place_tf
[17.837s] -- Symlinking: /workspace/ros2_ws/src/install/crane_x7_examples/lib/crane_x7_examples/aruco_detection
[17.846s] -- Symlinking: /workspace/ros2_ws/src/install/crane_x7_examples/lib/crane_x7_examples/color_detection
[17.854s] -- Symlinking: /workspace/ros2_ws/src/install/crane_x7_examples/lib/crane_x7_examples/point_cloud_detection
[17.862s] -- Symlinking: /workspace/ros2_ws/src/install/crane_x7_examples/share/crane_x7_examples//launch/camera_example.launch.py
[17.868s] -- Symlinking: /workspace/ros2_ws/src/install/crane_x7_examples/share/crane_x7_examples//launch/camera_example.rviz
[17.872s] -- Symlinking: /workspace/ros2_ws/src/install/crane_x7_examples/share/crane_x7_examples//launch/demo.launch.py
[17.876s] -- Symlinking: /workspace/ros2_ws/src/install/crane_x7_examples/share/crane_x7_examples//launch/example.launch.py
[17.881s] -- Symlinking: /workspace/ros2_ws/src/install/crane_x7_examples/share/ament_index/resource_index/package_run_dependencies/crane_x7_examples
[17.886s] -- Symlinking: /workspace/ros2_ws/src/install/crane_x7_examples/share/ament_index/resource_index/parent_prefix_path/crane_x7_examples
[17.890s] -- Symlinking: /workspace/ros2_ws/src/install/crane_x7_examples/share/crane_x7_examples/environment/ament_prefix_path.sh
[17.893s] -- Symlinking: /workspace/ros2_ws/src/install/crane_x7_examples/share/crane_x7_examples/environment/ament_prefix_path.dsv
[17.897s] -- Symlinking: /workspace/ros2_ws/src/install/crane_x7_examples/share/crane_x7_examples/environment/path.sh
[17.900s] -- Symlinking: /workspace/ros2_ws/src/install/crane_x7_examples/share/crane_x7_examples/environment/path.dsv
[17.904s] -- Symlinking: /workspace/ros2_ws/src/install/crane_x7_examples/share/crane_x7_examples/local_setup.bash
[17.908s] -- Symlinking: /workspace/ros2_ws/src/install/crane_x7_examples/share/crane_x7_examples/local_setup.sh
[17.914s] -- Symlinking: /workspace/ros2_ws/src/install/crane_x7_examples/share/crane_x7_examples/local_setup.zsh
[17.920s] -- Symlinking: /workspace/ros2_ws/src/install/crane_x7_examples/share/crane_x7_examples/local_setup.dsv
[17.925s] -- Symlinking: /workspace/ros2_ws/src/install/crane_x7_examples/share/crane_x7_examples/package.dsv
[17.931s] -- Symlinking: /workspace/ros2_ws/src/install/crane_x7_examples/share/ament_index/resource_index/packages/crane_x7_examples
[17.936s] -- Symlinking: /workspace/ros2_ws/src/install/crane_x7_examples/share/crane_x7_examples/cmake/crane_x7_examplesConfig.cmake
[17.941s] -- Symlinking: /workspace/ros2_ws/src/install/crane_x7_examples/share/crane_x7_examples/cmake/crane_x7_examplesConfig-version.cmake
[17.946s] -- Symlinking: /workspace/ros2_ws/src/install/crane_x7_examples/share/crane_x7_examples/package.xml
[17.954s] Invoked command in '/workspace/ros2_ws/src/build/crane_x7_examples' returned '0': AMENT_PREFIX_PATH=/workspace/ros2_ws/src/install/crane_x7_moveit_config:/workspace/ros2_ws/src/install/crane_x7_control:/workspace/ros2_ws/src/install/crane_x7_description:${AMENT_PREFIX_PATH} CMAKE_PREFIX_PATH=/workspace/ros2_ws/src/install/crane_x7_moveit_config:/workspace/ros2_ws/src/install/crane_x7_control:/workspace/ros2_ws/src/install/crane_x7_description:/workspace/ros2_ws/install/crane_x7:/workspace/ros2_ws/install/crane_x7_examples:/workspace/ros2_ws/install/crane_x7_moveit_config:/workspace/ros2_ws/install/crane_x7_gazebo:/workspace/ros2_ws/install/crane_x7_control:/workspace/ros2_ws/install/crane_x7_description:/opt/ros/humble LD_LIBRARY_PATH=/workspace/ros2_ws/src/install/crane_x7_control/lib:${LD_LIBRARY_PATH} PYTHONPATH=/workspace/ros2_ws/src/install/crane_x7_description/local/lib/python3.10/dist-packages:${PYTHONPATH} /usr/bin/cmake --install /workspace/ros2_ws/src/build/crane_x7_examples
