running egg_info
writing ../../build/puck_detection/puck_detection.egg-info/PKG-INFO
writing dependency_links to ../../build/puck_detection/puck_detection.egg-info/dependency_links.txt
writing entry points to ../../build/puck_detection/puck_detection.egg-info/entry_points.txt
writing requirements to ../../build/puck_detection/puck_detection.egg-info/requires.txt
writing top-level names to ../../build/puck_detection/puck_detection.egg-info/top_level.txt
reading manifest file '../../build/puck_detection/puck_detection.egg-info/SOURCES.txt'
writing manifest file '../../build/puck_detection/puck_detection.egg-info/SOURCES.txt'
running build
running build_py
running install
running install_lib
running install_data
running install_egg_info
removing '/workspace/ros2_camera_ws/install/puck_detection/lib/python3.10/site-packages/puck_detection-0.0.0-py3.10.egg-info' (and everything under it)
Copying ../../build/puck_detection/puck_detection.egg-info to /workspace/ros2_camera_ws/install/puck_detection/lib/python3.10/site-packages/puck_detection-0.0.0-py3.10.egg-info
running install_scripts
Installing command_maker script to /workspace/ros2_camera_ws/install/puck_detection/lib/puck_detection
Installing puck_detection script to /workspace/ros2_camera_ws/install/puck_detection/lib/puck_detection
writing list of installed files to '/workspace/ros2_camera_ws/build/puck_detection/install.log'
