[0.070s] DEBUG:colcon:Command line arguments: ['/usr/bin/colcon', 'build', '--symlink-install']
[0.070s] DEBUG:colcon:Parsed command line arguments: Namespace(log_base=None, log_level=None, verb_name='build', build_base='build', install_base='install', merge_install=False, symlink_install=True, test_result_base=None, continue_on_error=False, executor='parallel', parallel_workers=16, event_handlers=None, ignore_user_meta=False, metas=['./colcon.meta'], base_paths=['.'], packages_ignore=None, packages_ignore_regex=None, paths=None, packages_up_to=None, packages_up_to_regex=None, packages_above=None, packages_above_and_dependencies=None, packages_above_depth=None, packages_select_by_dep=None, packages_skip_by_dep=None, packages_skip_up_to=None, packages_select_build_failed=False, packages_skip_build_finished=False, packages_select_test_failures=False, packages_skip_test_passed=False, packages_select=None, packages_skip=None, packages_select_regex=None, packages_skip_regex=None, packages_start=None, packages_end=None, cmake_args=None, cmake_target=None, cmake_target_skip_unavailable=False, cmake_clean_cache=False, cmake_clean_first=False, cmake_force_configure=False, ament_cmake_args=None, catkin_cmake_args=None, catkin_skip_building_tests=False, mixin_files=None, mixin=None, verb_parser=<colcon_mixin.mixin.mixin_argument.MixinArgumentDecorator object at 0x7f93d6f1e4d0>, verb_extension=<colcon_core.verb.build.BuildVerb object at 0x7f93d701f400>, main=<bound method BuildVerb.main of <colcon_core.verb.build.BuildVerb object at 0x7f93d701f400>>, mixin_verb=('build',))
[0.157s] Level 1:colcon.colcon_core.package_discovery:discover_packages(colcon_meta) check parameters
[0.157s] INFO:colcon.colcon_metadata.package_discovery.colcon_meta:Using configuration from '/root/.colcon/metadata/default/Gazebo.meta'
[0.158s] INFO:colcon.colcon_metadata.package_discovery.colcon_meta:Using configuration from '/root/.colcon/metadata/default/fastdds.meta'
[0.158s] INFO:colcon.colcon_metadata.package_discovery.colcon_meta:Using configuration from '/root/.colcon/metadata/default/fastrtps.meta'
[0.158s] Level 1:colcon.colcon_core.package_discovery:discover_packages(recursive) check parameters
[0.158s] Level 1:colcon.colcon_core.package_discovery:discover_packages(ignore) check parameters
[0.158s] Level 1:colcon.colcon_core.package_discovery:discover_packages(path) check parameters
[0.158s] Level 1:colcon.colcon_core.package_discovery:discover_packages(colcon_meta) discover
[0.158s] Level 1:colcon.colcon_core.package_discovery:discover_packages(recursive) discover
[0.158s] INFO:colcon.colcon_core.package_discovery:Crawling recursively for packages in '/workspace/ros2_ws/src'
[0.158s] Level 1:colcon.colcon_core.package_identification:_identify(.) by extensions ['ignore', 'ignore_ament_install']
[0.158s] Level 1:colcon.colcon_core.package_identification:_identify(.) by extension 'ignore'
[0.158s] Level 1:colcon.colcon_core.package_identification:_identify(.) by extension 'ignore_ament_install'
[0.158s] Level 1:colcon.colcon_core.package_identification:_identify(.) by extensions ['colcon_pkg']
[0.158s] Level 1:colcon.colcon_core.package_identification:_identify(.) by extension 'colcon_pkg'
[0.158s] Level 1:colcon.colcon_core.package_identification:_identify(.) by extensions ['colcon_meta']
[0.158s] Level 1:colcon.colcon_core.package_identification:_identify(.) by extension 'colcon_meta'
[0.158s] Level 1:colcon.colcon_core.package_identification:_identify(.) by extensions ['ros']
[0.158s] Level 1:colcon.colcon_core.package_identification:_identify(.) by extension 'ros'
[0.165s] Level 1:colcon.colcon_core.package_identification:_identify(.) by extensions ['cmake', 'python']
[0.165s] Level 1:colcon.colcon_core.package_identification:_identify(.) by extension 'cmake'
[0.165s] Level 1:colcon.colcon_core.package_identification:_identify(.) by extension 'python'
[0.165s] Level 1:colcon.colcon_core.package_identification:_identify(.) by extensions ['python_setup_py']
[0.165s] Level 1:colcon.colcon_core.package_identification:_identify(.) by extension 'python_setup_py'
[0.165s] Level 1:colcon.colcon_core.package_identification:_identify(build) by extensions ['ignore', 'ignore_ament_install']
[0.165s] Level 1:colcon.colcon_core.package_identification:_identify(build) by extension 'ignore'
[0.165s] Level 1:colcon.colcon_core.package_identification:_identify(build) ignored
[0.166s] Level 1:colcon.colcon_core.package_identification:_identify(crane_x7_description) by extensions ['ignore', 'ignore_ament_install']
[0.166s] Level 1:colcon.colcon_core.package_identification:_identify(crane_x7_description) by extension 'ignore'
[0.166s] Level 1:colcon.colcon_core.package_identification:_identify(crane_x7_description) by extension 'ignore_ament_install'
[0.166s] Level 1:colcon.colcon_core.package_identification:_identify(crane_x7_description) by extensions ['colcon_pkg']
[0.166s] Level 1:colcon.colcon_core.package_identification:_identify(crane_x7_description) by extension 'colcon_pkg'
[0.166s] Level 1:colcon.colcon_core.package_identification:_identify(crane_x7_description) by extensions ['colcon_meta']
[0.166s] Level 1:colcon.colcon_core.package_identification:_identify(crane_x7_description) by extension 'colcon_meta'
[0.166s] Level 1:colcon.colcon_core.package_identification:_identify(crane_x7_description) by extensions ['ros']
[0.166s] Level 1:colcon.colcon_core.package_identification:_identify(crane_x7_description) by extension 'ros'
[0.168s] DEBUG:colcon.colcon_core.package_identification:Package 'crane_x7_description' with type 'ros.ament_cmake' and name 'crane_x7_description'
[0.168s] Level 1:colcon.colcon_core.package_identification:_identify(crane_x7_ros) by extensions ['ignore', 'ignore_ament_install']
[0.168s] Level 1:colcon.colcon_core.package_identification:_identify(crane_x7_ros) by extension 'ignore'
[0.168s] Level 1:colcon.colcon_core.package_identification:_identify(crane_x7_ros) by extension 'ignore_ament_install'
[0.168s] Level 1:colcon.colcon_core.package_identification:_identify(crane_x7_ros) by extensions ['colcon_pkg']
[0.168s] Level 1:colcon.colcon_core.package_identification:_identify(crane_x7_ros) by extension 'colcon_pkg'
[0.168s] Level 1:colcon.colcon_core.package_identification:_identify(crane_x7_ros) by extensions ['colcon_meta']
[0.168s] Level 1:colcon.colcon_core.package_identification:_identify(crane_x7_ros) by extension 'colcon_meta'
[0.168s] Level 1:colcon.colcon_core.package_identification:_identify(crane_x7_ros) by extensions ['ros']
[0.168s] Level 1:colcon.colcon_core.package_identification:_identify(crane_x7_ros) by extension 'ros'
[0.168s] Level 1:colcon.colcon_core.package_identification:_identify(crane_x7_ros) by extensions ['cmake', 'python']
[0.168s] Level 1:colcon.colcon_core.package_identification:_identify(crane_x7_ros) by extension 'cmake'
[0.168s] Level 1:colcon.colcon_core.package_identification:_identify(crane_x7_ros) by extension 'python'
[0.168s] Level 1:colcon.colcon_core.package_identification:_identify(crane_x7_ros) by extensions ['python_setup_py']
[0.168s] Level 1:colcon.colcon_core.package_identification:_identify(crane_x7_ros) by extension 'python_setup_py'
[0.168s] Level 1:colcon.colcon_core.package_identification:_identify(crane_x7_ros/crane_x7) by extensions ['ignore', 'ignore_ament_install']
[0.168s] Level 1:colcon.colcon_core.package_identification:_identify(crane_x7_ros/crane_x7) by extension 'ignore'
[0.168s] Level 1:colcon.colcon_core.package_identification:_identify(crane_x7_ros/crane_x7) by extension 'ignore_ament_install'
[0.168s] Level 1:colcon.colcon_core.package_identification:_identify(crane_x7_ros/crane_x7) by extensions ['colcon_pkg']
[0.168s] Level 1:colcon.colcon_core.package_identification:_identify(crane_x7_ros/crane_x7) by extension 'colcon_pkg'
[0.168s] Level 1:colcon.colcon_core.package_identification:_identify(crane_x7_ros/crane_x7) by extensions ['colcon_meta']
[0.168s] Level 1:colcon.colcon_core.package_identification:_identify(crane_x7_ros/crane_x7) by extension 'colcon_meta'
[0.168s] Level 1:colcon.colcon_core.package_identification:_identify(crane_x7_ros/crane_x7) by extensions ['ros']
[0.168s] Level 1:colcon.colcon_core.package_identification:_identify(crane_x7_ros/crane_x7) by extension 'ros'
[0.169s] DEBUG:colcon.colcon_core.package_identification:Package 'crane_x7_ros/crane_x7' with type 'ros.ament_cmake' and name 'crane_x7'
[0.169s] Level 1:colcon.colcon_core.package_identification:_identify(crane_x7_ros/crane_x7_control) by extensions ['ignore', 'ignore_ament_install']
[0.169s] Level 1:colcon.colcon_core.package_identification:_identify(crane_x7_ros/crane_x7_control) by extension 'ignore'
[0.169s] Level 1:colcon.colcon_core.package_identification:_identify(crane_x7_ros/crane_x7_control) by extension 'ignore_ament_install'
[0.169s] Level 1:colcon.colcon_core.package_identification:_identify(crane_x7_ros/crane_x7_control) by extensions ['colcon_pkg']
[0.169s] Level 1:colcon.colcon_core.package_identification:_identify(crane_x7_ros/crane_x7_control) by extension 'colcon_pkg'
[0.169s] Level 1:colcon.colcon_core.package_identification:_identify(crane_x7_ros/crane_x7_control) by extensions ['colcon_meta']
[0.169s] Level 1:colcon.colcon_core.package_identification:_identify(crane_x7_ros/crane_x7_control) by extension 'colcon_meta'
[0.169s] Level 1:colcon.colcon_core.package_identification:_identify(crane_x7_ros/crane_x7_control) by extensions ['ros']
[0.169s] Level 1:colcon.colcon_core.package_identification:_identify(crane_x7_ros/crane_x7_control) by extension 'ros'
[0.170s] DEBUG:colcon.colcon_core.package_identification:Package 'crane_x7_ros/crane_x7_control' with type 'ros.ament_cmake' and name 'crane_x7_control'
[0.170s] Level 1:colcon.colcon_core.package_identification:_identify(crane_x7_ros/crane_x7_examples) by extensions ['ignore', 'ignore_ament_install']
[0.170s] Level 1:colcon.colcon_core.package_identification:_identify(crane_x7_ros/crane_x7_examples) by extension 'ignore'
[0.170s] Level 1:colcon.colcon_core.package_identification:_identify(crane_x7_ros/crane_x7_examples) by extension 'ignore_ament_install'
[0.170s] Level 1:colcon.colcon_core.package_identification:_identify(crane_x7_ros/crane_x7_examples) by extensions ['colcon_pkg']
[0.170s] Level 1:colcon.colcon_core.package_identification:_identify(crane_x7_ros/crane_x7_examples) by extension 'colcon_pkg'
[0.170s] Level 1:colcon.colcon_core.package_identification:_identify(crane_x7_ros/crane_x7_examples) by extensions ['colcon_meta']
[0.170s] Level 1:colcon.colcon_core.package_identification:_identify(crane_x7_ros/crane_x7_examples) by extension 'colcon_meta'
[0.170s] Level 1:colcon.colcon_core.package_identification:_identify(crane_x7_ros/crane_x7_examples) by extensions ['ros']
[0.170s] Level 1:colcon.colcon_core.package_identification:_identify(crane_x7_ros/crane_x7_examples) by extension 'ros'
[0.171s] DEBUG:colcon.colcon_core.package_identification:Package 'crane_x7_ros/crane_x7_examples' with type 'ros.ament_cmake' and name 'crane_x7_examples'
[0.171s] Level 1:colcon.colcon_core.package_identification:_identify(crane_x7_ros/crane_x7_gazebo) by extensions ['ignore', 'ignore_ament_install']
[0.171s] Level 1:colcon.colcon_core.package_identification:_identify(crane_x7_ros/crane_x7_gazebo) by extension 'ignore'
[0.171s] Level 1:colcon.colcon_core.package_identification:_identify(crane_x7_ros/crane_x7_gazebo) by extension 'ignore_ament_install'
[0.171s] Level 1:colcon.colcon_core.package_identification:_identify(crane_x7_ros/crane_x7_gazebo) by extensions ['colcon_pkg']
[0.171s] Level 1:colcon.colcon_core.package_identification:_identify(crane_x7_ros/crane_x7_gazebo) by extension 'colcon_pkg'
[0.171s] Level 1:colcon.colcon_core.package_identification:_identify(crane_x7_ros/crane_x7_gazebo) by extensions ['colcon_meta']
[0.171s] Level 1:colcon.colcon_core.package_identification:_identify(crane_x7_ros/crane_x7_gazebo) by extension 'colcon_meta'
[0.171s] Level 1:colcon.colcon_core.package_identification:_identify(crane_x7_ros/crane_x7_gazebo) by extensions ['ros']
[0.171s] Level 1:colcon.colcon_core.package_identification:_identify(crane_x7_ros/crane_x7_gazebo) by extension 'ros'
[0.172s] DEBUG:colcon.colcon_core.package_identification:Package 'crane_x7_ros/crane_x7_gazebo' with type 'ros.ament_cmake' and name 'crane_x7_gazebo'
[0.172s] Level 1:colcon.colcon_core.package_identification:_identify(crane_x7_ros/crane_x7_moveit_config) by extensions ['ignore', 'ignore_ament_install']
[0.172s] Level 1:colcon.colcon_core.package_identification:_identify(crane_x7_ros/crane_x7_moveit_config) by extension 'ignore'
[0.172s] Level 1:colcon.colcon_core.package_identification:_identify(crane_x7_ros/crane_x7_moveit_config) by extension 'ignore_ament_install'
[0.172s] Level 1:colcon.colcon_core.package_identification:_identify(crane_x7_ros/crane_x7_moveit_config) by extensions ['colcon_pkg']
[0.172s] Level 1:colcon.colcon_core.package_identification:_identify(crane_x7_ros/crane_x7_moveit_config) by extension 'colcon_pkg'
[0.172s] Level 1:colcon.colcon_core.package_identification:_identify(crane_x7_ros/crane_x7_moveit_config) by extensions ['colcon_meta']
[0.172s] Level 1:colcon.colcon_core.package_identification:_identify(crane_x7_ros/crane_x7_moveit_config) by extension 'colcon_meta'
[0.172s] Level 1:colcon.colcon_core.package_identification:_identify(crane_x7_ros/crane_x7_moveit_config) by extensions ['ros']
[0.172s] Level 1:colcon.colcon_core.package_identification:_identify(crane_x7_ros/crane_x7_moveit_config) by extension 'ros'
[0.173s] DEBUG:colcon.colcon_core.package_identification:Package 'crane_x7_ros/crane_x7_moveit_config' with type 'ros.ament_cmake' and name 'crane_x7_moveit_config'
[0.173s] Level 1:colcon.colcon_core.package_identification:_identify(install) by extensions ['ignore', 'ignore_ament_install']
[0.173s] Level 1:colcon.colcon_core.package_identification:_identify(install) by extension 'ignore'
[0.173s] Level 1:colcon.colcon_core.package_identification:_identify(install) ignored
[0.173s] Level 1:colcon.colcon_core.package_identification:_identify(log) by extensions ['ignore', 'ignore_ament_install']
[0.173s] Level 1:colcon.colcon_core.package_identification:_identify(log) by extension 'ignore'
[0.173s] Level 1:colcon.colcon_core.package_identification:_identify(log) ignored
[0.173s] Level 1:colcon.colcon_core.package_discovery:discover_packages(recursive) using defaults
[0.173s] Level 1:colcon.colcon_core.package_discovery:discover_packages(ignore) discover
[0.173s] Level 1:colcon.colcon_core.package_discovery:discover_packages(ignore) using defaults
[0.173s] Level 1:colcon.colcon_core.package_discovery:discover_packages(path) discover
[0.173s] Level 1:colcon.colcon_core.package_discovery:discover_packages(path) using defaults
[0.187s] Level 5:colcon.colcon_core.verb:set package 'crane_x7_description' build argument 'cmake_args' from command line to 'None'
[0.187s] Level 5:colcon.colcon_core.verb:set package 'crane_x7_description' build argument 'cmake_target' from command line to 'None'
[0.187s] Level 5:colcon.colcon_core.verb:set package 'crane_x7_description' build argument 'cmake_target_skip_unavailable' from command line to 'False'
[0.187s] Level 5:colcon.colcon_core.verb:set package 'crane_x7_description' build argument 'cmake_clean_cache' from command line to 'False'
[0.187s] Level 5:colcon.colcon_core.verb:set package 'crane_x7_description' build argument 'cmake_clean_first' from command line to 'False'
[0.187s] Level 5:colcon.colcon_core.verb:set package 'crane_x7_description' build argument 'cmake_force_configure' from command line to 'False'
[0.187s] Level 5:colcon.colcon_core.verb:set package 'crane_x7_description' build argument 'ament_cmake_args' from command line to 'None'
[0.187s] Level 5:colcon.colcon_core.verb:set package 'crane_x7_description' build argument 'catkin_cmake_args' from command line to 'None'
[0.187s] Level 5:colcon.colcon_core.verb:set package 'crane_x7_description' build argument 'catkin_skip_building_tests' from command line to 'False'
[0.187s] DEBUG:colcon.colcon_core.verb:Building package 'crane_x7_description' with the following arguments: {'ament_cmake_args': None, 'build_base': '/workspace/ros2_ws/src/build/crane_x7_description', 'catkin_cmake_args': None, 'catkin_skip_building_tests': False, 'cmake_args': None, 'cmake_clean_cache': False, 'cmake_clean_first': False, 'cmake_force_configure': False, 'cmake_target': None, 'cmake_target_skip_unavailable': False, 'install_base': '/workspace/ros2_ws/src/install/crane_x7_description', 'merge_install': False, 'path': '/workspace/ros2_ws/src/crane_x7_description', 'symlink_install': True, 'test_result_base': None}
[0.187s] Level 5:colcon.colcon_core.verb:set package 'crane_x7_gazebo' build argument 'cmake_args' from command line to 'None'
[0.187s] Level 5:colcon.colcon_core.verb:set package 'crane_x7_gazebo' build argument 'cmake_target' from command line to 'None'
[0.187s] Level 5:colcon.colcon_core.verb:set package 'crane_x7_gazebo' build argument 'cmake_target_skip_unavailable' from command line to 'False'
[0.187s] Level 5:colcon.colcon_core.verb:set package 'crane_x7_gazebo' build argument 'cmake_clean_cache' from command line to 'False'
[0.187s] Level 5:colcon.colcon_core.verb:set package 'crane_x7_gazebo' build argument 'cmake_clean_first' from command line to 'False'
[0.187s] Level 5:colcon.colcon_core.verb:set package 'crane_x7_gazebo' build argument 'cmake_force_configure' from command line to 'False'
[0.187s] Level 5:colcon.colcon_core.verb:set package 'crane_x7_gazebo' build argument 'ament_cmake_args' from command line to 'None'
[0.187s] Level 5:colcon.colcon_core.verb:set package 'crane_x7_gazebo' build argument 'catkin_cmake_args' from command line to 'None'
[0.187s] Level 5:colcon.colcon_core.verb:set package 'crane_x7_gazebo' build argument 'catkin_skip_building_tests' from command line to 'False'
[0.187s] DEBUG:colcon.colcon_core.verb:Building package 'crane_x7_gazebo' with the following arguments: {'ament_cmake_args': None, 'build_base': '/workspace/ros2_ws/src/build/crane_x7_gazebo', 'catkin_cmake_args': None, 'catkin_skip_building_tests': False, 'cmake_args': None, 'cmake_clean_cache': False, 'cmake_clean_first': False, 'cmake_force_configure': False, 'cmake_target': None, 'cmake_target_skip_unavailable': False, 'install_base': '/workspace/ros2_ws/src/install/crane_x7_gazebo', 'merge_install': False, 'path': '/workspace/ros2_ws/src/crane_x7_ros/crane_x7_gazebo', 'symlink_install': True, 'test_result_base': None}
[0.188s] Level 5:colcon.colcon_core.verb:set package 'crane_x7_control' build argument 'cmake_args' from command line to 'None'
[0.188s] Level 5:colcon.colcon_core.verb:set package 'crane_x7_control' build argument 'cmake_target' from command line to 'None'
[0.188s] Level 5:colcon.colcon_core.verb:set package 'crane_x7_control' build argument 'cmake_target_skip_unavailable' from command line to 'False'
[0.188s] Level 5:colcon.colcon_core.verb:set package 'crane_x7_control' build argument 'cmake_clean_cache' from command line to 'False'
[0.188s] Level 5:colcon.colcon_core.verb:set package 'crane_x7_control' build argument 'cmake_clean_first' from command line to 'False'
[0.188s] Level 5:colcon.colcon_core.verb:set package 'crane_x7_control' build argument 'cmake_force_configure' from command line to 'False'
[0.188s] Level 5:colcon.colcon_core.verb:set package 'crane_x7_control' build argument 'ament_cmake_args' from command line to 'None'
[0.188s] Level 5:colcon.colcon_core.verb:set package 'crane_x7_control' build argument 'catkin_cmake_args' from command line to 'None'
[0.188s] Level 5:colcon.colcon_core.verb:set package 'crane_x7_control' build argument 'catkin_skip_building_tests' from command line to 'False'
[0.188s] DEBUG:colcon.colcon_core.verb:Building package 'crane_x7_control' with the following arguments: {'ament_cmake_args': None, 'build_base': '/workspace/ros2_ws/src/build/crane_x7_control', 'catkin_cmake_args': None, 'catkin_skip_building_tests': False, 'cmake_args': None, 'cmake_clean_cache': False, 'cmake_clean_first': False, 'cmake_force_configure': False, 'cmake_target': None, 'cmake_target_skip_unavailable': False, 'install_base': '/workspace/ros2_ws/src/install/crane_x7_control', 'merge_install': False, 'path': '/workspace/ros2_ws/src/crane_x7_ros/crane_x7_control', 'symlink_install': True, 'test_result_base': None}
[0.188s] Level 5:colcon.colcon_core.verb:set package 'crane_x7_moveit_config' build argument 'cmake_args' from command line to 'None'
[0.188s] Level 5:colcon.colcon_core.verb:set package 'crane_x7_moveit_config' build argument 'cmake_target' from command line to 'None'
[0.188s] Level 5:colcon.colcon_core.verb:set package 'crane_x7_moveit_config' build argument 'cmake_target_skip_unavailable' from command line to 'False'
[0.188s] Level 5:colcon.colcon_core.verb:set package 'crane_x7_moveit_config' build argument 'cmake_clean_cache' from command line to 'False'
[0.188s] Level 5:colcon.colcon_core.verb:set package 'crane_x7_moveit_config' build argument 'cmake_clean_first' from command line to 'False'
[0.188s] Level 5:colcon.colcon_core.verb:set package 'crane_x7_moveit_config' build argument 'cmake_force_configure' from command line to 'False'
[0.188s] Level 5:colcon.colcon_core.verb:set package 'crane_x7_moveit_config' build argument 'ament_cmake_args' from command line to 'None'
[0.188s] Level 5:colcon.colcon_core.verb:set package 'crane_x7_moveit_config' build argument 'catkin_cmake_args' from command line to 'None'
[0.188s] Level 5:colcon.colcon_core.verb:set package 'crane_x7_moveit_config' build argument 'catkin_skip_building_tests' from command line to 'False'
[0.188s] DEBUG:colcon.colcon_core.verb:Building package 'crane_x7_moveit_config' with the following arguments: {'ament_cmake_args': None, 'build_base': '/workspace/ros2_ws/src/build/crane_x7_moveit_config', 'catkin_cmake_args': None, 'catkin_skip_building_tests': False, 'cmake_args': None, 'cmake_clean_cache': False, 'cmake_clean_first': False, 'cmake_force_configure': False, 'cmake_target': None, 'cmake_target_skip_unavailable': False, 'install_base': '/workspace/ros2_ws/src/install/crane_x7_moveit_config', 'merge_install': False, 'path': '/workspace/ros2_ws/src/crane_x7_ros/crane_x7_moveit_config', 'symlink_install': True, 'test_result_base': None}
[0.188s] Level 5:colcon.colcon_core.verb:set package 'crane_x7_examples' build argument 'cmake_args' from command line to 'None'
[0.188s] Level 5:colcon.colcon_core.verb:set package 'crane_x7_examples' build argument 'cmake_target' from command line to 'None'
[0.188s] Level 5:colcon.colcon_core.verb:set package 'crane_x7_examples' build argument 'cmake_target_skip_unavailable' from command line to 'False'
[0.188s] Level 5:colcon.colcon_core.verb:set package 'crane_x7_examples' build argument 'cmake_clean_cache' from command line to 'False'
[0.188s] Level 5:colcon.colcon_core.verb:set package 'crane_x7_examples' build argument 'cmake_clean_first' from command line to 'False'
[0.188s] Level 5:colcon.colcon_core.verb:set package 'crane_x7_examples' build argument 'cmake_force_configure' from command line to 'False'
[0.188s] Level 5:colcon.colcon_core.verb:set package 'crane_x7_examples' build argument 'ament_cmake_args' from command line to 'None'
[0.188s] Level 5:colcon.colcon_core.verb:set package 'crane_x7_examples' build argument 'catkin_cmake_args' from command line to 'None'
[0.188s] Level 5:colcon.colcon_core.verb:set package 'crane_x7_examples' build argument 'catkin_skip_building_tests' from command line to 'False'
[0.188s] DEBUG:colcon.colcon_core.verb:Building package 'crane_x7_examples' with the following arguments: {'ament_cmake_args': None, 'build_base': '/workspace/ros2_ws/src/build/crane_x7_examples', 'catkin_cmake_args': None, 'catkin_skip_building_tests': False, 'cmake_args': None, 'cmake_clean_cache': False, 'cmake_clean_first': False, 'cmake_force_configure': False, 'cmake_target': None, 'cmake_target_skip_unavailable': False, 'install_base': '/workspace/ros2_ws/src/install/crane_x7_examples', 'merge_install': False, 'path': '/workspace/ros2_ws/src/crane_x7_ros/crane_x7_examples', 'symlink_install': True, 'test_result_base': None}
[0.189s] Level 5:colcon.colcon_core.verb:set package 'crane_x7' build argument 'cmake_args' from command line to 'None'
[0.189s] Level 5:colcon.colcon_core.verb:set package 'crane_x7' build argument 'cmake_target' from command line to 'None'
[0.189s] Level 5:colcon.colcon_core.verb:set package 'crane_x7' build argument 'cmake_target_skip_unavailable' from command line to 'False'
[0.189s] Level 5:colcon.colcon_core.verb:set package 'crane_x7' build argument 'cmake_clean_cache' from command line to 'False'
[0.189s] Level 5:colcon.colcon_core.verb:set package 'crane_x7' build argument 'cmake_clean_first' from command line to 'False'
[0.189s] Level 5:colcon.colcon_core.verb:set package 'crane_x7' build argument 'cmake_force_configure' from command line to 'False'
[0.189s] Level 5:colcon.colcon_core.verb:set package 'crane_x7' build argument 'ament_cmake_args' from command line to 'None'
[0.189s] Level 5:colcon.colcon_core.verb:set package 'crane_x7' build argument 'catkin_cmake_args' from command line to 'None'
[0.189s] Level 5:colcon.colcon_core.verb:set package 'crane_x7' build argument 'catkin_skip_building_tests' from command line to 'False'
[0.189s] DEBUG:colcon.colcon_core.verb:Building package 'crane_x7' with the following arguments: {'ament_cmake_args': None, 'build_base': '/workspace/ros2_ws/src/build/crane_x7', 'catkin_cmake_args': None, 'catkin_skip_building_tests': False, 'cmake_args': None, 'cmake_clean_cache': False, 'cmake_clean_first': False, 'cmake_force_configure': False, 'cmake_target': None, 'cmake_target_skip_unavailable': False, 'install_base': '/workspace/ros2_ws/src/install/crane_x7', 'merge_install': False, 'path': '/workspace/ros2_ws/src/crane_x7_ros/crane_x7', 'symlink_install': True, 'test_result_base': None}
[0.189s] INFO:colcon.colcon_core.executor:Executing jobs using 'parallel' executor
[0.189s] DEBUG:colcon.colcon_parallel_executor.executor.parallel:run_until_complete
[0.190s] INFO:colcon.colcon_ros.task.ament_cmake.build:Building ROS package in '/workspace/ros2_ws/src/crane_x7_description' with build type 'ament_cmake'
[0.190s] INFO:colcon.colcon_cmake.task.cmake.build:Building CMake package in '/workspace/ros2_ws/src/crane_x7_description'
[0.191s] INFO:colcon.colcon_core.plugin_system:Skipping extension 'colcon_core.shell.bat': Not used on non-Windows systems
[0.191s] INFO:colcon.colcon_core.shell:Skip shell extension 'powershell' for command environment: Not usable outside of PowerShell
[0.191s] DEBUG:colcon.colcon_core.shell:Skip shell extension 'dsv' for command environment
[0.195s] INFO:colcon.colcon_ros.task.ament_cmake.build:Building ROS package in '/workspace/ros2_ws/src/crane_x7_ros/crane_x7_gazebo' with build type 'ament_cmake'
[0.195s] INFO:colcon.colcon_cmake.task.cmake.build:Building CMake package in '/workspace/ros2_ws/src/crane_x7_ros/crane_x7_gazebo'
[0.195s] INFO:colcon.colcon_core.shell:Skip shell extension 'powershell' for command environment: Not usable outside of PowerShell
[0.195s] DEBUG:colcon.colcon_core.shell:Skip shell extension 'dsv' for command environment
[0.199s] DEBUG:colcon.colcon_core.event_handler.log_command:Invoking command in '/workspace/ros2_ws/src/build/crane_x7_description': CMAKE_PREFIX_PATH=${CMAKE_PREFIX_PATH}:/opt/ros/humble /usr/bin/cmake /workspace/ros2_ws/src/crane_x7_description -DAMENT_CMAKE_SYMLINK_INSTALL=1 -DCMAKE_INSTALL_PREFIX=/workspace/ros2_ws/src/install/crane_x7_description
[0.200s] DEBUG:colcon.colcon_core.event_handler.log_command:Invoking command in '/workspace/ros2_ws/src/build/crane_x7_gazebo': CMAKE_PREFIX_PATH=${CMAKE_PREFIX_PATH}:/opt/ros/humble /usr/bin/cmake /workspace/ros2_ws/src/crane_x7_ros/crane_x7_gazebo -DAMENT_CMAKE_SYMLINK_INSTALL=1 -DCMAKE_INSTALL_PREFIX=/workspace/ros2_ws/src/install/crane_x7_gazebo
[0.548s] DEBUG:colcon.colcon_core.event_handler.log_command:Invoked command in '/workspace/ros2_ws/src/build/crane_x7_gazebo' returned '0': CMAKE_PREFIX_PATH=${CMAKE_PREFIX_PATH}:/opt/ros/humble /usr/bin/cmake /workspace/ros2_ws/src/crane_x7_ros/crane_x7_gazebo -DAMENT_CMAKE_SYMLINK_INSTALL=1 -DCMAKE_INSTALL_PREFIX=/workspace/ros2_ws/src/install/crane_x7_gazebo
[0.549s] DEBUG:colcon.colcon_core.event_handler.log_command:Invoking command in '/workspace/ros2_ws/src/build/crane_x7_gazebo': CMAKE_PREFIX_PATH=${CMAKE_PREFIX_PATH}:/opt/ros/humble /usr/bin/cmake --build /workspace/ros2_ws/src/build/crane_x7_gazebo -- -j16 -l16
[0.567s] DEBUG:colcon.colcon_core.event_handler.log_command:Invoked command in '/workspace/ros2_ws/src/build/crane_x7_gazebo' returned '0': CMAKE_PREFIX_PATH=${CMAKE_PREFIX_PATH}:/opt/ros/humble /usr/bin/cmake --build /workspace/ros2_ws/src/build/crane_x7_gazebo -- -j16 -l16
[0.571s] DEBUG:colcon.colcon_core.event_handler.log_command:Invoking command in '/workspace/ros2_ws/src/build/crane_x7_gazebo': CMAKE_PREFIX_PATH=${CMAKE_PREFIX_PATH}:/opt/ros/humble /usr/bin/cmake --install /workspace/ros2_ws/src/build/crane_x7_gazebo
[0.646s] Level 1:colcon.colcon_core.environment:create_environment_scripts_only(crane_x7_gazebo)
[0.646s] DEBUG:colcon.colcon_core.event_handler.log_command:Invoked command in '/workspace/ros2_ws/src/build/crane_x7_gazebo' returned '0': CMAKE_PREFIX_PATH=${CMAKE_PREFIX_PATH}:/opt/ros/humble /usr/bin/cmake --install /workspace/ros2_ws/src/build/crane_x7_gazebo
[0.648s] Level 1:colcon.colcon_core.environment:checking '/workspace/ros2_ws/src/install/crane_x7_gazebo' for CMake module files
[0.648s] Level 1:colcon.colcon_core.environment:checking '/workspace/ros2_ws/src/install/crane_x7_gazebo' for CMake config files
[0.648s] Level 1:colcon.colcon_core.shell:create_environment_hook('crane_x7_gazebo', 'cmake_prefix_path')
[0.648s] INFO:colcon.colcon_core.shell:Creating environment hook '/workspace/ros2_ws/src/install/crane_x7_gazebo/share/crane_x7_gazebo/hook/cmake_prefix_path.ps1'
[0.649s] INFO:colcon.colcon_core.shell:Creating environment descriptor '/workspace/ros2_ws/src/install/crane_x7_gazebo/share/crane_x7_gazebo/hook/cmake_prefix_path.dsv'
[0.649s] INFO:colcon.colcon_core.shell:Creating environment hook '/workspace/ros2_ws/src/install/crane_x7_gazebo/share/crane_x7_gazebo/hook/cmake_prefix_path.sh'
[0.650s] Level 1:colcon.colcon_core.environment:checking '/workspace/ros2_ws/src/install/crane_x7_gazebo/bin'
[0.650s] Level 1:colcon.colcon_core.environment:checking '/workspace/ros2_ws/src/install/crane_x7_gazebo/lib/pkgconfig/crane_x7_gazebo.pc'
[0.651s] Level 1:colcon.colcon_core.environment:checking '/workspace/ros2_ws/src/install/crane_x7_gazebo/lib/python3.10/site-packages'
[0.651s] Level 1:colcon.colcon_core.environment:checking '/workspace/ros2_ws/src/install/crane_x7_gazebo/bin'
[0.651s] INFO:colcon.colcon_core.shell:Creating package script '/workspace/ros2_ws/src/install/crane_x7_gazebo/share/crane_x7_gazebo/package.ps1'
[0.651s] INFO:colcon.colcon_core.shell:Creating package descriptor '/workspace/ros2_ws/src/install/crane_x7_gazebo/share/crane_x7_gazebo/package.dsv'
[0.652s] INFO:colcon.colcon_core.shell:Creating package script '/workspace/ros2_ws/src/install/crane_x7_gazebo/share/crane_x7_gazebo/package.sh'
[0.652s] INFO:colcon.colcon_core.shell:Creating package script '/workspace/ros2_ws/src/install/crane_x7_gazebo/share/crane_x7_gazebo/package.bash'
[0.653s] INFO:colcon.colcon_core.shell:Creating package script '/workspace/ros2_ws/src/install/crane_x7_gazebo/share/crane_x7_gazebo/package.zsh'
[0.653s] Level 1:colcon.colcon_core.environment:create_file_with_runtime_dependencies(/workspace/ros2_ws/src/install/crane_x7_gazebo/share/colcon-core/packages/crane_x7_gazebo)
[0.653s] Level 1:colcon.colcon_core.environment:create_environment_scripts_only(crane_x7_gazebo)
[0.653s] Level 1:colcon.colcon_core.environment:checking '/workspace/ros2_ws/src/install/crane_x7_gazebo' for CMake module files
[0.654s] Level 1:colcon.colcon_core.environment:checking '/workspace/ros2_ws/src/install/crane_x7_gazebo' for CMake config files
[0.654s] Level 1:colcon.colcon_core.shell:create_environment_hook('crane_x7_gazebo', 'cmake_prefix_path')
[0.654s] INFO:colcon.colcon_core.shell:Creating environment hook '/workspace/ros2_ws/src/install/crane_x7_gazebo/share/crane_x7_gazebo/hook/cmake_prefix_path.ps1'
[0.654s] INFO:colcon.colcon_core.shell:Creating environment descriptor '/workspace/ros2_ws/src/install/crane_x7_gazebo/share/crane_x7_gazebo/hook/cmake_prefix_path.dsv'
[0.654s] INFO:colcon.colcon_core.shell:Creating environment hook '/workspace/ros2_ws/src/install/crane_x7_gazebo/share/crane_x7_gazebo/hook/cmake_prefix_path.sh'
[0.655s] Level 1:colcon.colcon_core.environment:checking '/workspace/ros2_ws/src/install/crane_x7_gazebo/bin'
[0.655s] Level 1:colcon.colcon_core.environment:checking '/workspace/ros2_ws/src/install/crane_x7_gazebo/lib/pkgconfig/crane_x7_gazebo.pc'
[0.655s] Level 1:colcon.colcon_core.environment:checking '/workspace/ros2_ws/src/install/crane_x7_gazebo/lib/python3.10/site-packages'
[0.655s] Level 1:colcon.colcon_core.environment:checking '/workspace/ros2_ws/src/install/crane_x7_gazebo/bin'
[0.655s] INFO:colcon.colcon_core.shell:Creating package script '/workspace/ros2_ws/src/install/crane_x7_gazebo/share/crane_x7_gazebo/package.ps1'
[0.655s] INFO:colcon.colcon_core.shell:Creating package descriptor '/workspace/ros2_ws/src/install/crane_x7_gazebo/share/crane_x7_gazebo/package.dsv'
[0.656s] INFO:colcon.colcon_core.shell:Creating package script '/workspace/ros2_ws/src/install/crane_x7_gazebo/share/crane_x7_gazebo/package.sh'
[0.656s] INFO:colcon.colcon_core.shell:Creating package script '/workspace/ros2_ws/src/install/crane_x7_gazebo/share/crane_x7_gazebo/package.bash'
[0.656s] INFO:colcon.colcon_core.shell:Creating package script '/workspace/ros2_ws/src/install/crane_x7_gazebo/share/crane_x7_gazebo/package.zsh'
[0.656s] Level 1:colcon.colcon_core.environment:create_file_with_runtime_dependencies(/workspace/ros2_ws/src/install/crane_x7_gazebo/share/colcon-core/packages/crane_x7_gazebo)
[0.772s] DEBUG:colcon.colcon_core.event_handler.log_command:Invoked command in '/workspace/ros2_ws/src/build/crane_x7_description' returned '0': CMAKE_PREFIX_PATH=${CMAKE_PREFIX_PATH}:/opt/ros/humble /usr/bin/cmake /workspace/ros2_ws/src/crane_x7_description -DAMENT_CMAKE_SYMLINK_INSTALL=1 -DCMAKE_INSTALL_PREFIX=/workspace/ros2_ws/src/install/crane_x7_description
[0.773s] DEBUG:colcon.colcon_core.event_handler.log_command:Invoking command in '/workspace/ros2_ws/src/build/crane_x7_description': CMAKE_PREFIX_PATH=${CMAKE_PREFIX_PATH}:/opt/ros/humble /usr/bin/cmake --build /workspace/ros2_ws/src/build/crane_x7_description -- -j16 -l16
[0.965s] DEBUG:colcon.colcon_core.event_handler.log_command:Invoked command in '/workspace/ros2_ws/src/build/crane_x7_description' returned '0': CMAKE_PREFIX_PATH=${CMAKE_PREFIX_PATH}:/opt/ros/humble /usr/bin/cmake --build /workspace/ros2_ws/src/build/crane_x7_description -- -j16 -l16
[0.966s] DEBUG:colcon.colcon_core.event_handler.log_command:Invoking command in '/workspace/ros2_ws/src/build/crane_x7_description': CMAKE_PREFIX_PATH=${CMAKE_PREFIX_PATH}:/opt/ros/humble /usr/bin/cmake --install /workspace/ros2_ws/src/build/crane_x7_description
[1.475s] Level 1:colcon.colcon_core.environment:create_environment_scripts_only(crane_x7_description)
[1.475s] Level 1:colcon.colcon_core.environment:checking '/workspace/ros2_ws/src/install/crane_x7_description' for CMake module files
[1.475s] DEBUG:colcon.colcon_core.event_handler.log_command:Invoked command in '/workspace/ros2_ws/src/build/crane_x7_description' returned '0': CMAKE_PREFIX_PATH=${CMAKE_PREFIX_PATH}:/opt/ros/humble /usr/bin/cmake --install /workspace/ros2_ws/src/build/crane_x7_description
[1.476s] Level 1:colcon.colcon_core.environment:checking '/workspace/ros2_ws/src/install/crane_x7_description' for CMake config files
[1.476s] Level 1:colcon.colcon_core.shell:create_environment_hook('crane_x7_description', 'cmake_prefix_path')
[1.476s] INFO:colcon.colcon_core.shell:Creating environment hook '/workspace/ros2_ws/src/install/crane_x7_description/share/crane_x7_description/hook/cmake_prefix_path.ps1'
[1.476s] INFO:colcon.colcon_core.shell:Creating environment descriptor '/workspace/ros2_ws/src/install/crane_x7_description/share/crane_x7_description/hook/cmake_prefix_path.dsv'
[1.476s] INFO:colcon.colcon_core.shell:Creating environment hook '/workspace/ros2_ws/src/install/crane_x7_description/share/crane_x7_description/hook/cmake_prefix_path.sh'
[1.477s] Level 1:colcon.colcon_core.environment:checking '/workspace/ros2_ws/src/install/crane_x7_description/lib'
[1.477s] Level 1:colcon.colcon_core.environment:checking '/workspace/ros2_ws/src/install/crane_x7_description/bin'
[1.477s] Level 1:colcon.colcon_core.environment:checking '/workspace/ros2_ws/src/install/crane_x7_description/lib/pkgconfig/crane_x7_description.pc'
[1.477s] Level 1:colcon.colcon_core.environment:checking '/workspace/ros2_ws/src/install/crane_x7_description/lib/python3.10/site-packages'
[1.477s] Level 1:colcon.colcon_core.environment:checking '/workspace/ros2_ws/src/install/crane_x7_description/bin'
[1.477s] INFO:colcon.colcon_core.shell:Creating package script '/workspace/ros2_ws/src/install/crane_x7_description/share/crane_x7_description/package.ps1'
[1.477s] INFO:colcon.colcon_core.shell:Creating package descriptor '/workspace/ros2_ws/src/install/crane_x7_description/share/crane_x7_description/package.dsv'
[1.478s] INFO:colcon.colcon_core.shell:Creating package script '/workspace/ros2_ws/src/install/crane_x7_description/share/crane_x7_description/package.sh'
[1.478s] INFO:colcon.colcon_core.shell:Creating package script '/workspace/ros2_ws/src/install/crane_x7_description/share/crane_x7_description/package.bash'
[1.478s] INFO:colcon.colcon_core.shell:Creating package script '/workspace/ros2_ws/src/install/crane_x7_description/share/crane_x7_description/package.zsh'
[1.478s] Level 1:colcon.colcon_core.environment:create_file_with_runtime_dependencies(/workspace/ros2_ws/src/install/crane_x7_description/share/colcon-core/packages/crane_x7_description)
[1.478s] Level 1:colcon.colcon_core.environment:create_environment_scripts_only(crane_x7_description)
[1.479s] Level 1:colcon.colcon_core.environment:checking '/workspace/ros2_ws/src/install/crane_x7_description' for CMake module files
[1.479s] Level 1:colcon.colcon_core.environment:checking '/workspace/ros2_ws/src/install/crane_x7_description' for CMake config files
[1.479s] Level 1:colcon.colcon_core.shell:create_environment_hook('crane_x7_description', 'cmake_prefix_path')
[1.479s] INFO:colcon.colcon_core.shell:Creating environment hook '/workspace/ros2_ws/src/install/crane_x7_description/share/crane_x7_description/hook/cmake_prefix_path.ps1'
[1.479s] INFO:colcon.colcon_core.shell:Creating environment descriptor '/workspace/ros2_ws/src/install/crane_x7_description/share/crane_x7_description/hook/cmake_prefix_path.dsv'
[1.479s] INFO:colcon.colcon_core.shell:Creating environment hook '/workspace/ros2_ws/src/install/crane_x7_description/share/crane_x7_description/hook/cmake_prefix_path.sh'
[1.480s] Level 1:colcon.colcon_core.environment:checking '/workspace/ros2_ws/src/install/crane_x7_description/lib'
[1.480s] Level 1:colcon.colcon_core.environment:checking '/workspace/ros2_ws/src/install/crane_x7_description/bin'
[1.480s] Level 1:colcon.colcon_core.environment:checking '/workspace/ros2_ws/src/install/crane_x7_description/lib/pkgconfig/crane_x7_description.pc'
[1.480s] Level 1:colcon.colcon_core.environment:checking '/workspace/ros2_ws/src/install/crane_x7_description/lib/python3.10/site-packages'
[1.480s] Level 1:colcon.colcon_core.environment:checking '/workspace/ros2_ws/src/install/crane_x7_description/bin'
[1.480s] INFO:colcon.colcon_core.shell:Creating package script '/workspace/ros2_ws/src/install/crane_x7_description/share/crane_x7_description/package.ps1'
[1.480s] INFO:colcon.colcon_core.shell:Creating package descriptor '/workspace/ros2_ws/src/install/crane_x7_description/share/crane_x7_description/package.dsv'
[1.481s] INFO:colcon.colcon_core.shell:Creating package script '/workspace/ros2_ws/src/install/crane_x7_description/share/crane_x7_description/package.sh'
[1.481s] INFO:colcon.colcon_core.shell:Creating package script '/workspace/ros2_ws/src/install/crane_x7_description/share/crane_x7_description/package.bash'
[1.481s] INFO:colcon.colcon_core.shell:Creating package script '/workspace/ros2_ws/src/install/crane_x7_description/share/crane_x7_description/package.zsh'
[1.481s] Level 1:colcon.colcon_core.environment:create_file_with_runtime_dependencies(/workspace/ros2_ws/src/install/crane_x7_description/share/colcon-core/packages/crane_x7_description)
[1.481s] INFO:colcon.colcon_ros.task.ament_cmake.build:Building ROS package in '/workspace/ros2_ws/src/crane_x7_ros/crane_x7_control' with build type 'ament_cmake'
[1.481s] INFO:colcon.colcon_cmake.task.cmake.build:Building CMake package in '/workspace/ros2_ws/src/crane_x7_ros/crane_x7_control'
[1.482s] INFO:colcon.colcon_core.shell:Skip shell extension 'powershell' for command environment: Not usable outside of PowerShell
[1.482s] DEBUG:colcon.colcon_core.shell:Skip shell extension 'dsv' for command environment
[1.484s] INFO:colcon.colcon_ros.task.ament_cmake.build:Building ROS package in '/workspace/ros2_ws/src/crane_x7_ros/crane_x7_moveit_config' with build type 'ament_cmake'
[1.484s] INFO:colcon.colcon_cmake.task.cmake.build:Building CMake package in '/workspace/ros2_ws/src/crane_x7_ros/crane_x7_moveit_config'
[1.484s] INFO:colcon.colcon_core.shell:Skip shell extension 'powershell' for command environment: Not usable outside of PowerShell
[1.484s] DEBUG:colcon.colcon_core.shell:Skip shell extension 'dsv' for command environment
[1.488s] DEBUG:colcon.colcon_core.event_handler.log_command:Invoking command in '/workspace/ros2_ws/src/build/crane_x7_control': AMENT_PREFIX_PATH=/workspace/ros2_ws/src/install/crane_x7_description:${AMENT_PREFIX_PATH} CMAKE_PREFIX_PATH=/workspace/ros2_ws/src/install/crane_x7_description:/workspace/ros2_ws/install/crane_x7:/workspace/ros2_ws/install/crane_x7_examples:/workspace/ros2_ws/install/crane_x7_moveit_config:/workspace/ros2_ws/install/crane_x7_gazebo:/workspace/ros2_ws/install/crane_x7_control:/workspace/ros2_ws/install/crane_x7_description:/opt/ros/humble PYTHONPATH=/workspace/ros2_ws/src/install/crane_x7_description/local/lib/python3.10/dist-packages:${PYTHONPATH} /usr/bin/cmake /workspace/ros2_ws/src/crane_x7_ros/crane_x7_control -DAMENT_CMAKE_SYMLINK_INSTALL=1 -DCMAKE_INSTALL_PREFIX=/workspace/ros2_ws/src/install/crane_x7_control
[1.490s] DEBUG:colcon.colcon_core.event_handler.log_command:Invoking command in '/workspace/ros2_ws/src/build/crane_x7_moveit_config': AMENT_PREFIX_PATH=/workspace/ros2_ws/src/install/crane_x7_description:${AMENT_PREFIX_PATH} CMAKE_PREFIX_PATH=/workspace/ros2_ws/src/install/crane_x7_description:/workspace/ros2_ws/install/crane_x7:/workspace/ros2_ws/install/crane_x7_examples:/workspace/ros2_ws/install/crane_x7_moveit_config:/workspace/ros2_ws/install/crane_x7_gazebo:/workspace/ros2_ws/install/crane_x7_control:/workspace/ros2_ws/install/crane_x7_description:/opt/ros/humble PYTHONPATH=/workspace/ros2_ws/src/install/crane_x7_description/local/lib/python3.10/dist-packages:${PYTHONPATH} /usr/bin/cmake /workspace/ros2_ws/src/crane_x7_ros/crane_x7_moveit_config -DAMENT_CMAKE_SYMLINK_INSTALL=1 -DCMAKE_INSTALL_PREFIX=/workspace/ros2_ws/src/install/crane_x7_moveit_config
[1.839s] DEBUG:colcon.colcon_core.event_handler.log_command:Invoked command in '/workspace/ros2_ws/src/build/crane_x7_moveit_config' returned '0': AMENT_PREFIX_PATH=/workspace/ros2_ws/src/install/crane_x7_description:${AMENT_PREFIX_PATH} CMAKE_PREFIX_PATH=/workspace/ros2_ws/src/install/crane_x7_description:/workspace/ros2_ws/install/crane_x7:/workspace/ros2_ws/install/crane_x7_examples:/workspace/ros2_ws/install/crane_x7_moveit_config:/workspace/ros2_ws/install/crane_x7_gazebo:/workspace/ros2_ws/install/crane_x7_control:/workspace/ros2_ws/install/crane_x7_description:/opt/ros/humble PYTHONPATH=/workspace/ros2_ws/src/install/crane_x7_description/local/lib/python3.10/dist-packages:${PYTHONPATH} /usr/bin/cmake /workspace/ros2_ws/src/crane_x7_ros/crane_x7_moveit_config -DAMENT_CMAKE_SYMLINK_INSTALL=1 -DCMAKE_INSTALL_PREFIX=/workspace/ros2_ws/src/install/crane_x7_moveit_config
[1.839s] DEBUG:colcon.colcon_core.event_handler.log_command:Invoking command in '/workspace/ros2_ws/src/build/crane_x7_moveit_config': AMENT_PREFIX_PATH=/workspace/ros2_ws/src/install/crane_x7_description:${AMENT_PREFIX_PATH} CMAKE_PREFIX_PATH=/workspace/ros2_ws/src/install/crane_x7_description:/workspace/ros2_ws/install/crane_x7:/workspace/ros2_ws/install/crane_x7_examples:/workspace/ros2_ws/install/crane_x7_moveit_config:/workspace/ros2_ws/install/crane_x7_gazebo:/workspace/ros2_ws/install/crane_x7_control:/workspace/ros2_ws/install/crane_x7_description:/opt/ros/humble PYTHONPATH=/workspace/ros2_ws/src/install/crane_x7_description/local/lib/python3.10/dist-packages:${PYTHONPATH} /usr/bin/cmake --build /workspace/ros2_ws/src/build/crane_x7_moveit_config -- -j16 -l16
[1.858s] DEBUG:colcon.colcon_core.event_handler.log_command:Invoked command in '/workspace/ros2_ws/src/build/crane_x7_moveit_config' returned '0': AMENT_PREFIX_PATH=/workspace/ros2_ws/src/install/crane_x7_description:${AMENT_PREFIX_PATH} CMAKE_PREFIX_PATH=/workspace/ros2_ws/src/install/crane_x7_description:/workspace/ros2_ws/install/crane_x7:/workspace/ros2_ws/install/crane_x7_examples:/workspace/ros2_ws/install/crane_x7_moveit_config:/workspace/ros2_ws/install/crane_x7_gazebo:/workspace/ros2_ws/install/crane_x7_control:/workspace/ros2_ws/install/crane_x7_description:/opt/ros/humble PYTHONPATH=/workspace/ros2_ws/src/install/crane_x7_description/local/lib/python3.10/dist-packages:${PYTHONPATH} /usr/bin/cmake --build /workspace/ros2_ws/src/build/crane_x7_moveit_config -- -j16 -l16
[1.859s] DEBUG:colcon.colcon_core.event_handler.log_command:Invoking command in '/workspace/ros2_ws/src/build/crane_x7_moveit_config': AMENT_PREFIX_PATH=/workspace/ros2_ws/src/install/crane_x7_description:${AMENT_PREFIX_PATH} CMAKE_PREFIX_PATH=/workspace/ros2_ws/src/install/crane_x7_description:/workspace/ros2_ws/install/crane_x7:/workspace/ros2_ws/install/crane_x7_examples:/workspace/ros2_ws/install/crane_x7_moveit_config:/workspace/ros2_ws/install/crane_x7_gazebo:/workspace/ros2_ws/install/crane_x7_control:/workspace/ros2_ws/install/crane_x7_description:/opt/ros/humble PYTHONPATH=/workspace/ros2_ws/src/install/crane_x7_description/local/lib/python3.10/dist-packages:${PYTHONPATH} /usr/bin/cmake --install /workspace/ros2_ws/src/build/crane_x7_moveit_config
[1.958s] Level 1:colcon.colcon_core.environment:create_environment_scripts_only(crane_x7_moveit_config)
[1.958s] Level 1:colcon.colcon_core.environment:checking '/workspace/ros2_ws/src/install/crane_x7_moveit_config' for CMake module files
[1.959s] DEBUG:colcon.colcon_core.event_handler.log_command:Invoked command in '/workspace/ros2_ws/src/build/crane_x7_moveit_config' returned '0': AMENT_PREFIX_PATH=/workspace/ros2_ws/src/install/crane_x7_description:${AMENT_PREFIX_PATH} CMAKE_PREFIX_PATH=/workspace/ros2_ws/src/install/crane_x7_description:/workspace/ros2_ws/install/crane_x7:/workspace/ros2_ws/install/crane_x7_examples:/workspace/ros2_ws/install/crane_x7_moveit_config:/workspace/ros2_ws/install/crane_x7_gazebo:/workspace/ros2_ws/install/crane_x7_control:/workspace/ros2_ws/install/crane_x7_description:/opt/ros/humble PYTHONPATH=/workspace/ros2_ws/src/install/crane_x7_description/local/lib/python3.10/dist-packages:${PYTHONPATH} /usr/bin/cmake --install /workspace/ros2_ws/src/build/crane_x7_moveit_config
[1.959s] Level 1:colcon.colcon_core.environment:checking '/workspace/ros2_ws/src/install/crane_x7_moveit_config' for CMake config files
[1.959s] Level 1:colcon.colcon_core.shell:create_environment_hook('crane_x7_moveit_config', 'cmake_prefix_path')
[1.959s] INFO:colcon.colcon_core.shell:Creating environment hook '/workspace/ros2_ws/src/install/crane_x7_moveit_config/share/crane_x7_moveit_config/hook/cmake_prefix_path.ps1'
[1.959s] INFO:colcon.colcon_core.shell:Creating environment descriptor '/workspace/ros2_ws/src/install/crane_x7_moveit_config/share/crane_x7_moveit_config/hook/cmake_prefix_path.dsv'
[1.960s] INFO:colcon.colcon_core.shell:Creating environment hook '/workspace/ros2_ws/src/install/crane_x7_moveit_config/share/crane_x7_moveit_config/hook/cmake_prefix_path.sh'
[1.960s] Level 1:colcon.colcon_core.environment:checking '/workspace/ros2_ws/src/install/crane_x7_moveit_config/bin'
[1.960s] Level 1:colcon.colcon_core.environment:checking '/workspace/ros2_ws/src/install/crane_x7_moveit_config/lib/pkgconfig/crane_x7_moveit_config.pc'
[1.960s] Level 1:colcon.colcon_core.environment:checking '/workspace/ros2_ws/src/install/crane_x7_moveit_config/lib/python3.10/site-packages'
[1.960s] Level 1:colcon.colcon_core.environment:checking '/workspace/ros2_ws/src/install/crane_x7_moveit_config/bin'
[1.960s] INFO:colcon.colcon_core.shell:Creating package script '/workspace/ros2_ws/src/install/crane_x7_moveit_config/share/crane_x7_moveit_config/package.ps1'
[1.961s] INFO:colcon.colcon_core.shell:Creating package descriptor '/workspace/ros2_ws/src/install/crane_x7_moveit_config/share/crane_x7_moveit_config/package.dsv'
[1.961s] INFO:colcon.colcon_core.shell:Creating package script '/workspace/ros2_ws/src/install/crane_x7_moveit_config/share/crane_x7_moveit_config/package.sh'
[1.961s] INFO:colcon.colcon_core.shell:Creating package script '/workspace/ros2_ws/src/install/crane_x7_moveit_config/share/crane_x7_moveit_config/package.bash'
[1.961s] INFO:colcon.colcon_core.shell:Creating package script '/workspace/ros2_ws/src/install/crane_x7_moveit_config/share/crane_x7_moveit_config/package.zsh'
[1.961s] Level 1:colcon.colcon_core.environment:create_file_with_runtime_dependencies(/workspace/ros2_ws/src/install/crane_x7_moveit_config/share/colcon-core/packages/crane_x7_moveit_config)
[1.962s] Level 1:colcon.colcon_core.environment:create_environment_scripts_only(crane_x7_moveit_config)
[1.962s] Level 1:colcon.colcon_core.environment:checking '/workspace/ros2_ws/src/install/crane_x7_moveit_config' for CMake module files
[1.962s] Level 1:colcon.colcon_core.environment:checking '/workspace/ros2_ws/src/install/crane_x7_moveit_config' for CMake config files
[1.962s] Level 1:colcon.colcon_core.shell:create_environment_hook('crane_x7_moveit_config', 'cmake_prefix_path')
[1.962s] INFO:colcon.colcon_core.shell:Creating environment hook '/workspace/ros2_ws/src/install/crane_x7_moveit_config/share/crane_x7_moveit_config/hook/cmake_prefix_path.ps1'
[1.963s] INFO:colcon.colcon_core.shell:Creating environment descriptor '/workspace/ros2_ws/src/install/crane_x7_moveit_config/share/crane_x7_moveit_config/hook/cmake_prefix_path.dsv'
[1.963s] INFO:colcon.colcon_core.shell:Creating environment hook '/workspace/ros2_ws/src/install/crane_x7_moveit_config/share/crane_x7_moveit_config/hook/cmake_prefix_path.sh'
[1.963s] Level 1:colcon.colcon_core.environment:checking '/workspace/ros2_ws/src/install/crane_x7_moveit_config/bin'
[1.963s] Level 1:colcon.colcon_core.environment:checking '/workspace/ros2_ws/src/install/crane_x7_moveit_config/lib/pkgconfig/crane_x7_moveit_config.pc'
[1.963s] Level 1:colcon.colcon_core.environment:checking '/workspace/ros2_ws/src/install/crane_x7_moveit_config/lib/python3.10/site-packages'
[1.963s] Level 1:colcon.colcon_core.environment:checking '/workspace/ros2_ws/src/install/crane_x7_moveit_config/bin'
[1.964s] INFO:colcon.colcon_core.shell:Creating package script '/workspace/ros2_ws/src/install/crane_x7_moveit_config/share/crane_x7_moveit_config/package.ps1'
[1.964s] INFO:colcon.colcon_core.shell:Creating package descriptor '/workspace/ros2_ws/src/install/crane_x7_moveit_config/share/crane_x7_moveit_config/package.dsv'
[1.964s] INFO:colcon.colcon_core.shell:Creating package script '/workspace/ros2_ws/src/install/crane_x7_moveit_config/share/crane_x7_moveit_config/package.sh'
[1.964s] INFO:colcon.colcon_core.shell:Creating package script '/workspace/ros2_ws/src/install/crane_x7_moveit_config/share/crane_x7_moveit_config/package.bash'
[1.964s] INFO:colcon.colcon_core.shell:Creating package script '/workspace/ros2_ws/src/install/crane_x7_moveit_config/share/crane_x7_moveit_config/package.zsh'
[1.965s] Level 1:colcon.colcon_core.environment:create_file_with_runtime_dependencies(/workspace/ros2_ws/src/install/crane_x7_moveit_config/share/colcon-core/packages/crane_x7_moveit_config)
[2.344s] DEBUG:colcon.colcon_core.event_handler.log_command:Invoked command in '/workspace/ros2_ws/src/build/crane_x7_control' returned '0': AMENT_PREFIX_PATH=/workspace/ros2_ws/src/install/crane_x7_description:${AMENT_PREFIX_PATH} CMAKE_PREFIX_PATH=/workspace/ros2_ws/src/install/crane_x7_description:/workspace/ros2_ws/install/crane_x7:/workspace/ros2_ws/install/crane_x7_examples:/workspace/ros2_ws/install/crane_x7_moveit_config:/workspace/ros2_ws/install/crane_x7_gazebo:/workspace/ros2_ws/install/crane_x7_control:/workspace/ros2_ws/install/crane_x7_description:/opt/ros/humble PYTHONPATH=/workspace/ros2_ws/src/install/crane_x7_description/local/lib/python3.10/dist-packages:${PYTHONPATH} /usr/bin/cmake /workspace/ros2_ws/src/crane_x7_ros/crane_x7_control -DAMENT_CMAKE_SYMLINK_INSTALL=1 -DCMAKE_INSTALL_PREFIX=/workspace/ros2_ws/src/install/crane_x7_control
[2.344s] DEBUG:colcon.colcon_core.event_handler.log_command:Invoking command in '/workspace/ros2_ws/src/build/crane_x7_control': AMENT_PREFIX_PATH=/workspace/ros2_ws/src/install/crane_x7_description:${AMENT_PREFIX_PATH} CMAKE_PREFIX_PATH=/workspace/ros2_ws/src/install/crane_x7_description:/workspace/ros2_ws/install/crane_x7:/workspace/ros2_ws/install/crane_x7_examples:/workspace/ros2_ws/install/crane_x7_moveit_config:/workspace/ros2_ws/install/crane_x7_gazebo:/workspace/ros2_ws/install/crane_x7_control:/workspace/ros2_ws/install/crane_x7_description:/opt/ros/humble PYTHONPATH=/workspace/ros2_ws/src/install/crane_x7_description/local/lib/python3.10/dist-packages:${PYTHONPATH} /usr/bin/cmake --build /workspace/ros2_ws/src/build/crane_x7_control -- -j16 -l16
[4.578s] DEBUG:colcon.colcon_core.event_handler.log_command:Invoked command in '/workspace/ros2_ws/src/build/crane_x7_control' returned '0': AMENT_PREFIX_PATH=/workspace/ros2_ws/src/install/crane_x7_description:${AMENT_PREFIX_PATH} CMAKE_PREFIX_PATH=/workspace/ros2_ws/src/install/crane_x7_description:/workspace/ros2_ws/install/crane_x7:/workspace/ros2_ws/install/crane_x7_examples:/workspace/ros2_ws/install/crane_x7_moveit_config:/workspace/ros2_ws/install/crane_x7_gazebo:/workspace/ros2_ws/install/crane_x7_control:/workspace/ros2_ws/install/crane_x7_description:/opt/ros/humble PYTHONPATH=/workspace/ros2_ws/src/install/crane_x7_description/local/lib/python3.10/dist-packages:${PYTHONPATH} /usr/bin/cmake --build /workspace/ros2_ws/src/build/crane_x7_control -- -j16 -l16
[4.579s] DEBUG:colcon.colcon_core.event_handler.log_command:Invoking command in '/workspace/ros2_ws/src/build/crane_x7_control': AMENT_PREFIX_PATH=/workspace/ros2_ws/src/install/crane_x7_description:${AMENT_PREFIX_PATH} CMAKE_PREFIX_PATH=/workspace/ros2_ws/src/install/crane_x7_description:/workspace/ros2_ws/install/crane_x7:/workspace/ros2_ws/install/crane_x7_examples:/workspace/ros2_ws/install/crane_x7_moveit_config:/workspace/ros2_ws/install/crane_x7_gazebo:/workspace/ros2_ws/install/crane_x7_control:/workspace/ros2_ws/install/crane_x7_description:/opt/ros/humble PYTHONPATH=/workspace/ros2_ws/src/install/crane_x7_description/local/lib/python3.10/dist-packages:${PYTHONPATH} /usr/bin/cmake --install /workspace/ros2_ws/src/build/crane_x7_control
[4.757s] Level 1:colcon.colcon_core.environment:create_environment_scripts_only(crane_x7_control)
[4.758s] Level 1:colcon.colcon_core.environment:checking '/workspace/ros2_ws/src/install/crane_x7_control' for CMake module files
[4.758s] DEBUG:colcon.colcon_core.event_handler.log_command:Invoked command in '/workspace/ros2_ws/src/build/crane_x7_control' returned '0': AMENT_PREFIX_PATH=/workspace/ros2_ws/src/install/crane_x7_description:${AMENT_PREFIX_PATH} CMAKE_PREFIX_PATH=/workspace/ros2_ws/src/install/crane_x7_description:/workspace/ros2_ws/install/crane_x7:/workspace/ros2_ws/install/crane_x7_examples:/workspace/ros2_ws/install/crane_x7_moveit_config:/workspace/ros2_ws/install/crane_x7_gazebo:/workspace/ros2_ws/install/crane_x7_control:/workspace/ros2_ws/install/crane_x7_description:/opt/ros/humble PYTHONPATH=/workspace/ros2_ws/src/install/crane_x7_description/local/lib/python3.10/dist-packages:${PYTHONPATH} /usr/bin/cmake --install /workspace/ros2_ws/src/build/crane_x7_control
[4.758s] Level 1:colcon.colcon_core.environment:checking '/workspace/ros2_ws/src/install/crane_x7_control' for CMake config files
[4.758s] Level 1:colcon.colcon_core.shell:create_environment_hook('crane_x7_control', 'cmake_prefix_path')
[4.759s] INFO:colcon.colcon_core.shell:Creating environment hook '/workspace/ros2_ws/src/install/crane_x7_control/share/crane_x7_control/hook/cmake_prefix_path.ps1'
[4.759s] INFO:colcon.colcon_core.shell:Creating environment descriptor '/workspace/ros2_ws/src/install/crane_x7_control/share/crane_x7_control/hook/cmake_prefix_path.dsv'
[4.759s] INFO:colcon.colcon_core.shell:Creating environment hook '/workspace/ros2_ws/src/install/crane_x7_control/share/crane_x7_control/hook/cmake_prefix_path.sh'
[4.760s] Level 1:colcon.colcon_core.environment:checking '/workspace/ros2_ws/src/install/crane_x7_control/lib'
[4.760s] Level 1:colcon.colcon_core.shell:create_environment_hook('crane_x7_control', 'ld_library_path_lib')
[4.760s] INFO:colcon.colcon_core.shell:Creating environment hook '/workspace/ros2_ws/src/install/crane_x7_control/share/crane_x7_control/hook/ld_library_path_lib.ps1'
[4.760s] INFO:colcon.colcon_core.shell:Creating environment descriptor '/workspace/ros2_ws/src/install/crane_x7_control/share/crane_x7_control/hook/ld_library_path_lib.dsv'
[4.761s] INFO:colcon.colcon_core.shell:Creating environment hook '/workspace/ros2_ws/src/install/crane_x7_control/share/crane_x7_control/hook/ld_library_path_lib.sh'
[4.761s] Level 1:colcon.colcon_core.environment:checking '/workspace/ros2_ws/src/install/crane_x7_control/bin'
[4.761s] Level 1:colcon.colcon_core.environment:checking '/workspace/ros2_ws/src/install/crane_x7_control/lib/pkgconfig/crane_x7_control.pc'
[4.761s] Level 1:colcon.colcon_core.environment:checking '/workspace/ros2_ws/src/install/crane_x7_control/lib/python3.10/site-packages'
[4.762s] Level 1:colcon.colcon_core.environment:checking '/workspace/ros2_ws/src/install/crane_x7_control/bin'
[4.762s] INFO:colcon.colcon_core.shell:Creating package script '/workspace/ros2_ws/src/install/crane_x7_control/share/crane_x7_control/package.ps1'
[4.763s] INFO:colcon.colcon_core.shell:Creating package descriptor '/workspace/ros2_ws/src/install/crane_x7_control/share/crane_x7_control/package.dsv'
[4.763s] INFO:colcon.colcon_core.shell:Creating package script '/workspace/ros2_ws/src/install/crane_x7_control/share/crane_x7_control/package.sh'
[4.764s] INFO:colcon.colcon_core.shell:Creating package script '/workspace/ros2_ws/src/install/crane_x7_control/share/crane_x7_control/package.bash'
[4.764s] INFO:colcon.colcon_core.shell:Creating package script '/workspace/ros2_ws/src/install/crane_x7_control/share/crane_x7_control/package.zsh'
[4.765s] Level 1:colcon.colcon_core.environment:create_file_with_runtime_dependencies(/workspace/ros2_ws/src/install/crane_x7_control/share/colcon-core/packages/crane_x7_control)
[4.765s] Level 1:colcon.colcon_core.environment:create_environment_scripts_only(crane_x7_control)
[4.766s] Level 1:colcon.colcon_core.environment:checking '/workspace/ros2_ws/src/install/crane_x7_control' for CMake module files
[4.766s] Level 1:colcon.colcon_core.environment:checking '/workspace/ros2_ws/src/install/crane_x7_control' for CMake config files
[4.767s] Level 1:colcon.colcon_core.shell:create_environment_hook('crane_x7_control', 'cmake_prefix_path')
[4.767s] INFO:colcon.colcon_core.shell:Creating environment hook '/workspace/ros2_ws/src/install/crane_x7_control/share/crane_x7_control/hook/cmake_prefix_path.ps1'
[4.767s] INFO:colcon.colcon_core.shell:Creating environment descriptor '/workspace/ros2_ws/src/install/crane_x7_control/share/crane_x7_control/hook/cmake_prefix_path.dsv'
[4.768s] INFO:colcon.colcon_core.shell:Creating environment hook '/workspace/ros2_ws/src/install/crane_x7_control/share/crane_x7_control/hook/cmake_prefix_path.sh'
[4.769s] Level 1:colcon.colcon_core.environment:checking '/workspace/ros2_ws/src/install/crane_x7_control/lib'
[4.769s] Level 1:colcon.colcon_core.shell:create_environment_hook('crane_x7_control', 'ld_library_path_lib')
[4.769s] INFO:colcon.colcon_core.shell:Creating environment hook '/workspace/ros2_ws/src/install/crane_x7_control/share/crane_x7_control/hook/ld_library_path_lib.ps1'
[4.770s] INFO:colcon.colcon_core.shell:Creating environment descriptor '/workspace/ros2_ws/src/install/crane_x7_control/share/crane_x7_control/hook/ld_library_path_lib.dsv'
[4.770s] INFO:colcon.colcon_core.shell:Creating environment hook '/workspace/ros2_ws/src/install/crane_x7_control/share/crane_x7_control/hook/ld_library_path_lib.sh'
[4.771s] Level 1:colcon.colcon_core.environment:checking '/workspace/ros2_ws/src/install/crane_x7_control/bin'
[4.771s] Level 1:colcon.colcon_core.environment:checking '/workspace/ros2_ws/src/install/crane_x7_control/lib/pkgconfig/crane_x7_control.pc'
[4.771s] Level 1:colcon.colcon_core.environment:checking '/workspace/ros2_ws/src/install/crane_x7_control/lib/python3.10/site-packages'
[4.771s] Level 1:colcon.colcon_core.environment:checking '/workspace/ros2_ws/src/install/crane_x7_control/bin'
[4.771s] INFO:colcon.colcon_core.shell:Creating package script '/workspace/ros2_ws/src/install/crane_x7_control/share/crane_x7_control/package.ps1'
[4.772s] INFO:colcon.colcon_core.shell:Creating package descriptor '/workspace/ros2_ws/src/install/crane_x7_control/share/crane_x7_control/package.dsv'
[4.772s] INFO:colcon.colcon_core.shell:Creating package script '/workspace/ros2_ws/src/install/crane_x7_control/share/crane_x7_control/package.sh'
[4.773s] INFO:colcon.colcon_core.shell:Creating package script '/workspace/ros2_ws/src/install/crane_x7_control/share/crane_x7_control/package.bash'
[4.773s] INFO:colcon.colcon_core.shell:Creating package script '/workspace/ros2_ws/src/install/crane_x7_control/share/crane_x7_control/package.zsh'
[4.774s] Level 1:colcon.colcon_core.environment:create_file_with_runtime_dependencies(/workspace/ros2_ws/src/install/crane_x7_control/share/colcon-core/packages/crane_x7_control)
[4.774s] INFO:colcon.colcon_ros.task.ament_cmake.build:Building ROS package in '/workspace/ros2_ws/src/crane_x7_ros/crane_x7_examples' with build type 'ament_cmake'
[4.774s] INFO:colcon.colcon_cmake.task.cmake.build:Building CMake package in '/workspace/ros2_ws/src/crane_x7_ros/crane_x7_examples'
[4.774s] INFO:colcon.colcon_core.shell:Skip shell extension 'powershell' for command environment: Not usable outside of PowerShell
[4.774s] DEBUG:colcon.colcon_core.shell:Skip shell extension 'dsv' for command environment
[4.782s] DEBUG:colcon.colcon_core.event_handler.log_command:Invoking command in '/workspace/ros2_ws/src/build/crane_x7_examples': AMENT_PREFIX_PATH=/workspace/ros2_ws/src/install/crane_x7_moveit_config:/workspace/ros2_ws/src/install/crane_x7_control:/workspace/ros2_ws/src/install/crane_x7_description:${AMENT_PREFIX_PATH} CMAKE_PREFIX_PATH=/workspace/ros2_ws/src/install/crane_x7_moveit_config:/workspace/ros2_ws/src/install/crane_x7_control:/workspace/ros2_ws/src/install/crane_x7_description:/workspace/ros2_ws/install/crane_x7:/workspace/ros2_ws/install/crane_x7_examples:/workspace/ros2_ws/install/crane_x7_moveit_config:/workspace/ros2_ws/install/crane_x7_gazebo:/workspace/ros2_ws/install/crane_x7_control:/workspace/ros2_ws/install/crane_x7_description:/opt/ros/humble LD_LIBRARY_PATH=/workspace/ros2_ws/src/install/crane_x7_control/lib:${LD_LIBRARY_PATH} PYTHONPATH=/workspace/ros2_ws/src/install/crane_x7_description/local/lib/python3.10/dist-packages:${PYTHONPATH} /usr/bin/cmake /workspace/ros2_ws/src/crane_x7_ros/crane_x7_examples -DAMENT_CMAKE_SYMLINK_INSTALL=1 -DCMAKE_INSTALL_PREFIX=/workspace/ros2_ws/src/install/crane_x7_examples
[7.867s] DEBUG:colcon.colcon_core.event_handler.log_command:Invoked command in '/workspace/ros2_ws/src/build/crane_x7_examples' returned '0': AMENT_PREFIX_PATH=/workspace/ros2_ws/src/install/crane_x7_moveit_config:/workspace/ros2_ws/src/install/crane_x7_control:/workspace/ros2_ws/src/install/crane_x7_description:${AMENT_PREFIX_PATH} CMAKE_PREFIX_PATH=/workspace/ros2_ws/src/install/crane_x7_moveit_config:/workspace/ros2_ws/src/install/crane_x7_control:/workspace/ros2_ws/src/install/crane_x7_description:/workspace/ros2_ws/install/crane_x7:/workspace/ros2_ws/install/crane_x7_examples:/workspace/ros2_ws/install/crane_x7_moveit_config:/workspace/ros2_ws/install/crane_x7_gazebo:/workspace/ros2_ws/install/crane_x7_control:/workspace/ros2_ws/install/crane_x7_description:/opt/ros/humble LD_LIBRARY_PATH=/workspace/ros2_ws/src/install/crane_x7_control/lib:${LD_LIBRARY_PATH} PYTHONPATH=/workspace/ros2_ws/src/install/crane_x7_description/local/lib/python3.10/dist-packages:${PYTHONPATH} /usr/bin/cmake /workspace/ros2_ws/src/crane_x7_ros/crane_x7_examples -DAMENT_CMAKE_SYMLINK_INSTALL=1 -DCMAKE_INSTALL_PREFIX=/workspace/ros2_ws/src/install/crane_x7_examples
[7.868s] DEBUG:colcon.colcon_core.event_handler.log_command:Invoking command in '/workspace/ros2_ws/src/build/crane_x7_examples': AMENT_PREFIX_PATH=/workspace/ros2_ws/src/install/crane_x7_moveit_config:/workspace/ros2_ws/src/install/crane_x7_control:/workspace/ros2_ws/src/install/crane_x7_description:${AMENT_PREFIX_PATH} CMAKE_PREFIX_PATH=/workspace/ros2_ws/src/install/crane_x7_moveit_config:/workspace/ros2_ws/src/install/crane_x7_control:/workspace/ros2_ws/src/install/crane_x7_description:/workspace/ros2_ws/install/crane_x7:/workspace/ros2_ws/install/crane_x7_examples:/workspace/ros2_ws/install/crane_x7_moveit_config:/workspace/ros2_ws/install/crane_x7_gazebo:/workspace/ros2_ws/install/crane_x7_control:/workspace/ros2_ws/install/crane_x7_description:/opt/ros/humble LD_LIBRARY_PATH=/workspace/ros2_ws/src/install/crane_x7_control/lib:${LD_LIBRARY_PATH} PYTHONPATH=/workspace/ros2_ws/src/install/crane_x7_description/local/lib/python3.10/dist-packages:${PYTHONPATH} /usr/bin/cmake --build /workspace/ros2_ws/src/build/crane_x7_examples -- -j16 -l16
[22.567s] DEBUG:colcon.colcon_core.event_handler.log_command:Invoked command in '/workspace/ros2_ws/src/build/crane_x7_examples' returned '0': AMENT_PREFIX_PATH=/workspace/ros2_ws/src/install/crane_x7_moveit_config:/workspace/ros2_ws/src/install/crane_x7_control:/workspace/ros2_ws/src/install/crane_x7_description:${AMENT_PREFIX_PATH} CMAKE_PREFIX_PATH=/workspace/ros2_ws/src/install/crane_x7_moveit_config:/workspace/ros2_ws/src/install/crane_x7_control:/workspace/ros2_ws/src/install/crane_x7_description:/workspace/ros2_ws/install/crane_x7:/workspace/ros2_ws/install/crane_x7_examples:/workspace/ros2_ws/install/crane_x7_moveit_config:/workspace/ros2_ws/install/crane_x7_gazebo:/workspace/ros2_ws/install/crane_x7_control:/workspace/ros2_ws/install/crane_x7_description:/opt/ros/humble LD_LIBRARY_PATH=/workspace/ros2_ws/src/install/crane_x7_control/lib:${LD_LIBRARY_PATH} PYTHONPATH=/workspace/ros2_ws/src/install/crane_x7_description/local/lib/python3.10/dist-packages:${PYTHONPATH} /usr/bin/cmake --build /workspace/ros2_ws/src/build/crane_x7_examples -- -j16 -l16
[22.568s] DEBUG:colcon.colcon_core.event_handler.log_command:Invoking command in '/workspace/ros2_ws/src/build/crane_x7_examples': AMENT_PREFIX_PATH=/workspace/ros2_ws/src/install/crane_x7_moveit_config:/workspace/ros2_ws/src/install/crane_x7_control:/workspace/ros2_ws/src/install/crane_x7_description:${AMENT_PREFIX_PATH} CMAKE_PREFIX_PATH=/workspace/ros2_ws/src/install/crane_x7_moveit_config:/workspace/ros2_ws/src/install/crane_x7_control:/workspace/ros2_ws/src/install/crane_x7_description:/workspace/ros2_ws/install/crane_x7:/workspace/ros2_ws/install/crane_x7_examples:/workspace/ros2_ws/install/crane_x7_moveit_config:/workspace/ros2_ws/install/crane_x7_gazebo:/workspace/ros2_ws/install/crane_x7_control:/workspace/ros2_ws/install/crane_x7_description:/opt/ros/humble LD_LIBRARY_PATH=/workspace/ros2_ws/src/install/crane_x7_control/lib:${LD_LIBRARY_PATH} PYTHONPATH=/workspace/ros2_ws/src/install/crane_x7_description/local/lib/python3.10/dist-packages:${PYTHONPATH} /usr/bin/cmake --install /workspace/ros2_ws/src/build/crane_x7_examples
[22.728s] Level 1:colcon.colcon_core.environment:create_environment_scripts_only(crane_x7_examples)
[22.728s] Level 1:colcon.colcon_core.environment:checking '/workspace/ros2_ws/src/install/crane_x7_examples' for CMake module files
[22.729s] DEBUG:colcon.colcon_core.event_handler.log_command:Invoked command in '/workspace/ros2_ws/src/build/crane_x7_examples' returned '0': AMENT_PREFIX_PATH=/workspace/ros2_ws/src/install/crane_x7_moveit_config:/workspace/ros2_ws/src/install/crane_x7_control:/workspace/ros2_ws/src/install/crane_x7_description:${AMENT_PREFIX_PATH} CMAKE_PREFIX_PATH=/workspace/ros2_ws/src/install/crane_x7_moveit_config:/workspace/ros2_ws/src/install/crane_x7_control:/workspace/ros2_ws/src/install/crane_x7_description:/workspace/ros2_ws/install/crane_x7:/workspace/ros2_ws/install/crane_x7_examples:/workspace/ros2_ws/install/crane_x7_moveit_config:/workspace/ros2_ws/install/crane_x7_gazebo:/workspace/ros2_ws/install/crane_x7_control:/workspace/ros2_ws/install/crane_x7_description:/opt/ros/humble LD_LIBRARY_PATH=/workspace/ros2_ws/src/install/crane_x7_control/lib:${LD_LIBRARY_PATH} PYTHONPATH=/workspace/ros2_ws/src/install/crane_x7_description/local/lib/python3.10/dist-packages:${PYTHONPATH} /usr/bin/cmake --install /workspace/ros2_ws/src/build/crane_x7_examples
[22.729s] Level 1:colcon.colcon_core.environment:checking '/workspace/ros2_ws/src/install/crane_x7_examples' for CMake config files
[22.729s] Level 1:colcon.colcon_core.shell:create_environment_hook('crane_x7_examples', 'cmake_prefix_path')
[22.729s] INFO:colcon.colcon_core.shell:Creating environment hook '/workspace/ros2_ws/src/install/crane_x7_examples/share/crane_x7_examples/hook/cmake_prefix_path.ps1'
[22.730s] INFO:colcon.colcon_core.shell:Creating environment descriptor '/workspace/ros2_ws/src/install/crane_x7_examples/share/crane_x7_examples/hook/cmake_prefix_path.dsv'
[22.730s] INFO:colcon.colcon_core.shell:Creating environment hook '/workspace/ros2_ws/src/install/crane_x7_examples/share/crane_x7_examples/hook/cmake_prefix_path.sh'
[22.730s] Level 1:colcon.colcon_core.environment:checking '/workspace/ros2_ws/src/install/crane_x7_examples/lib'
[22.730s] Level 1:colcon.colcon_core.environment:checking '/workspace/ros2_ws/src/install/crane_x7_examples/bin'
[22.730s] Level 1:colcon.colcon_core.environment:checking '/workspace/ros2_ws/src/install/crane_x7_examples/lib/pkgconfig/crane_x7_examples.pc'
[22.730s] Level 1:colcon.colcon_core.environment:checking '/workspace/ros2_ws/src/install/crane_x7_examples/lib/python3.10/site-packages'
[22.731s] Level 1:colcon.colcon_core.environment:checking '/workspace/ros2_ws/src/install/crane_x7_examples/bin'
[22.731s] INFO:colcon.colcon_core.shell:Creating package script '/workspace/ros2_ws/src/install/crane_x7_examples/share/crane_x7_examples/package.ps1'
[22.731s] INFO:colcon.colcon_core.shell:Creating package descriptor '/workspace/ros2_ws/src/install/crane_x7_examples/share/crane_x7_examples/package.dsv'
[22.732s] INFO:colcon.colcon_core.shell:Creating package script '/workspace/ros2_ws/src/install/crane_x7_examples/share/crane_x7_examples/package.sh'
[22.732s] INFO:colcon.colcon_core.shell:Creating package script '/workspace/ros2_ws/src/install/crane_x7_examples/share/crane_x7_examples/package.bash'
[22.732s] INFO:colcon.colcon_core.shell:Creating package script '/workspace/ros2_ws/src/install/crane_x7_examples/share/crane_x7_examples/package.zsh'
[22.732s] Level 1:colcon.colcon_core.environment:create_file_with_runtime_dependencies(/workspace/ros2_ws/src/install/crane_x7_examples/share/colcon-core/packages/crane_x7_examples)
[22.733s] Level 1:colcon.colcon_core.environment:create_environment_scripts_only(crane_x7_examples)
[22.733s] Level 1:colcon.colcon_core.environment:checking '/workspace/ros2_ws/src/install/crane_x7_examples' for CMake module files
[22.734s] Level 1:colcon.colcon_core.environment:checking '/workspace/ros2_ws/src/install/crane_x7_examples' for CMake config files
[22.734s] Level 1:colcon.colcon_core.shell:create_environment_hook('crane_x7_examples', 'cmake_prefix_path')
[22.734s] INFO:colcon.colcon_core.shell:Creating environment hook '/workspace/ros2_ws/src/install/crane_x7_examples/share/crane_x7_examples/hook/cmake_prefix_path.ps1'
[22.734s] INFO:colcon.colcon_core.shell:Creating environment descriptor '/workspace/ros2_ws/src/install/crane_x7_examples/share/crane_x7_examples/hook/cmake_prefix_path.dsv'
[22.735s] INFO:colcon.colcon_core.shell:Creating environment hook '/workspace/ros2_ws/src/install/crane_x7_examples/share/crane_x7_examples/hook/cmake_prefix_path.sh'
[22.735s] Level 1:colcon.colcon_core.environment:checking '/workspace/ros2_ws/src/install/crane_x7_examples/lib'
[22.735s] Level 1:colcon.colcon_core.environment:checking '/workspace/ros2_ws/src/install/crane_x7_examples/bin'
[22.736s] Level 1:colcon.colcon_core.environment:checking '/workspace/ros2_ws/src/install/crane_x7_examples/lib/pkgconfig/crane_x7_examples.pc'
[22.736s] Level 1:colcon.colcon_core.environment:checking '/workspace/ros2_ws/src/install/crane_x7_examples/lib/python3.10/site-packages'
[22.736s] Level 1:colcon.colcon_core.environment:checking '/workspace/ros2_ws/src/install/crane_x7_examples/bin'
[22.736s] INFO:colcon.colcon_core.shell:Creating package script '/workspace/ros2_ws/src/install/crane_x7_examples/share/crane_x7_examples/package.ps1'
[22.737s] INFO:colcon.colcon_core.shell:Creating package descriptor '/workspace/ros2_ws/src/install/crane_x7_examples/share/crane_x7_examples/package.dsv'
[22.737s] INFO:colcon.colcon_core.shell:Creating package script '/workspace/ros2_ws/src/install/crane_x7_examples/share/crane_x7_examples/package.sh'
[22.738s] INFO:colcon.colcon_core.shell:Creating package script '/workspace/ros2_ws/src/install/crane_x7_examples/share/crane_x7_examples/package.bash'
[22.738s] INFO:colcon.colcon_core.shell:Creating package script '/workspace/ros2_ws/src/install/crane_x7_examples/share/crane_x7_examples/package.zsh'
[22.738s] Level 1:colcon.colcon_core.environment:create_file_with_runtime_dependencies(/workspace/ros2_ws/src/install/crane_x7_examples/share/colcon-core/packages/crane_x7_examples)
[22.738s] INFO:colcon.colcon_ros.task.ament_cmake.build:Building ROS package in '/workspace/ros2_ws/src/crane_x7_ros/crane_x7' with build type 'ament_cmake'
[22.738s] INFO:colcon.colcon_cmake.task.cmake.build:Building CMake package in '/workspace/ros2_ws/src/crane_x7_ros/crane_x7'
[22.739s] INFO:colcon.colcon_core.shell:Skip shell extension 'powershell' for command environment: Not usable outside of PowerShell
[22.739s] DEBUG:colcon.colcon_core.shell:Skip shell extension 'dsv' for command environment
[22.747s] DEBUG:colcon.colcon_core.event_handler.log_command:Invoking command in '/workspace/ros2_ws/src/build/crane_x7': AMENT_PREFIX_PATH=/workspace/ros2_ws/src/install/crane_x7_examples:/workspace/ros2_ws/src/install/crane_x7_moveit_config:/workspace/ros2_ws/src/install/crane_x7_control:/workspace/ros2_ws/src/install/crane_x7_gazebo:/workspace/ros2_ws/src/install/crane_x7_description:${AMENT_PREFIX_PATH} CMAKE_PREFIX_PATH=/workspace/ros2_ws/src/install/crane_x7_examples:/workspace/ros2_ws/src/install/crane_x7_moveit_config:/workspace/ros2_ws/src/install/crane_x7_control:/workspace/ros2_ws/src/install/crane_x7_gazebo:/workspace/ros2_ws/src/install/crane_x7_description:/workspace/ros2_ws/install/crane_x7:/workspace/ros2_ws/install/crane_x7_examples:/workspace/ros2_ws/install/crane_x7_moveit_config:/workspace/ros2_ws/install/crane_x7_gazebo:/workspace/ros2_ws/install/crane_x7_control:/workspace/ros2_ws/install/crane_x7_description:/opt/ros/humble LD_LIBRARY_PATH=/workspace/ros2_ws/src/install/crane_x7_control/lib:${LD_LIBRARY_PATH} PYTHONPATH=/workspace/ros2_ws/src/install/crane_x7_description/local/lib/python3.10/dist-packages:${PYTHONPATH} /usr/bin/cmake /workspace/ros2_ws/src/crane_x7_ros/crane_x7 -DAMENT_CMAKE_SYMLINK_INSTALL=1 -DCMAKE_INSTALL_PREFIX=/workspace/ros2_ws/src/install/crane_x7
[23.222s] DEBUG:colcon.colcon_core.event_handler.log_command:Invoked command in '/workspace/ros2_ws/src/build/crane_x7' returned '0': AMENT_PREFIX_PATH=/workspace/ros2_ws/src/install/crane_x7_examples:/workspace/ros2_ws/src/install/crane_x7_moveit_config:/workspace/ros2_ws/src/install/crane_x7_control:/workspace/ros2_ws/src/install/crane_x7_gazebo:/workspace/ros2_ws/src/install/crane_x7_description:${AMENT_PREFIX_PATH} CMAKE_PREFIX_PATH=/workspace/ros2_ws/src/install/crane_x7_examples:/workspace/ros2_ws/src/install/crane_x7_moveit_config:/workspace/ros2_ws/src/install/crane_x7_control:/workspace/ros2_ws/src/install/crane_x7_gazebo:/workspace/ros2_ws/src/install/crane_x7_description:/workspace/ros2_ws/install/crane_x7:/workspace/ros2_ws/install/crane_x7_examples:/workspace/ros2_ws/install/crane_x7_moveit_config:/workspace/ros2_ws/install/crane_x7_gazebo:/workspace/ros2_ws/install/crane_x7_control:/workspace/ros2_ws/install/crane_x7_description:/opt/ros/humble LD_LIBRARY_PATH=/workspace/ros2_ws/src/install/crane_x7_control/lib:${LD_LIBRARY_PATH} PYTHONPATH=/workspace/ros2_ws/src/install/crane_x7_description/local/lib/python3.10/dist-packages:${PYTHONPATH} /usr/bin/cmake /workspace/ros2_ws/src/crane_x7_ros/crane_x7 -DAMENT_CMAKE_SYMLINK_INSTALL=1 -DCMAKE_INSTALL_PREFIX=/workspace/ros2_ws/src/install/crane_x7
[23.222s] DEBUG:colcon.colcon_core.event_handler.log_command:Invoking command in '/workspace/ros2_ws/src/build/crane_x7': AMENT_PREFIX_PATH=/workspace/ros2_ws/src/install/crane_x7_examples:/workspace/ros2_ws/src/install/crane_x7_moveit_config:/workspace/ros2_ws/src/install/crane_x7_control:/workspace/ros2_ws/src/install/crane_x7_gazebo:/workspace/ros2_ws/src/install/crane_x7_description:${AMENT_PREFIX_PATH} CMAKE_PREFIX_PATH=/workspace/ros2_ws/src/install/crane_x7_examples:/workspace/ros2_ws/src/install/crane_x7_moveit_config:/workspace/ros2_ws/src/install/crane_x7_control:/workspace/ros2_ws/src/install/crane_x7_gazebo:/workspace/ros2_ws/src/install/crane_x7_description:/workspace/ros2_ws/install/crane_x7:/workspace/ros2_ws/install/crane_x7_examples:/workspace/ros2_ws/install/crane_x7_moveit_config:/workspace/ros2_ws/install/crane_x7_gazebo:/workspace/ros2_ws/install/crane_x7_control:/workspace/ros2_ws/install/crane_x7_description:/opt/ros/humble LD_LIBRARY_PATH=/workspace/ros2_ws/src/install/crane_x7_control/lib:${LD_LIBRARY_PATH} PYTHONPATH=/workspace/ros2_ws/src/install/crane_x7_description/local/lib/python3.10/dist-packages:${PYTHONPATH} /usr/bin/cmake --build /workspace/ros2_ws/src/build/crane_x7 -- -j16 -l16
[23.241s] DEBUG:colcon.colcon_core.event_handler.log_command:Invoked command in '/workspace/ros2_ws/src/build/crane_x7' returned '0': AMENT_PREFIX_PATH=/workspace/ros2_ws/src/install/crane_x7_examples:/workspace/ros2_ws/src/install/crane_x7_moveit_config:/workspace/ros2_ws/src/install/crane_x7_control:/workspace/ros2_ws/src/install/crane_x7_gazebo:/workspace/ros2_ws/src/install/crane_x7_description:${AMENT_PREFIX_PATH} CMAKE_PREFIX_PATH=/workspace/ros2_ws/src/install/crane_x7_examples:/workspace/ros2_ws/src/install/crane_x7_moveit_config:/workspace/ros2_ws/src/install/crane_x7_control:/workspace/ros2_ws/src/install/crane_x7_gazebo:/workspace/ros2_ws/src/install/crane_x7_description:/workspace/ros2_ws/install/crane_x7:/workspace/ros2_ws/install/crane_x7_examples:/workspace/ros2_ws/install/crane_x7_moveit_config:/workspace/ros2_ws/install/crane_x7_gazebo:/workspace/ros2_ws/install/crane_x7_control:/workspace/ros2_ws/install/crane_x7_description:/opt/ros/humble LD_LIBRARY_PATH=/workspace/ros2_ws/src/install/crane_x7_control/lib:${LD_LIBRARY_PATH} PYTHONPATH=/workspace/ros2_ws/src/install/crane_x7_description/local/lib/python3.10/dist-packages:${PYTHONPATH} /usr/bin/cmake --build /workspace/ros2_ws/src/build/crane_x7 -- -j16 -l16
[23.242s] DEBUG:colcon.colcon_core.event_handler.log_command:Invoking command in '/workspace/ros2_ws/src/build/crane_x7': AMENT_PREFIX_PATH=/workspace/ros2_ws/src/install/crane_x7_examples:/workspace/ros2_ws/src/install/crane_x7_moveit_config:/workspace/ros2_ws/src/install/crane_x7_control:/workspace/ros2_ws/src/install/crane_x7_gazebo:/workspace/ros2_ws/src/install/crane_x7_description:${AMENT_PREFIX_PATH} CMAKE_PREFIX_PATH=/workspace/ros2_ws/src/install/crane_x7_examples:/workspace/ros2_ws/src/install/crane_x7_moveit_config:/workspace/ros2_ws/src/install/crane_x7_control:/workspace/ros2_ws/src/install/crane_x7_gazebo:/workspace/ros2_ws/src/install/crane_x7_description:/workspace/ros2_ws/install/crane_x7:/workspace/ros2_ws/install/crane_x7_examples:/workspace/ros2_ws/install/crane_x7_moveit_config:/workspace/ros2_ws/install/crane_x7_gazebo:/workspace/ros2_ws/install/crane_x7_control:/workspace/ros2_ws/install/crane_x7_description:/opt/ros/humble LD_LIBRARY_PATH=/workspace/ros2_ws/src/install/crane_x7_control/lib:${LD_LIBRARY_PATH} PYTHONPATH=/workspace/ros2_ws/src/install/crane_x7_description/local/lib/python3.10/dist-packages:${PYTHONPATH} /usr/bin/cmake --install /workspace/ros2_ws/src/build/crane_x7
[23.391s] Level 1:colcon.colcon_core.environment:create_environment_scripts_only(crane_x7)
[23.392s] Level 1:colcon.colcon_core.environment:checking '/workspace/ros2_ws/src/install/crane_x7' for CMake module files
[23.392s] DEBUG:colcon.colcon_core.event_handler.log_command:Invoked command in '/workspace/ros2_ws/src/build/crane_x7' returned '0': AMENT_PREFIX_PATH=/workspace/ros2_ws/src/install/crane_x7_examples:/workspace/ros2_ws/src/install/crane_x7_moveit_config:/workspace/ros2_ws/src/install/crane_x7_control:/workspace/ros2_ws/src/install/crane_x7_gazebo:/workspace/ros2_ws/src/install/crane_x7_description:${AMENT_PREFIX_PATH} CMAKE_PREFIX_PATH=/workspace/ros2_ws/src/install/crane_x7_examples:/workspace/ros2_ws/src/install/crane_x7_moveit_config:/workspace/ros2_ws/src/install/crane_x7_control:/workspace/ros2_ws/src/install/crane_x7_gazebo:/workspace/ros2_ws/src/install/crane_x7_description:/workspace/ros2_ws/install/crane_x7:/workspace/ros2_ws/install/crane_x7_examples:/workspace/ros2_ws/install/crane_x7_moveit_config:/workspace/ros2_ws/install/crane_x7_gazebo:/workspace/ros2_ws/install/crane_x7_control:/workspace/ros2_ws/install/crane_x7_description:/opt/ros/humble LD_LIBRARY_PATH=/workspace/ros2_ws/src/install/crane_x7_control/lib:${LD_LIBRARY_PATH} PYTHONPATH=/workspace/ros2_ws/src/install/crane_x7_description/local/lib/python3.10/dist-packages:${PYTHONPATH} /usr/bin/cmake --install /workspace/ros2_ws/src/build/crane_x7
[23.392s] Level 1:colcon.colcon_core.environment:checking '/workspace/ros2_ws/src/install/crane_x7' for CMake config files
[23.393s] Level 1:colcon.colcon_core.shell:create_environment_hook('crane_x7', 'cmake_prefix_path')
[23.393s] INFO:colcon.colcon_core.shell:Creating environment hook '/workspace/ros2_ws/src/install/crane_x7/share/crane_x7/hook/cmake_prefix_path.ps1'
[23.393s] INFO:colcon.colcon_core.shell:Creating environment descriptor '/workspace/ros2_ws/src/install/crane_x7/share/crane_x7/hook/cmake_prefix_path.dsv'
[23.394s] INFO:colcon.colcon_core.shell:Creating environment hook '/workspace/ros2_ws/src/install/crane_x7/share/crane_x7/hook/cmake_prefix_path.sh'
[23.394s] Level 1:colcon.colcon_core.environment:checking '/workspace/ros2_ws/src/install/crane_x7/bin'
[23.394s] Level 1:colcon.colcon_core.environment:checking '/workspace/ros2_ws/src/install/crane_x7/lib/pkgconfig/crane_x7.pc'
[23.395s] Level 1:colcon.colcon_core.environment:checking '/workspace/ros2_ws/src/install/crane_x7/lib/python3.10/site-packages'
[23.395s] Level 1:colcon.colcon_core.environment:checking '/workspace/ros2_ws/src/install/crane_x7/bin'
[23.395s] INFO:colcon.colcon_core.shell:Creating package script '/workspace/ros2_ws/src/install/crane_x7/share/crane_x7/package.ps1'
[23.396s] INFO:colcon.colcon_core.shell:Creating package descriptor '/workspace/ros2_ws/src/install/crane_x7/share/crane_x7/package.dsv'
[23.396s] INFO:colcon.colcon_core.shell:Creating package script '/workspace/ros2_ws/src/install/crane_x7/share/crane_x7/package.sh'
[23.397s] INFO:colcon.colcon_core.shell:Creating package script '/workspace/ros2_ws/src/install/crane_x7/share/crane_x7/package.bash'
[23.397s] INFO:colcon.colcon_core.shell:Creating package script '/workspace/ros2_ws/src/install/crane_x7/share/crane_x7/package.zsh'
[23.397s] Level 1:colcon.colcon_core.environment:create_file_with_runtime_dependencies(/workspace/ros2_ws/src/install/crane_x7/share/colcon-core/packages/crane_x7)
[23.398s] Level 1:colcon.colcon_core.environment:create_environment_scripts_only(crane_x7)
[23.398s] Level 1:colcon.colcon_core.environment:checking '/workspace/ros2_ws/src/install/crane_x7' for CMake module files
[23.399s] Level 1:colcon.colcon_core.environment:checking '/workspace/ros2_ws/src/install/crane_x7' for CMake config files
[23.399s] Level 1:colcon.colcon_core.shell:create_environment_hook('crane_x7', 'cmake_prefix_path')
[23.399s] INFO:colcon.colcon_core.shell:Creating environment hook '/workspace/ros2_ws/src/install/crane_x7/share/crane_x7/hook/cmake_prefix_path.ps1'
[23.399s] INFO:colcon.colcon_core.shell:Creating environment descriptor '/workspace/ros2_ws/src/install/crane_x7/share/crane_x7/hook/cmake_prefix_path.dsv'
[23.400s] INFO:colcon.colcon_core.shell:Creating environment hook '/workspace/ros2_ws/src/install/crane_x7/share/crane_x7/hook/cmake_prefix_path.sh'
[23.400s] Level 1:colcon.colcon_core.environment:checking '/workspace/ros2_ws/src/install/crane_x7/bin'
[23.400s] Level 1:colcon.colcon_core.environment:checking '/workspace/ros2_ws/src/install/crane_x7/lib/pkgconfig/crane_x7.pc'
[23.400s] Level 1:colcon.colcon_core.environment:checking '/workspace/ros2_ws/src/install/crane_x7/lib/python3.10/site-packages'
[23.400s] Level 1:colcon.colcon_core.environment:checking '/workspace/ros2_ws/src/install/crane_x7/bin'
[23.401s] INFO:colcon.colcon_core.shell:Creating package script '/workspace/ros2_ws/src/install/crane_x7/share/crane_x7/package.ps1'
[23.401s] INFO:colcon.colcon_core.shell:Creating package descriptor '/workspace/ros2_ws/src/install/crane_x7/share/crane_x7/package.dsv'
[23.401s] INFO:colcon.colcon_core.shell:Creating package script '/workspace/ros2_ws/src/install/crane_x7/share/crane_x7/package.sh'
[23.402s] INFO:colcon.colcon_core.shell:Creating package script '/workspace/ros2_ws/src/install/crane_x7/share/crane_x7/package.bash'
[23.402s] INFO:colcon.colcon_core.shell:Creating package script '/workspace/ros2_ws/src/install/crane_x7/share/crane_x7/package.zsh'
[23.403s] Level 1:colcon.colcon_core.environment:create_file_with_runtime_dependencies(/workspace/ros2_ws/src/install/crane_x7/share/colcon-core/packages/crane_x7)
[23.403s] DEBUG:colcon.colcon_parallel_executor.executor.parallel:closing loop
[23.403s] DEBUG:colcon.colcon_parallel_executor.executor.parallel:loop closed
[23.403s] DEBUG:colcon.colcon_parallel_executor.executor.parallel:run_until_complete finished with '0'
[23.403s] DEBUG:colcon.colcon_core.event_reactor:joining thread
[23.413s] INFO:colcon.colcon_core.plugin_system:Skipping extension 'colcon_notification.desktop_notification.notify_send': Could not find 'notify-send'
[23.413s] INFO:colcon.colcon_core.plugin_system:Skipping extension 'colcon_notification.desktop_notification.terminal_notifier': Not used on non-Darwin systems
[23.413s] INFO:colcon.colcon_core.plugin_system:Skipping extension 'colcon_notification.desktop_notification.win32': Not used on non-Windows systems
[23.413s] INFO:colcon.colcon_notification.desktop_notification:Sending desktop notification using 'notify2'
[23.415s] DEBUG:colcon.colcon_notification.desktop_notification.notify2:Failed to initialize notify2: org.freedesktop.DBus.Error.Spawn.ExecFailed: /usr/bin/dbus-launch terminated abnormally without any error message
[23.415s] DEBUG:colcon.colcon_core.event_reactor:joined thread
[23.415s] INFO:colcon.colcon_core.shell:Creating prefix script '/workspace/ros2_ws/src/install/local_setup.ps1'
[23.416s] INFO:colcon.colcon_core.shell:Creating prefix util module '/workspace/ros2_ws/src/install/_local_setup_util_ps1.py'
[23.417s] INFO:colcon.colcon_core.shell:Creating prefix chain script '/workspace/ros2_ws/src/install/setup.ps1'
[23.417s] INFO:colcon.colcon_core.shell:Creating prefix script '/workspace/ros2_ws/src/install/local_setup.sh'
[23.418s] INFO:colcon.colcon_core.shell:Creating prefix util module '/workspace/ros2_ws/src/install/_local_setup_util_sh.py'
[23.418s] INFO:colcon.colcon_core.shell:Creating prefix chain script '/workspace/ros2_ws/src/install/setup.sh'
[23.419s] INFO:colcon.colcon_core.shell:Creating prefix script '/workspace/ros2_ws/src/install/local_setup.bash'
[23.419s] INFO:colcon.colcon_core.shell:Creating prefix chain script '/workspace/ros2_ws/src/install/setup.bash'
[23.420s] INFO:colcon.colcon_core.shell:Creating prefix script '/workspace/ros2_ws/src/install/local_setup.zsh'
[23.420s] INFO:colcon.colcon_core.shell:Creating prefix chain script '/workspace/ros2_ws/src/install/setup.zsh'
