[0.056s] Invoking command in '/workspace/ros2_ws/build/move_arm_hockey': CMAKE_PREFIX_PATH=/workspace/ros2_ws/install/crane_x7_moveit_config:/workspace/ros2_ws/install/crane_x7_control:/workspace/ros2_ws/install/crane_x7_description:/workspace/ros2_ws/install/move_arm_hockey:/workspace/ros2_ws/install/crane_x7:/workspace/ros2_ws/install/crane_x7_examples:/workspace/ros2_ws/install/crane_x7_gazebo:/opt/ros/humble /usr/bin/cmake --build /workspace/ros2_ws/build/move_arm_hockey -- -j16 -l16
[0.199s] [100%] Built target move_arm_by_motor
[0.278s] [100%] Built target ament_cmake_python_copy_python
[1.092s] running egg_info
[1.093s] writing python.egg-info/PKG-INFO
[1.094s] writing dependency_links to python.egg-info/dependency_links.txt
[1.094s] writing top-level names to python.egg-info/top_level.txt
[1.101s] reading manifest file 'python.egg-info/SOURCES.txt'
[1.102s] writing manifest file 'python.egg-info/SOURCES.txt'
[1.182s] [100%] Built target ament_cmake_python_build_python_egg
[1.216s] Invoked command in '/workspace/ros2_ws/build/move_arm_hockey' returned '0': CMAKE_PREFIX_PATH=/workspace/ros2_ws/install/crane_x7_moveit_config:/workspace/ros2_ws/install/crane_x7_control:/workspace/ros2_ws/install/crane_x7_description:/workspace/ros2_ws/install/move_arm_hockey:/workspace/ros2_ws/install/crane_x7:/workspace/ros2_ws/install/crane_x7_examples:/workspace/ros2_ws/install/crane_x7_gazebo:/opt/ros/humble /usr/bin/cmake --build /workspace/ros2_ws/build/move_arm_hockey -- -j16 -l16
[1.249s] Invoking command in '/workspace/ros2_ws/build/move_arm_hockey': CMAKE_PREFIX_PATH=/workspace/ros2_ws/install/crane_x7_moveit_config:/workspace/ros2_ws/install/crane_x7_control:/workspace/ros2_ws/install/crane_x7_description:/workspace/ros2_ws/install/move_arm_hockey:/workspace/ros2_ws/install/crane_x7:/workspace/ros2_ws/install/crane_x7_examples:/workspace/ros2_ws/install/crane_x7_gazebo:/opt/ros/humble /usr/bin/cmake --install /workspace/ros2_ws/build/move_arm_hockey
[1.271s] -- Install configuration: ""
[1.271s] -- Up-to-date: /workspace/ros2_ws/install/move_arm_hockey/lib/move_arm_hockey/move_arm_by_motor
[1.273s] -- Installing: /workspace/ros2_ws/install/move_arm_hockey/lib/move_arm_hockey/inference.py
[1.273s] -- Up-to-date: /workspace/ros2_ws/install/move_arm_hockey/share/move_arm_hockey/environment/pythonpath.sh
[1.274s] -- Up-to-date: /workspace/ros2_ws/install/move_arm_hockey/share/move_arm_hockey/environment/pythonpath.dsv
[1.275s] -- Up-to-date: /workspace/ros2_ws/install/move_arm_hockey/local/lib/python3.10/dist-packages/python-4.4.0-py3.10.egg-info
[1.275s] -- Installing: /workspace/ros2_ws/install/move_arm_hockey/local/lib/python3.10/dist-packages/python-4.4.0-py3.10.egg-info/dependency_links.txt
[1.275s] -- Installing: /workspace/ros2_ws/install/move_arm_hockey/local/lib/python3.10/dist-packages/python-4.4.0-py3.10.egg-info/PKG-INFO
[1.275s] -- Installing: /workspace/ros2_ws/install/move_arm_hockey/local/lib/python3.10/dist-packages/python-4.4.0-py3.10.egg-info/top_level.txt
[1.276s] -- Installing: /workspace/ros2_ws/install/move_arm_hockey/local/lib/python3.10/dist-packages/python-4.4.0-py3.10.egg-info/SOURCES.txt
[1.276s] -- Up-to-date: /workspace/ros2_ws/install/move_arm_hockey/local/lib/python3.10/dist-packages/python
[1.276s] -- Up-to-date: /workspace/ros2_ws/install/move_arm_hockey/local/lib/python3.10/dist-packages/python/__init__.py
[1.277s] -- Up-to-date: /workspace/ros2_ws/install/move_arm_hockey/local/lib/python3.10/dist-packages/python/move_arm_hockey
[1.277s] -- Up-to-date: /workspace/ros2_ws/install/move_arm_hockey/local/lib/python3.10/dist-packages/python/move_arm_hockey/__init__.py
[1.278s] -- Up-to-date: /workspace/ros2_ws/install/move_arm_hockey/local/lib/python3.10/dist-packages/python/move_arm_hockey/ik.py
[1.384s] Listing '/workspace/ros2_ws/install/move_arm_hockey/local/lib/python3.10/dist-packages/python'...
[1.384s] Listing '/workspace/ros2_ws/install/move_arm_hockey/local/lib/python3.10/dist-packages/python/move_arm_hockey'...
[1.395s] -- Up-to-date: /workspace/ros2_ws/install/move_arm_hockey/share/ament_index/resource_index/package_run_dependencies/move_arm_hockey
[1.396s] -- Up-to-date: /workspace/ros2_ws/install/move_arm_hockey/share/ament_index/resource_index/parent_prefix_path/move_arm_hockey
[1.396s] -- Up-to-date: /workspace/ros2_ws/install/move_arm_hockey/share/move_arm_hockey/environment/ament_prefix_path.sh
[1.396s] -- Up-to-date: /workspace/ros2_ws/install/move_arm_hockey/share/move_arm_hockey/environment/ament_prefix_path.dsv
[1.396s] -- Up-to-date: /workspace/ros2_ws/install/move_arm_hockey/share/move_arm_hockey/environment/path.sh
[1.396s] -- Up-to-date: /workspace/ros2_ws/install/move_arm_hockey/share/move_arm_hockey/environment/path.dsv
[1.397s] -- Up-to-date: /workspace/ros2_ws/install/move_arm_hockey/share/move_arm_hockey/local_setup.bash
[1.397s] -- Up-to-date: /workspace/ros2_ws/install/move_arm_hockey/share/move_arm_hockey/local_setup.sh
[1.397s] -- Up-to-date: /workspace/ros2_ws/install/move_arm_hockey/share/move_arm_hockey/local_setup.zsh
[1.397s] -- Up-to-date: /workspace/ros2_ws/install/move_arm_hockey/share/move_arm_hockey/local_setup.dsv
[1.397s] -- Installing: /workspace/ros2_ws/install/move_arm_hockey/share/move_arm_hockey/package.dsv
[1.406s] -- Up-to-date: /workspace/ros2_ws/install/move_arm_hockey/share/ament_index/resource_index/packages/move_arm_hockey
[1.411s] -- Up-to-date: /workspace/ros2_ws/install/move_arm_hockey/share/move_arm_hockey/cmake/move_arm_hockeyConfig.cmake
[1.411s] -- Up-to-date: /workspace/ros2_ws/install/move_arm_hockey/share/move_arm_hockey/cmake/move_arm_hockeyConfig-version.cmake
[1.412s] -- Up-to-date: /workspace/ros2_ws/install/move_arm_hockey/share/move_arm_hockey/package.xml
[1.412s] Invoked command in '/workspace/ros2_ws/build/move_arm_hockey' returned '0': CMAKE_PREFIX_PATH=/workspace/ros2_ws/install/crane_x7_moveit_config:/workspace/ros2_ws/install/crane_x7_control:/workspace/ros2_ws/install/crane_x7_description:/workspace/ros2_ws/install/move_arm_hockey:/workspace/ros2_ws/install/crane_x7:/workspace/ros2_ws/install/crane_x7_examples:/workspace/ros2_ws/install/crane_x7_gazebo:/opt/ros/humble /usr/bin/cmake --install /workspace/ros2_ws/build/move_arm_hockey
