[0.052s] Invoking command in '/workspace/ros2_ws/build/crane_x7_gazebo': CMAKE_PREFIX_PATH=${CMAKE_PREFIX_PATH}:/opt/ros/humble:/workspace/ros2_camera_ws/install/puck_detection /usr/bin/cmake /workspace/ros2_ws/src/crane_x7_ros/crane_x7_gazebo -DCMAKE_INSTALL_PREFIX=/workspace/ros2_ws/install/crane_x7_gazebo
[0.245s] -- The C compiler identification is GNU 11.4.0
[0.421s] -- The CXX compiler identification is GNU 11.4.0
[0.442s] -- Detecting C compiler ABI info
[0.660s] -- Detecting C compiler ABI info - done
[0.699s] -- Check for working C compiler: /usr/bin/cc - skipped
[0.700s] -- Detecting C compile features
[0.702s] -- Detecting C compile features - done
[0.711s] -- Detecting CXX compiler ABI info
[0.961s] -- Detecting CXX compiler ABI info - done
[0.993s] -- Check for working CXX compiler: /usr/bin/c++ - skipped
[0.994s] -- Detecting CXX compile features
[0.996s] -- Detecting CXX compile features - done
[1.005s] -- Found ament_cmake: 1.3.11 (/opt/ros/humble/share/ament_cmake/cmake)
[1.555s] -- Found Python3: /usr/bin/python3 (found version "3.10.12") found components: Interpreter 
[1.940s] -- Found ament_lint_auto: 0.12.12 (/opt/ros/humble/share/ament_lint_auto/cmake)
[2.260s] -- Added test 'copyright' to check source files copyright and LICENSE
[2.265s] -- Added test 'flake8' to check Python code syntax and style conventions
[2.266s] -- Added test 'lint_cmake' to check CMake code style
[2.268s] -- Added test 'pep257' to check Python code against some of the docstring style conventions in PEP 257
[2.270s] -- Added test 'xmllint' to check XML markup files
[2.273s] -- Configuring done
[2.282s] -- Generating done
[2.288s] -- Build files have been written to: /workspace/ros2_ws/build/crane_x7_gazebo
[2.305s] Invoked command in '/workspace/ros2_ws/build/crane_x7_gazebo' returned '0': CMAKE_PREFIX_PATH=${CMAKE_PREFIX_PATH}:/opt/ros/humble:/workspace/ros2_camera_ws/install/puck_detection /usr/bin/cmake /workspace/ros2_ws/src/crane_x7_ros/crane_x7_gazebo -DCMAKE_INSTALL_PREFIX=/workspace/ros2_ws/install/crane_x7_gazebo
[2.306s] Invoking command in '/workspace/ros2_ws/build/crane_x7_gazebo': CMAKE_PREFIX_PATH=${CMAKE_PREFIX_PATH}:/opt/ros/humble:/workspace/ros2_camera_ws/install/puck_detection /usr/bin/cmake --build /workspace/ros2_ws/build/crane_x7_gazebo -- -j16 -l16
[2.417s] Invoked command in '/workspace/ros2_ws/build/crane_x7_gazebo' returned '0': CMAKE_PREFIX_PATH=${CMAKE_PREFIX_PATH}:/opt/ros/humble:/workspace/ros2_camera_ws/install/puck_detection /usr/bin/cmake --build /workspace/ros2_ws/build/crane_x7_gazebo -- -j16 -l16
[2.448s] Invoking command in '/workspace/ros2_ws/build/crane_x7_gazebo': CMAKE_PREFIX_PATH=${CMAKE_PREFIX_PATH}:/opt/ros/humble:/workspace/ros2_camera_ws/install/puck_detection /usr/bin/cmake --install /workspace/ros2_ws/build/crane_x7_gazebo
[2.467s] -- Install configuration: ""
[2.467s] -- Installing: /workspace/ros2_ws/install/crane_x7_gazebo/share/crane_x7_gazebo//launch
[2.468s] -- Installing: /workspace/ros2_ws/install/crane_x7_gazebo/share/crane_x7_gazebo//launch/crane_x7_with_table.launch.py
[2.468s] -- Installing: /workspace/ros2_ws/install/crane_x7_gazebo/share/crane_x7_gazebo//worlds
[2.468s] -- Installing: /workspace/ros2_ws/install/crane_x7_gazebo/share/crane_x7_gazebo//worlds/table.sdf
[2.469s] -- Installing: /workspace/ros2_ws/install/crane_x7_gazebo/share/crane_x7_gazebo//gui
[2.469s] -- Installing: /workspace/ros2_ws/install/crane_x7_gazebo/share/crane_x7_gazebo//gui/gui.config
[2.469s] -- Installing: /workspace/ros2_ws/install/crane_x7_gazebo/share/ament_index/resource_index/package_run_dependencies/crane_x7_gazebo
[2.470s] -- Installing: /workspace/ros2_ws/install/crane_x7_gazebo/share/ament_index/resource_index/parent_prefix_path/crane_x7_gazebo
[2.470s] -- Installing: /workspace/ros2_ws/install/crane_x7_gazebo/share/crane_x7_gazebo/environment/ament_prefix_path.sh
[2.471s] -- Installing: /workspace/ros2_ws/install/crane_x7_gazebo/share/crane_x7_gazebo/environment/ament_prefix_path.dsv
[2.471s] -- Installing: /workspace/ros2_ws/install/crane_x7_gazebo/share/crane_x7_gazebo/environment/path.sh
[2.471s] -- Installing: /workspace/ros2_ws/install/crane_x7_gazebo/share/crane_x7_gazebo/environment/path.dsv
[2.472s] -- Installing: /workspace/ros2_ws/install/crane_x7_gazebo/share/crane_x7_gazebo/local_setup.bash
[2.472s] -- Installing: /workspace/ros2_ws/install/crane_x7_gazebo/share/crane_x7_gazebo/local_setup.sh
[2.472s] -- Installing: /workspace/ros2_ws/install/crane_x7_gazebo/share/crane_x7_gazebo/local_setup.zsh
[2.473s] -- Installing: /workspace/ros2_ws/install/crane_x7_gazebo/share/crane_x7_gazebo/local_setup.dsv
[2.473s] -- Installing: /workspace/ros2_ws/install/crane_x7_gazebo/share/crane_x7_gazebo/package.dsv
[2.474s] -- Installing: /workspace/ros2_ws/install/crane_x7_gazebo/share/ament_index/resource_index/packages/crane_x7_gazebo
[2.474s] -- Installing: /workspace/ros2_ws/install/crane_x7_gazebo/share/crane_x7_gazebo/cmake/crane_x7_gazeboConfig.cmake
[2.475s] -- Installing: /workspace/ros2_ws/install/crane_x7_gazebo/share/crane_x7_gazebo/cmake/crane_x7_gazeboConfig-version.cmake
[2.475s] -- Installing: /workspace/ros2_ws/install/crane_x7_gazebo/share/crane_x7_gazebo/package.xml
[2.481s] Invoked command in '/workspace/ros2_ws/build/crane_x7_gazebo' returned '0': CMAKE_PREFIX_PATH=${CMAKE_PREFIX_PATH}:/opt/ros/humble:/workspace/ros2_camera_ws/install/puck_detection /usr/bin/cmake --install /workspace/ros2_ws/build/crane_x7_gazebo
