-- The C compiler identification is GNU 11.4.0
-- The CXX compiler identification is GNU 11.4.0
-- Detecting C compiler ABI info
-- Detecting C compiler ABI info - done
-- Check for working C compiler: /usr/bin/cc - skipped
-- Detecting C compile features
-- Detecting C compile features - done
-- Detecting CXX compiler ABI info
-- Detecting CXX compiler ABI info - done
-- Check for working CXX compiler: /usr/bin/c++ - skipped
-- Detecting CXX compile features
-- Detecting CXX compile features - done
-- Found ament_cmake: 1.3.11 (/opt/ros/humble/share/ament_cmake/cmake)
-- Found Python3: /usr/bin/python3 (found version "3.10.12") found components: Interpreter 
-- Found cv_bridge: 3.2.1 (/opt/ros/humble/share/cv_bridge/cmake)
-- Found rosidl_generator_c: 3.1.6 (/opt/ros/humble/share/rosidl_generator_c/cmake)
-- Found rosidl_adapter: 3.1.6 (/opt/ros/humble/share/rosidl_adapter/cmake)
-- Found rosidl_generator_cpp: 3.1.6 (/opt/ros/humble/share/rosidl_generator_cpp/cmake)
-- Using all available rosidl_typesupport_c: rosidl_typesupport_fastrtps_c;rosidl_typesupport_introspection_c
-- Using all available rosidl_typesupport_cpp: rosidl_typesupport_fastrtps_cpp;rosidl_typesupport_introspection_cpp
-- Found image_geometry: 3.2.1 (/opt/ros/humble/share/image_geometry/cmake)
-- Found moveit_ros_planning_interface: 2.5.9 (/opt/ros/humble/share/moveit_ros_planning_interface/cmake)
-- Found Boost: /usr/lib/x86_64-linux-gnu/cmake/Boost-1.74.0/BoostConfig.cmake (found version "1.74.0") found components: date_time filesystem program_options system thread 
-- Found Boost: /usr/lib/x86_64-linux-gnu/cmake/Boost-1.74.0/BoostConfig.cmake (found version "1.74.0") found components: chrono date_time filesystem iostreams program_options regex serialization system thread 
-- Found parameter_traits: 0.5.0 (/opt/ros/humble/share/parameter_traits/cmake)
-- Found rmw_implementation_cmake: 6.1.2 (/opt/ros/humble/share/rmw_implementation_cmake/cmake)
-- Found rmw_fastrtps_cpp: 6.2.7 (/opt/ros/humble/share/rmw_fastrtps_cpp/cmake)
-- Found OpenSSL: /usr/lib/x86_64-linux-gnu/libcrypto.so (found version "3.0.2")  
-- Found FastRTPS: /opt/ros/humble/include  
-- Using RMW implementation 'rmw_fastrtps_cpp' as default
-- Found Threads: TRUE  
-- Found rclcpp_lifecycle: 16.0.12 (/opt/ros/humble/share/rclcpp_lifecycle/cmake)
-- Found Boost: /usr/lib/x86_64-linux-gnu/cmake/Boost-1.74.0/BoostConfig.cmake (found version "1.74.0") found components: filesystem 
-- library: /usr/lib/x86_64-linux-gnu/libcurl.so
-- Found Eigen3: TRUE (found version "3.4.0") 
-- Ensuring Eigen3 include directory is part of orocos-kdl CMake target
-- Found Boost: /usr/lib/x86_64-linux-gnu/cmake/Boost-1.74.0/BoostConfig.cmake (found version "1.74.0") found components: system filesystem date_time program_options thread chrono 
-- Found Boost: /usr/lib/x86_64-linux-gnu/cmake/Boost-1.74.0/BoostConfig.cmake (found version "1.74.0") found components: thread system filesystem regex date_time program_options 
-- Found Boost: /usr/lib/x86_64-linux-gnu/cmake/Boost-1.74.0/BoostConfig.cmake (found version "1.74.0") found components: system filesystem date_time program_options thread 
-- Found OpenCV: /usr (found version "4.5.4") found components: core 
-- Found pcl_conversions: 2.4.5 (/opt/ros/humble/share/pcl_conversions/cmake)
-- Checking for module 'eigen3'
--   Found eigen3, version 3.4.0
-- Found Eigen: /usr/include/eigen3 (Required is at least version "3.1") 
-- Eigen found (include: /usr/include/eigen3, version: 3.4.0)
-- Checking for module 'flann'
--   Found flann, version 1.9.1
-- Found FLANN: /usr/lib/x86_64-linux-gnu/libflann_cpp.so  
-- FLANN found (include: /usr/include, lib: /usr/lib/x86_64-linux-gnu/libflann_cpp.so)
-- Checking for module 'libusb-1.0'
--   Found libusb-1.0, version 1.0.25
-- Found libusb: /usr/lib/x86_64-linux-gnu/libusb-1.0.so  
-- OpenNI found (version: 1.5.4.0, include: /usr/include/ni, lib: /usr/lib/libOpenNI.so;libusb::libusb)
-- OpenNI2 found (version: 2.2.0.33, include: /usr/include/openni2, lib: /usr/lib/x86_64-linux-gnu/libOpenNI2.so;libusb::libusb)
-- Eigen found (include: /usr/include/eigen3, version: 3.4.0)
-- OpenNI found (version: 1.5.4.0, include: /usr/include/ni, lib: /usr/lib/libOpenNI.so;libusb::libusb)
-- OpenNI2 found (version: 2.2.0.33, include: /usr/include/openni2, lib: /usr/lib/x86_64-linux-gnu/libOpenNI2.so;libusb::libusb)
-- Found Qhull version 8.0.2
-- OpenNI found (version: 1.5.4.0, include: /usr/include/ni, lib: /usr/lib/libOpenNI.so;libusb::libusb)
-- Found PCL_COMMON: /usr/lib/x86_64-linux-gnu/libpcl_common.so  
-- Found PCL_KDTREE: /usr/lib/x86_64-linux-gnu/libpcl_kdtree.so  
-- Found PCL_OCTREE: /usr/lib/x86_64-linux-gnu/libpcl_octree.so  
-- Found PCL_SEARCH: /usr/lib/x86_64-linux-gnu/libpcl_search.so  
-- Found PCL_SAMPLE_CONSENSUS: /usr/lib/x86_64-linux-gnu/libpcl_sample_consensus.so  
-- Found PCL_FILTERS: /usr/lib/x86_64-linux-gnu/libpcl_filters.so  
-- Found PCL_2D: /usr/include/pcl-1.12  
-- Found PCL_GEOMETRY: /usr/include/pcl-1.12  
-- Found PCL_IO: /usr/lib/x86_64-linux-gnu/libpcl_io.so  
-- Found PCL_FEATURES: /usr/lib/x86_64-linux-gnu/libpcl_features.so  
-- Found PCL_ML: /usr/lib/x86_64-linux-gnu/libpcl_ml.so  
-- Found PCL_SEGMENTATION: /usr/lib/x86_64-linux-gnu/libpcl_segmentation.so  
-- Found PCL_VISUALIZATION: /usr/lib/x86_64-linux-gnu/libpcl_visualization.so  
-- Found PCL_SURFACE: /usr/lib/x86_64-linux-gnu/libpcl_surface.so  
-- Found PCL_REGISTRATION: /usr/lib/x86_64-linux-gnu/libpcl_registration.so  
-- Found PCL_KEYPOINTS: /usr/lib/x86_64-linux-gnu/libpcl_keypoints.so  
-- Found PCL_TRACKING: /usr/lib/x86_64-linux-gnu/libpcl_tracking.so  
-- Found PCL_RECOGNITION: /usr/lib/x86_64-linux-gnu/libpcl_recognition.so  
-- Found PCL_STEREO: /usr/lib/x86_64-linux-gnu/libpcl_stereo.so  
-- Found PCL_APPS: /usr/lib/x86_64-linux-gnu/libpcl_apps.so  
-- Found PCL_IN_HAND_SCANNER: /usr/include/pcl-1.12  
-- Found PCL_MODELER: /usr/include/pcl-1.12  
-- Found PCL_POINT_CLOUD_EDITOR: /usr/include/pcl-1.12  
-- Found PCL_OUTOFCORE: /usr/lib/x86_64-linux-gnu/libpcl_outofcore.so  
-- Found PCL_PEOPLE: /usr/lib/x86_64-linux-gnu/libpcl_people.so  
-- Found pcl_ros: 2.4.5 (/opt/ros/humble/share/pcl_ros/cmake)
-- Found ament_lint_auto: 0.12.12 (/opt/ros/humble/share/ament_lint_auto/cmake)
-- Added test 'copyright' to check source files copyright and LICENSE
-- Added test 'cppcheck' to perform static code analysis on C / C++ code
-- Configured cppcheck include dirs: 
-- Configured cppcheck exclude dirs and/or files: 
-- Added test 'cpplint' to check C / C++ code against the Google style
-- Configured cpplint exclude dirs and/or files: 
-- Added test 'flake8' to check Python code syntax and style conventions
-- Added test 'lint_cmake' to check CMake code style
-- Added test 'pep257' to check Python code against some of the docstring style conventions in PEP 257
-- Added test 'uncrustify' to check C / C++ code style
-- Configured uncrustify additional arguments: 
-- Added test 'xmllint' to check XML markup files
-- Configuring done
-- Generating done
-- Build files have been written to: /workspace/ros2_ws/build/crane_x7_examples
[  5%] [32mBuilding CXX object CMakeFiles/gripper_control.dir/src/gripper_control.cpp.o[0m
[ 11%] [32mBuilding CXX object CMakeFiles/cartesian_path.dir/src/cartesian_path.cpp.o[0m
[ 16%] [32mBuilding CXX object CMakeFiles/pose_groupstate.dir/src/pose_groupstate.cpp.o[0m
[ 22%] [32mBuilding CXX object CMakeFiles/pick_and_place.dir/src/pick_and_place.cpp.o[0m
[ 27%] [32mBuilding CXX object CMakeFiles/joint_values.dir/src/joint_values.cpp.o[0m
[ 33%] [32mBuilding CXX object CMakeFiles/point_cloud_detection.dir/src/point_cloud_detection.cpp.o[0m
[ 38%] [32mBuilding CXX object CMakeFiles/aruco_detection.dir/src/aruco_detection.cpp.o[0m
[ 44%] [32mBuilding CXX object CMakeFiles/color_detection.dir/src/color_detection.cpp.o[0m
[ 50%] [32mBuilding CXX object CMakeFiles/pick_and_place_tf.dir/src/pick_and_place_tf.cpp.o[0m
[ 55%] [32m[1mLinking CXX executable gripper_control[0m
[ 61%] [32m[1mLinking CXX executable joint_values[0m
[ 66%] [32m[1mLinking CXX executable pose_groupstate[0m
[ 72%] [32m[1mLinking CXX executable pick_and_place[0m
[ 77%] [32m[1mLinking CXX executable cartesian_path[0m
[ 83%] [32m[1mLinking CXX executable pick_and_place_tf[0m
[ 83%] Built target pose_groupstate
[ 83%] Built target gripper_control
[ 83%] Built target joint_values
[ 83%] Built target pick_and_place
[ 83%] Built target cartesian_path
[ 83%] Built target pick_and_place_tf
[ 88%] [32m[1mLinking CXX executable aruco_detection[0m
[ 94%] [32m[1mLinking CXX executable color_detection[0m
[ 94%] Built target aruco_detection
[ 94%] Built target color_detection
[100%] [32m[1mLinking CXX executable point_cloud_detection[0m
[100%] Built target point_cloud_detection
-- Install configuration: ""
-- Installing: /workspace/ros2_ws/install/crane_x7_examples/lib/crane_x7_examples/gripper_control
-- Set runtime path of "/workspace/ros2_ws/install/crane_x7_examples/lib/crane_x7_examples/gripper_control" to ""
-- Installing: /workspace/ros2_ws/install/crane_x7_examples/lib/crane_x7_examples/cartesian_path
-- Set runtime path of "/workspace/ros2_ws/install/crane_x7_examples/lib/crane_x7_examples/cartesian_path" to ""
-- Installing: /workspace/ros2_ws/install/crane_x7_examples/lib/crane_x7_examples/pose_groupstate
-- Set runtime path of "/workspace/ros2_ws/install/crane_x7_examples/lib/crane_x7_examples/pose_groupstate" to ""
-- Installing: /workspace/ros2_ws/install/crane_x7_examples/lib/crane_x7_examples/joint_values
-- Set runtime path of "/workspace/ros2_ws/install/crane_x7_examples/lib/crane_x7_examples/joint_values" to ""
-- Installing: /workspace/ros2_ws/install/crane_x7_examples/lib/crane_x7_examples/pick_and_place
-- Set runtime path of "/workspace/ros2_ws/install/crane_x7_examples/lib/crane_x7_examples/pick_and_place" to ""
-- Installing: /workspace/ros2_ws/install/crane_x7_examples/lib/crane_x7_examples/pick_and_place_tf
-- Set runtime path of "/workspace/ros2_ws/install/crane_x7_examples/lib/crane_x7_examples/pick_and_place_tf" to ""
-- Installing: /workspace/ros2_ws/install/crane_x7_examples/lib/crane_x7_examples/aruco_detection
-- Set runtime path of "/workspace/ros2_ws/install/crane_x7_examples/lib/crane_x7_examples/aruco_detection" to ""
-- Installing: /workspace/ros2_ws/install/crane_x7_examples/lib/crane_x7_examples/color_detection
-- Set runtime path of "/workspace/ros2_ws/install/crane_x7_examples/lib/crane_x7_examples/color_detection" to ""
-- Installing: /workspace/ros2_ws/install/crane_x7_examples/lib/crane_x7_examples/point_cloud_detection
-- Set runtime path of "/workspace/ros2_ws/install/crane_x7_examples/lib/crane_x7_examples/point_cloud_detection" to ""
-- Installing: /workspace/ros2_ws/install/crane_x7_examples/share/crane_x7_examples//launch
-- Installing: /workspace/ros2_ws/install/crane_x7_examples/share/crane_x7_examples//launch/camera_example.rviz
-- Installing: /workspace/ros2_ws/install/crane_x7_examples/share/crane_x7_examples//launch/demo.launch.py
-- Installing: /workspace/ros2_ws/install/crane_x7_examples/share/crane_x7_examples//launch/example.launch.py
-- Installing: /workspace/ros2_ws/install/crane_x7_examples/share/crane_x7_examples//launch/camera_example.launch.py
-- Installing: /workspace/ros2_ws/install/crane_x7_examples/share/ament_index/resource_index/package_run_dependencies/crane_x7_examples
-- Installing: /workspace/ros2_ws/install/crane_x7_examples/share/ament_index/resource_index/parent_prefix_path/crane_x7_examples
-- Installing: /workspace/ros2_ws/install/crane_x7_examples/share/crane_x7_examples/environment/ament_prefix_path.sh
-- Installing: /workspace/ros2_ws/install/crane_x7_examples/share/crane_x7_examples/environment/ament_prefix_path.dsv
-- Installing: /workspace/ros2_ws/install/crane_x7_examples/share/crane_x7_examples/environment/path.sh
-- Installing: /workspace/ros2_ws/install/crane_x7_examples/share/crane_x7_examples/environment/path.dsv
-- Installing: /workspace/ros2_ws/install/crane_x7_examples/share/crane_x7_examples/local_setup.bash
-- Installing: /workspace/ros2_ws/install/crane_x7_examples/share/crane_x7_examples/local_setup.sh
-- Installing: /workspace/ros2_ws/install/crane_x7_examples/share/crane_x7_examples/local_setup.zsh
-- Installing: /workspace/ros2_ws/install/crane_x7_examples/share/crane_x7_examples/local_setup.dsv
-- Installing: /workspace/ros2_ws/install/crane_x7_examples/share/crane_x7_examples/package.dsv
-- Installing: /workspace/ros2_ws/install/crane_x7_examples/share/ament_index/resource_index/packages/crane_x7_examples
-- Installing: /workspace/ros2_ws/install/crane_x7_examples/share/crane_x7_examples/cmake/crane_x7_examplesConfig.cmake
-- Installing: /workspace/ros2_ws/install/crane_x7_examples/share/crane_x7_examples/cmake/crane_x7_examplesConfig-version.cmake
-- Installing: /workspace/ros2_ws/install/crane_x7_examples/share/crane_x7_examples/package.xml
