[0.053s] Invoking command in '/workspace/ros2_ws/build/crane_x7_description': CMAKE_PREFIX_PATH=${CMAKE_PREFIX_PATH}:/opt/ros/humble:/workspace/ros2_camera_ws/install/puck_detection /usr/bin/cmake /workspace/ros2_ws/src/crane_x7_description -DCMAKE_INSTALL_PREFIX=/workspace/ros2_ws/install/crane_x7_description
[0.252s] -- The C compiler identification is GNU 11.4.0
[0.434s] -- The CXX compiler identification is GNU 11.4.0
[0.461s] -- Detecting C compiler ABI info
[0.676s] -- Detecting C compiler ABI info - done
[0.716s] -- Check for working C compiler: /usr/bin/cc - skipped
[0.716s] -- Detecting C compile features
[0.717s] -- Detecting C compile features - done
[0.728s] -- Detecting CXX compiler ABI info
[0.984s] -- Detecting CXX compiler ABI info - done
[1.018s] -- Check for working CXX compiler: /usr/bin/c++ - skipped
[1.019s] -- Detecting CXX compile features
[1.020s] -- Detecting CXX compile features - done
[1.030s] -- Found ament_cmake: 1.3.11 (/opt/ros/humble/share/ament_cmake/cmake)
[1.581s] -- Found Python3: /usr/bin/python3 (found version "3.10.12") found components: Interpreter 
[2.266s] -- Found ament_lint_auto: 0.12.12 (/opt/ros/humble/share/ament_lint_auto/cmake)
[3.576s] -- Added test 'flake8' to check Python code syntax and style conventions
[3.581s] -- Added test 'lint_cmake' to check CMake code style
[3.583s] -- Added test 'pep257' to check Python code against some of the docstring style conventions in PEP 257
[3.596s] -- Added test 'xmllint' to check XML markup files
[3.599s] -- Configuring done
[3.607s] -- Generating done
[3.613s] -- Build files have been written to: /workspace/ros2_ws/build/crane_x7_description
[3.628s] Invoked command in '/workspace/ros2_ws/build/crane_x7_description' returned '0': CMAKE_PREFIX_PATH=${CMAKE_PREFIX_PATH}:/opt/ros/humble:/workspace/ros2_camera_ws/install/puck_detection /usr/bin/cmake /workspace/ros2_ws/src/crane_x7_description -DCMAKE_INSTALL_PREFIX=/workspace/ros2_ws/install/crane_x7_description
[3.631s] Invoking command in '/workspace/ros2_ws/build/crane_x7_description': CMAKE_PREFIX_PATH=${CMAKE_PREFIX_PATH}:/opt/ros/humble:/workspace/ros2_camera_ws/install/puck_detection /usr/bin/cmake --build /workspace/ros2_ws/build/crane_x7_description -- -j16 -l16
[3.780s] Built target ament_cmake_python_copy_crane_x7_description
[4.554s] running egg_info
[4.556s] creating crane_x7_description.egg-info
[4.557s] writing crane_x7_description.egg-info/PKG-INFO
[4.557s] writing dependency_links to crane_x7_description.egg-info/dependency_links.txt
[4.558s] writing top-level names to crane_x7_description.egg-info/top_level.txt
[4.558s] writing manifest file 'crane_x7_description.egg-info/SOURCES.txt'
[4.565s] reading manifest file 'crane_x7_description.egg-info/SOURCES.txt'
[4.567s] writing manifest file 'crane_x7_description.egg-info/SOURCES.txt'
[4.637s] Built target ament_cmake_python_build_crane_x7_description_egg
[4.663s] Invoked command in '/workspace/ros2_ws/build/crane_x7_description' returned '0': CMAKE_PREFIX_PATH=${CMAKE_PREFIX_PATH}:/opt/ros/humble:/workspace/ros2_camera_ws/install/puck_detection /usr/bin/cmake --build /workspace/ros2_ws/build/crane_x7_description -- -j16 -l16
[4.667s] Invoking command in '/workspace/ros2_ws/build/crane_x7_description': CMAKE_PREFIX_PATH=${CMAKE_PREFIX_PATH}:/opt/ros/humble:/workspace/ros2_camera_ws/install/puck_detection /usr/bin/cmake --install /workspace/ros2_ws/build/crane_x7_description
[4.690s] -- Install configuration: ""
[4.690s] -- Installing: /workspace/ros2_ws/install/crane_x7_description/share/crane_x7_description//config
[4.691s] -- Installing: /workspace/ros2_ws/install/crane_x7_description/share/crane_x7_description//config/dummy_controllers.yaml
[4.691s] -- Installing: /workspace/ros2_ws/install/crane_x7_description/share/crane_x7_description//launch
[4.692s] -- Installing: /workspace/ros2_ws/install/crane_x7_description/share/crane_x7_description//launch/display.launch.py
[4.692s] -- Installing: /workspace/ros2_ws/install/crane_x7_description/share/crane_x7_description//launch/display.rviz
[4.692s] -- Installing: /workspace/ros2_ws/install/crane_x7_description/share/crane_x7_description//meshes
[4.693s] -- Installing: /workspace/ros2_ws/install/crane_x7_description/share/crane_x7_description//meshes/visual
[4.693s] -- Installing: /workspace/ros2_ws/install/crane_x7_description/share/crane_x7_description//meshes/visual/wide_two_finger_gripper_finger_a.stl
[4.693s] -- Installing: /workspace/ros2_ws/install/crane_x7_description/share/crane_x7_description//meshes/visual/base_fixed_part.stl
[4.695s] -- Installing: /workspace/ros2_ws/install/crane_x7_description/share/crane_x7_description//meshes/visual/wide_two_finger_gripper_actuator.stl
[4.697s] -- Installing: /workspace/ros2_ws/install/crane_x7_description/share/crane_x7_description//meshes/visual/mounting_plate.stl
[4.698s] -- Installing: /workspace/ros2_ws/install/crane_x7_description/share/crane_x7_description//meshes/visual/rotating_link_type_1_fixed_part.stl
[4.701s] -- Installing: /workspace/ros2_ws/install/crane_x7_description/share/crane_x7_description//meshes/visual/wide_two_finger_gripper_finger_b.stl
[4.702s] -- Installing: /workspace/ros2_ws/install/crane_x7_description/share/crane_x7_description//meshes/visual/base_revolute_part.stl
[4.703s] -- Installing: /workspace/ros2_ws/install/crane_x7_description/share/crane_x7_description//meshes/visual/rotating_link_type_1_revolute_part.stl
[4.705s] -- Installing: /workspace/ros2_ws/install/crane_x7_description/share/crane_x7_description//meshes/visual/rtcorp_logo_rabbit.stl
[4.706s] -- Installing: /workspace/ros2_ws/install/crane_x7_description/share/crane_x7_description//meshes/visual/rtcorp_logo_name.stl
[4.706s] -- Installing: /workspace/ros2_ws/install/crane_x7_description/share/crane_x7_description//meshes/visual/wrist.stl
[4.709s] -- Installing: /workspace/ros2_ws/install/crane_x7_description/share/crane_x7_description//meshes/visual/rotating_link_type_2_revolute_part.stl
[4.715s] -- Installing: /workspace/ros2_ws/install/crane_x7_description/share/crane_x7_description//meshes/visual/rotating_link_type_2_fixed_part.stl
[4.717s] -- Installing: /workspace/ros2_ws/install/crane_x7_description/share/crane_x7_description//meshes/visual/joint_cover.stl
[4.717s] -- Installing: /workspace/ros2_ws/install/crane_x7_description/share/crane_x7_description//meshes/collision
[4.718s] -- Installing: /workspace/ros2_ws/install/crane_x7_description/share/crane_x7_description//meshes/collision/rotating_link_type_2_fixed_part.skp
[4.727s] -- Installing: /workspace/ros2_ws/install/crane_x7_description/share/crane_x7_description//meshes/collision/wide_two_finger_gripper_actuator.skp
[4.730s] -- Installing: /workspace/ros2_ws/install/crane_x7_description/share/crane_x7_description//meshes/collision/wide_two_finger_gripper_finger_a.skp
[4.731s] -- Installing: /workspace/ros2_ws/install/crane_x7_description/share/crane_x7_description//meshes/collision/wide_two_finger_gripper_finger_a.stl
[4.731s] -- Installing: /workspace/ros2_ws/install/crane_x7_description/share/crane_x7_description//meshes/collision/wrist.skp
[4.737s] -- Installing: /workspace/ros2_ws/install/crane_x7_description/share/crane_x7_description//meshes/collision/base_fixed_part.stl
[4.737s] -- Installing: /workspace/ros2_ws/install/crane_x7_description/share/crane_x7_description//meshes/collision/wide_two_finger_gripper_actuator.stl
[4.737s] -- Installing: /workspace/ros2_ws/install/crane_x7_description/share/crane_x7_description//meshes/collision/rotating_link_type_1_fixed_part.skp
[4.749s] -- Installing: /workspace/ros2_ws/install/crane_x7_description/share/crane_x7_description//meshes/collision/mounting_plate.stl
[4.749s] -- Installing: /workspace/ros2_ws/install/crane_x7_description/share/crane_x7_description//meshes/collision/rotating_link_type_1_fixed_part.stl
[4.750s] -- Installing: /workspace/ros2_ws/install/crane_x7_description/share/crane_x7_description//meshes/collision/wide_two_finger_gripper_finger_b.stl
[4.750s] -- Installing: /workspace/ros2_ws/install/crane_x7_description/share/crane_x7_description//meshes/collision/rotating_link_type_1_revolute_part.stl
[4.750s] -- Installing: /workspace/ros2_ws/install/crane_x7_description/share/crane_x7_description//meshes/collision/base_fixed_part.skp
[4.756s] -- Installing: /workspace/ros2_ws/install/crane_x7_description/share/crane_x7_description//meshes/collision/rotating_link_type_2_revolute_part.skp
[4.766s] -- Installing: /workspace/ros2_ws/install/crane_x7_description/share/crane_x7_description//meshes/collision/wrist.stl
[4.766s] -- Installing: /workspace/ros2_ws/install/crane_x7_description/share/crane_x7_description//meshes/collision/rotating_link_type_2_revolute_part.stl
[4.766s] -- Installing: /workspace/ros2_ws/install/crane_x7_description/share/crane_x7_description//meshes/collision/rotating_link_type_2_fixed_part.stl
[4.767s] -- Installing: /workspace/ros2_ws/install/crane_x7_description/share/crane_x7_description//meshes/collision/wide_two_finger_gripper_finger_b.skp
[4.767s] -- Installing: /workspace/ros2_ws/install/crane_x7_description/share/crane_x7_description//meshes/collision/rotating_link_type_1_revolute_part.skp
[4.774s] -- Installing: /workspace/ros2_ws/install/crane_x7_description/share/crane_x7_description//meshes/collision/mounting_plate.skp
[4.774s] -- Installing: /workspace/ros2_ws/install/crane_x7_description/share/crane_x7_description//urdf
[4.775s] -- Installing: /workspace/ros2_ws/install/crane_x7_description/share/crane_x7_description//urdf/crane_x7_arm.xacro
[4.775s] -- Installing: /workspace/ros2_ws/install/crane_x7_description/share/crane_x7_description//urdf/crane_x7.gazebo.xacro
[4.775s] -- Installing: /workspace/ros2_ws/install/crane_x7_description/share/crane_x7_description//urdf/crane_x7.ros2_control.xacro
[4.775s] -- Installing: /workspace/ros2_ws/install/crane_x7_description/share/crane_x7_description//urdf/crane_x7.gazebo_ros2_control.xacro
[4.775s] -- Installing: /workspace/ros2_ws/install/crane_x7_description/share/crane_x7_description//urdf/crane_x7.xacro
[4.776s] -- Installing: /workspace/ros2_ws/install/crane_x7_description/share/crane_x7_description//urdf/crane_x7_wide_two_finger_gripper.xacro
[4.776s] -- Installing: /workspace/ros2_ws/install/crane_x7_description/share/crane_x7_description//urdf/crane_x7_mounting_plate.xacro
[4.776s] -- Installing: /workspace/ros2_ws/install/crane_x7_description/share/crane_x7_description//urdf/crane_x7_rt_logos.xacro
[4.777s] -- Installing: /workspace/ros2_ws/install/crane_x7_description/share/crane_x7_description//urdf/crane_x7.urdf.xacro
[4.777s] -- Installing: /workspace/ros2_ws/install/crane_x7_description/share/crane_x7_description/environment/pythonpath.sh
[4.777s] -- Installing: /workspace/ros2_ws/install/crane_x7_description/share/crane_x7_description/environment/pythonpath.dsv
[4.778s] -- Installing: /workspace/ros2_ws/install/crane_x7_description/local/lib/python3.10/dist-packages/crane_x7_description-3.0.0-py3.10.egg-info
[4.778s] -- Installing: /workspace/ros2_ws/install/crane_x7_description/local/lib/python3.10/dist-packages/crane_x7_description-3.0.0-py3.10.egg-info/dependency_links.txt
[4.779s] -- Installing: /workspace/ros2_ws/install/crane_x7_description/local/lib/python3.10/dist-packages/crane_x7_description-3.0.0-py3.10.egg-info/PKG-INFO
[4.779s] -- Installing: /workspace/ros2_ws/install/crane_x7_description/local/lib/python3.10/dist-packages/crane_x7_description-3.0.0-py3.10.egg-info/top_level.txt
[4.779s] -- Installing: /workspace/ros2_ws/install/crane_x7_description/local/lib/python3.10/dist-packages/crane_x7_description-3.0.0-py3.10.egg-info/SOURCES.txt
[4.779s] -- Installing: /workspace/ros2_ws/install/crane_x7_description/local/lib/python3.10/dist-packages/crane_x7_description
[4.780s] -- Installing: /workspace/ros2_ws/install/crane_x7_description/local/lib/python3.10/dist-packages/crane_x7_description/__init__.py
[4.780s] -- Installing: /workspace/ros2_ws/install/crane_x7_description/local/lib/python3.10/dist-packages/crane_x7_description/robot_description_loader.py
[4.886s] Listing '/workspace/ros2_ws/install/crane_x7_description/local/lib/python3.10/dist-packages/crane_x7_description'...
[4.886s] Compiling '/workspace/ros2_ws/install/crane_x7_description/local/lib/python3.10/dist-packages/crane_x7_description/__init__.py'...
[4.887s] Compiling '/workspace/ros2_ws/install/crane_x7_description/local/lib/python3.10/dist-packages/crane_x7_description/robot_description_loader.py'...
[4.899s] -- Installing: /workspace/ros2_ws/install/crane_x7_description/lib/crane_x7_description/robot_description_loader.py
[4.900s] -- Installing: /workspace/ros2_ws/install/crane_x7_description/share/ament_index/resource_index/package_run_dependencies/crane_x7_description
[4.900s] -- Installing: /workspace/ros2_ws/install/crane_x7_description/share/ament_index/resource_index/parent_prefix_path/crane_x7_description
[4.900s] -- Installing: /workspace/ros2_ws/install/crane_x7_description/share/crane_x7_description/environment/ament_prefix_path.sh
[4.901s] -- Installing: /workspace/ros2_ws/install/crane_x7_description/share/crane_x7_description/environment/ament_prefix_path.dsv
[4.901s] -- Installing: /workspace/ros2_ws/install/crane_x7_description/share/crane_x7_description/environment/path.sh
[4.901s] -- Installing: /workspace/ros2_ws/install/crane_x7_description/share/crane_x7_description/environment/path.dsv
[4.901s] -- Installing: /workspace/ros2_ws/install/crane_x7_description/share/crane_x7_description/local_setup.bash
[4.901s] -- Installing: /workspace/ros2_ws/install/crane_x7_description/share/crane_x7_description/local_setup.sh
[4.902s] -- Installing: /workspace/ros2_ws/install/crane_x7_description/share/crane_x7_description/local_setup.zsh
[4.902s] -- Installing: /workspace/ros2_ws/install/crane_x7_description/share/crane_x7_description/local_setup.dsv
[4.902s] -- Installing: /workspace/ros2_ws/install/crane_x7_description/share/crane_x7_description/package.dsv
[4.903s] -- Installing: /workspace/ros2_ws/install/crane_x7_description/share/ament_index/resource_index/packages/crane_x7_description
[4.903s] -- Installing: /workspace/ros2_ws/install/crane_x7_description/share/crane_x7_description/cmake/crane_x7_descriptionConfig.cmake
[4.903s] -- Installing: /workspace/ros2_ws/install/crane_x7_description/share/crane_x7_description/cmake/crane_x7_descriptionConfig-version.cmake
[4.903s] -- Installing: /workspace/ros2_ws/install/crane_x7_description/share/crane_x7_description/package.xml
[4.909s] Invoked command in '/workspace/ros2_ws/build/crane_x7_description' returned '0': CMAKE_PREFIX_PATH=${CMAKE_PREFIX_PATH}:/opt/ros/humble:/workspace/ros2_camera_ws/install/puck_detection /usr/bin/cmake --install /workspace/ros2_ws/build/crane_x7_description
